(base) C:\Users\susan.farago>cd "C:\Users\susan.farago\PythonHome\project-2"

(base) C:\Users\susan.farago\PythonHome\project-2>conda actviate project_2

CommandNotFoundError: No command 'conda actviate'.
Did you mean 'conda activate'?


(base) C:\Users\susan.farago\PythonHome\project-2>conda activate project_2

(project_2) C:\Users\susan.farago\PythonHome\project-2>pip freeze
certifi==2020.12.5
wincertstore==0.2

(project_2) C:\Users\susan.farago\PythonHome\project-2>python app.py
Traceback (most recent call last):
  File "app.py", line 1, in <module>
    from flask import Flask, render_template, redirect, jsonify, request
ModuleNotFoundError: No module named 'flask'

(project_2) C:\Users\susan.farago\PythonHome\project-2>pip install flask
Collecting flask
  Downloading Flask-1.1.2-py2.py3-none-any.whl (94 kB)
     |████████████████████████████████| 94 kB 2.2 MB/s
Collecting click>=5.1
  Downloading click-7.1.2-py2.py3-none-any.whl (82 kB)
     |████████████████████████████████| 82 kB 5.8 MB/s
Collecting Jinja2>=2.10.1
  Downloading Jinja2-2.11.3-py2.py3-none-any.whl (125 kB)
     |████████████████████████████████| 125 kB 1.7 MB/s
Collecting itsdangerous>=0.24
  Downloading itsdangerous-1.1.0-py2.py3-none-any.whl (16 kB)
Collecting Werkzeug>=0.15
  Downloading Werkzeug-1.0.1-py2.py3-none-any.whl (298 kB)
     |████████████████████████████████| 298 kB 1.6 MB/s
Collecting MarkupSafe>=0.23
  Downloading MarkupSafe-1.1.1-cp36-cp36m-win_amd64.whl (16 kB)
Installing collected packages: MarkupSafe, Werkzeug, Jinja2, itsdangerous, click, flask
Successfully installed Jinja2-2.11.3 MarkupSafe-1.1.1 Werkzeug-1.0.1 click-7.1.2 flask-1.1.2 itsdangerous-1.1.0

(project_2) C:\Users\susan.farago\PythonHome\project-2>pip freeze
certifi==2020.12.5
click==7.1.2
Flask==1.1.2
itsdangerous==1.1.0
Jinja2==2.11.3
MarkupSafe==1.1.1
Werkzeug==1.0.1
wincertstore==0.2

(project_2) C:\Users\susan.farago\PythonHome\project-2>pip install sqlalchemy
Collecting sqlalchemy
  Downloading SQLAlchemy-1.4.10-cp36-cp36m-win_amd64.whl (1.5 MB)
     |████████████████████████████████| 1.5 MB 2.2 MB/s
Collecting importlib-metadata
  Downloading importlib_metadata-4.0.1-py3-none-any.whl (16 kB)
Collecting greenlet!=0.4.17
  Downloading greenlet-1.0.0-cp36-cp36m-win_amd64.whl (95 kB)
     |████████████████████████████████| 95 kB 6.4 MB/s
Collecting zipp>=0.5
  Downloading zipp-3.4.1-py3-none-any.whl (5.2 kB)
Collecting typing-extensions>=3.6.4
  Downloading typing_extensions-3.7.4.3-py3-none-any.whl (22 kB)
Installing collected packages: zipp, typing-extensions, importlib-metadata, greenlet, sqlalchemy
Successfully installed greenlet-1.0.0 importlib-metadata-4.0.1 sqlalchemy-1.4.10 typing-extensions-3.7.4.3 zipp-3.4.1

(project_2) C:\Users\susan.farago\PythonHome\project-2>pip install flask_cors
Collecting flask_cors
  Using cached Flask_Cors-3.0.10-py2.py3-none-any.whl (14 kB)
Collecting Six
  Downloading six-1.15.0-py2.py3-none-any.whl (10 kB)
Requirement already satisfied: Flask>=0.9 in c:\users\susan.farago\anaconda3\envs\project_2\lib\site-packages (from flask_cors) (1.1.2)
Requirement already satisfied: click>=5.1 in c:\users\susan.farago\anaconda3\envs\project_2\lib\site-packages (from Flask>=0.9->flask_cors) (7.1.2)
Requirement already satisfied: itsdangerous>=0.24 in c:\users\susan.farago\anaconda3\envs\project_2\lib\site-packages (from Flask>=0.9->flask_cors) (1.1.0)
Requirement already satisfied: Jinja2>=2.10.1 in c:\users\susan.farago\anaconda3\envs\project_2\lib\site-packages (from Flask>=0.9->flask_cors) (2.11.3)
Requirement already satisfied: Werkzeug>=0.15 in c:\users\susan.farago\anaconda3\envs\project_2\lib\site-packages (from Flask>=0.9->flask_cors) (1.0.1)
Requirement already satisfied: MarkupSafe>=0.23 in c:\users\susan.farago\anaconda3\envs\project_2\lib\site-packages (from Jinja2>=2.10.1->Flask>=0.9->flask_cors) (1.1.1)
Installing collected packages: Six, flask-cors
Successfully installed Six-1.15.0 flask-cors-3.0.10

(project_2) C:\Users\susan.farago\PythonHome\project-2>pip install psycopg2
Collecting psycopg2
  Downloading psycopg2-2.8.6-cp36-cp36m-win_amd64.whl (1.1 MB)
     |████████████████████████████████| 1.1 MB 2.2 MB/s
Installing collected packages: psycopg2
Successfully installed psycopg2-2.8.6

(project_2) C:\Users\susan.farago\PythonHome\project-2>pip install flask_sqlalchemy
Collecting flask_sqlalchemy
  Using cached Flask_SQLAlchemy-2.5.1-py2.py3-none-any.whl (17 kB)
Requirement already satisfied: Flask>=0.10 in c:\users\susan.farago\anaconda3\envs\project_2\lib\site-packages (from flask_sqlalchemy) (1.1.2)
Requirement already satisfied: SQLAlchemy>=0.8.0 in c:\users\susan.farago\anaconda3\envs\project_2\lib\site-packages (from flask_sqlalchemy) (1.4.10)
Requirement already satisfied: click>=5.1 in c:\users\susan.farago\anaconda3\envs\project_2\lib\site-packages (from Flask>=0.10->flask_sqlalchemy) (7.1.2)
Requirement already satisfied: itsdangerous>=0.24 in c:\users\susan.farago\anaconda3\envs\project_2\lib\site-packages (from Flask>=0.10->flask_sqlalchemy) (1.1.0)
Requirement already satisfied: Jinja2>=2.10.1 in c:\users\susan.farago\anaconda3\envs\project_2\lib\site-packages (from Flask>=0.10->flask_sqlalchemy) (2.11.3)
Requirement already satisfied: Werkzeug>=0.15 in c:\users\susan.farago\anaconda3\envs\project_2\lib\site-packages (from Flask>=0.10->flask_sqlalchemy) (1.0.1)
Requirement already satisfied: MarkupSafe>=0.23 in c:\users\susan.farago\anaconda3\envs\project_2\lib\site-packages (from Jinja2>=2.10.1->Flask>=0.10->flask_sqlalchemy) (1.1.1)
Requirement already satisfied: importlib-metadata in c:\users\susan.farago\anaconda3\envs\project_2\lib\site-packages (from SQLAlchemy>=0.8.0->flask_sqlalchemy) (4.0.1)
Requirement already satisfied: greenlet!=0.4.17 in c:\users\susan.farago\anaconda3\envs\project_2\lib\site-packages (from SQLAlchemy>=0.8.0->flask_sqlalchemy) (1.0.0)
Requirement already satisfied: typing-extensions>=3.6.4 in c:\users\susan.farago\anaconda3\envs\project_2\lib\site-packages (from importlib-metadata->SQLAlchemy>=0.8.0->flask_sqlalchemy) (3.7.4.3)
Requirement already satisfied: zipp>=0.5 in c:\users\susan.farago\anaconda3\envs\project_2\lib\site-packages (from importlib-metadata->SQLAlchemy>=0.8.0->flask_sqlalchemy) (3.4.1)
Installing collected packages: flask-sqlalchemy
Successfully installed flask-sqlalchemy-2.5.1

(project_2) C:\Users\susan.farago\PythonHome\project-2>pip freeze
certifi==2020.12.5
click==7.1.2
Flask==1.1.2
Flask-Cors==3.0.10
Flask-SQLAlchemy==2.5.1
greenlet==1.0.0
importlib-metadata==4.0.1
itsdangerous==1.1.0
Jinja2==2.11.3
MarkupSafe==1.1.1
psycopg2==2.8.6
six==1.15.0
SQLAlchemy==1.4.10
typing-extensions==3.7.4.3
Werkzeug==1.0.1
wincertstore==0.2
zipp==3.4.1

(project_2) C:\Users\susan.farago\PythonHome\project-2>python app.py
Traceback (most recent call last):
  File "app.py", line 4, in <module>
    import numpy as np
ModuleNotFoundError: No module named 'numpy'

(project_2) C:\Users\susan.farago\PythonHome\project-2>pip install numpy
Collecting numpy
  Downloading numpy-1.19.5-cp36-cp36m-win_amd64.whl (13.2 MB)
     |████████████████████████████████| 13.2 MB 6.4 MB/s
Installing collected packages: numpy
Successfully installed numpy-1.19.5

(project_2) C:\Users\susan.farago\PythonHome\project-2>pip install pandas
Collecting pandas
  Downloading pandas-1.1.5-cp36-cp36m-win_amd64.whl (8.7 MB)
     |████████████████████████████████| 8.7 MB 3.3 MB/s
Collecting python-dateutil>=2.7.3
  Downloading python_dateutil-2.8.1-py2.py3-none-any.whl (227 kB)
     |████████████████████████████████| 227 kB 6.4 MB/s
Requirement already satisfied: numpy>=1.15.4 in c:\users\susan.farago\anaconda3\envs\project_2\lib\site-packages (from pandas) (1.19.5)
Collecting pytz>=2017.2
  Downloading pytz-2021.1-py2.py3-none-any.whl (510 kB)
     |████████████████████████████████| 510 kB 6.4 MB/s
Requirement already satisfied: six>=1.5 in c:\users\susan.farago\anaconda3\envs\project_2\lib\site-packages (from python-dateutil>=2.7.3->pandas) (1.15.0)
Installing collected packages: pytz, python-dateutil, pandas
Successfully installed pandas-1.1.5 python-dateutil-2.8.1 pytz-2021.1

(project_2) C:\Users\susan.farago\PythonHome\project-2>pip uninstall pandas
Found existing installation: pandas 1.1.5
Uninstalling pandas-1.1.5:
  Would remove:
    c:\users\susan.farago\anaconda3\envs\project_2\lib\site-packages\pandas-1.1.5.dist-info\*
    c:\users\susan.farago\anaconda3\envs\project_2\lib\site-packages\pandas\*
Proceed (y/n)? y
  Successfully uninstalled pandas-1.1.5

(project_2) C:\Users\susan.farago\PythonHome\project-2>pip uninstall numpy
Found existing installation: numpy 1.19.5
Uninstalling numpy-1.19.5:
  Would remove:
    c:\users\susan.farago\anaconda3\envs\project_2\lib\site-packages\numpy-1.19.5.dist-info\*
    c:\users\susan.farago\anaconda3\envs\project_2\lib\site-packages\numpy\*
    c:\users\susan.farago\anaconda3\envs\project_2\scripts\f2py.exe
Proceed (y/n)? y
  Successfully uninstalled numpy-1.19.5

(project_2) C:\Users\susan.farago\PythonHome\project-2>pip install numpy
Collecting numpy
  Using cached numpy-1.19.5-cp36-cp36m-win_amd64.whl (13.2 MB)
Installing collected packages: numpy
Successfully installed numpy-1.19.5

(project_2) C:\Users\susan.farago\PythonHome\project-2>pip install gunicorn
Collecting gunicorn
  Downloading gunicorn-20.1.0.tar.gz (370 kB)
     |████████████████████████████████| 370 kB 2.2 MB/s
Requirement already satisfied: setuptools>=3.0 in c:\users\susan.farago\anaconda3\envs\project_2\lib\site-packages (from gunicorn) (52.0.0.post20210125)
Building wheels for collected packages: gunicorn
  Building wheel for gunicorn (setup.py) ... done
  Created wheel for gunicorn: filename=gunicorn-20.1.0-py3-none-any.whl size=78917 sha256=e09c2e136de4d3821c20b625bbb8972a211309f3d23b09d7adbd1d10138ff0e8
  Stored in directory: c:\users\susan.farago\appdata\local\pip\cache\wheels\9a\86\37\cad4bc71746b420e17c4eb0f5c41cf7b5e653c1fdbda27d198
Successfully built gunicorn
Installing collected packages: gunicorn
Successfully installed gunicorn-20.1.0

(project_2) C:\Users\susan.farago\PythonHome\project-2>git status
On branch main
Your branch is up to date with 'origin/main'.

nothing to commit, working tree clean

(project_2) C:\Users\susan.farago\PythonHome\project-2>vim Procfile
'vim' is not recognized as an internal or external command,
operable program or batch file.

(project_2) C:\Users\susan.farago\PythonHome\project-2>echo "web: gunicorn app:app" > Procfile

(project_2) C:\Users\susan.farago\PythonHome\project-2>git status
On branch main
Your branch is up to date with 'origin/main'.

Untracked files:
  (use "git add <file>..." to include in what will be committed)
        Procfile

nothing added to commit but untracked files present (use "git add" to track)

(project_2) C:\Users\susan.farago\PythonHome\project-2>pip freeze > requirements.txt

(project_2) C:\Users\susan.farago\PythonHome\project-2>git status
On branch main
Your branch is up to date with 'origin/main'.

Untracked files:
  (use "git add <file>..." to include in what will be committed)
        Procfile
        requirements.txt

nothing added to commit but untracked files present (use "git add" to track)

(project_2) C:\Users\susan.farago\PythonHome\project-2>git add .

(project_2) C:\Users\susan.farago\PythonHome\project-2>git commit -m 'added Heroku configs'
error: pathspec 'Heroku' did not match any file(s) known to git
error: pathspec 'configs'' did not match any file(s) known to git

(project_2) C:\Users\susan.farago\PythonHome\project-2>git push
Everything up-to-date

(project_2) C:\Users\susan.farago\PythonHome\project-2>git branch
* main

(project_2) C:\Users\susan.farago\PythonHome\project-2>git commit -m "added Heroku configs"
[main 260b711] added Heroku configs
 2 files changed, 22 insertions(+)
 create mode 100644 Procfile
 create mode 100644 requirements.txt

(project_2) C:\Users\susan.farago\PythonHome\project-2>git push
Enumerating objects: 5, done.
Counting objects: 100% (5/5), done.
Delta compression using up to 8 threads
Compressing objects: 100% (3/3), done.
Writing objects: 100% (4/4), 594 bytes | 297.00 KiB/s, done.
Total 4 (delta 1), reused 0 (delta 0), pack-reused 0
remote: Resolving deltas: 100% (1/1), completed with 1 local object.
To https://github.com/econway0321/project-2.git
   6bdf170..260b711  main -> main

(project_2) C:\Users\susan.farago\PythonHome\project-2>git add .

(project_2) C:\Users\susan.farago\PythonHome\project-2>git commit -m "updated environment variables"
[main 9f9ee54] updated environment variables
 1 file changed, 13 insertions(+), 9 deletions(-)

(project_2) C:\Users\susan.farago\PythonHome\project-2>git push
Enumerating objects: 5, done.
Counting objects: 100% (5/5), done.
Delta compression using up to 8 threads
Compressing objects: 100% (3/3), done.
Writing objects: 100% (3/3), 463 bytes | 463.00 KiB/s, done.
Total 3 (delta 2), reused 0 (delta 0), pack-reused 0
remote: Resolving deltas: 100% (2/2), completed with 2 local objects.
To https://github.com/econway0321/project-2.git
   260b711..9f9ee54  main -> main

(project_2) C:\Users\susan.farago\PythonHome\project-2>git add .

(project_2) C:\Users\susan.farago\PythonHome\project-2>git commit -m "updated os.environ.get"
[main 7d53eab] updated os.environ.get
 1 file changed, 1 insertion(+), 1 deletion(-)

(project_2) C:\Users\susan.farago\PythonHome\project-2>git push
Enumerating objects: 5, done.
Counting objects: 100% (5/5), done.
Delta compression using up to 8 threads
Compressing objects: 100% (3/3), done.
Writing objects: 100% (3/3), 298 bytes | 149.00 KiB/s, done.
Total 3 (delta 2), reused 0 (delta 0), pack-reused 0
remote: Resolving deltas: 100% (2/2), completed with 2 local objects.
To https://github.com/econway0321/project-2.git
   9f9ee54..7d53eab  main -> main

(project_2) C:\Users\susan.farago\PythonHome\project-2>git pull
Already up to date.

(project_2) C:\Users\susan.farago\PythonHome\project-2>python app.py
Traceback (most recent call last):
  File "app.py", line 5, in <module>
    import pandas as pd
ModuleNotFoundError: No module named 'pandas'

(project_2) C:\Users\susan.farago\PythonHome\project-2>python app.py
Traceback (most recent call last):
  File "app.py", line 19, in <module>
    engine=create_engine(os.environ.get('DATABASE_URL').replace('://', 'ql://'))
AttributeError: 'NoneType' object has no attribute 'replace'

(project_2) C:\Users\susan.farago\PythonHome\project-2>python app.py
 * Serving Flask app "app" (lazy loading)
 * Environment: production
   WARNING: This is a development server. Do not use it in a production deployment.
   Use a production WSGI server instead.
 * Debug mode: on
 * Restarting with stat
 * Debugger is active!
 * Debugger PIN: 205-448-837
 * Running on http://127.0.0.1:5000/ (Press CTRL+C to quit)
127.0.0.1 - - [21/Apr/2021 21:24:06] "←[37mGET / HTTP/1.1←[0m" 200 -
127.0.0.1 - - [21/Apr/2021 21:39:37] "←[35m←[1mGET /api/v1.0/nps_mvnp HTTP/1.1←[0m" 500 -
Traceback (most recent call last):
  File "C:\Users\susan.farago\anaconda3\envs\project_2\lib\site-packages\flask\app.py", line 2464, in __call__
    return self.wsgi_app(environ, start_response)
  File "C:\Users\susan.farago\anaconda3\envs\project_2\lib\site-packages\flask\app.py", line 2450, in wsgi_app
    response = self.handle_exception(e)
  File "C:\Users\susan.farago\anaconda3\envs\project_2\lib\site-packages\flask\app.py", line 1867, in handle_exception
    reraise(exc_type, exc_value, tb)
  File "C:\Users\susan.farago\anaconda3\envs\project_2\lib\site-packages\flask\_compat.py", line 39, in reraise
    raise value
  File "C:\Users\susan.farago\anaconda3\envs\project_2\lib\site-packages\flask\app.py", line 2447, in wsgi_app
    response = self.full_dispatch_request()
  File "C:\Users\susan.farago\anaconda3\envs\project_2\lib\site-packages\flask\app.py", line 1952, in full_dispatch_request
    rv = self.handle_user_exception(e)
  File "C:\Users\susan.farago\anaconda3\envs\project_2\lib\site-packages\flask\app.py", line 1821, in handle_user_exception
    reraise(exc_type, exc_value, tb)
  File "C:\Users\susan.farago\anaconda3\envs\project_2\lib\site-packages\flask\_compat.py", line 39, in reraise
    raise value
  File "C:\Users\susan.farago\anaconda3\envs\project_2\lib\site-packages\flask\app.py", line 1950, in full_dispatch_request
    rv = self.dispatch_request()
  File "C:\Users\susan.farago\anaconda3\envs\project_2\lib\site-packages\flask\app.py", line 1936, in dispatch_request
    return self.view_functions[rule.endpoint](**req.view_args)
  File "C:\Users\susan.farago\PythonHome\project-2\app.py", line 88, in nps_mvnp
    results = session.query(NPS_Summary.Park,NPS_Summary.Year,NPS_Summary.Month, NPS_Summary.Recreation_Visitors,NPS_Summary.Tent_Campers,NPS_Summary.RV_Campers )\
NameError: name 'NPS_Summary' is not defined
127.0.0.1 - - [21/Apr/2021 21:39:37] "←[35m←[1mGET /api/v1.0/nps_gsdnp HTTP/1.1←[0m" 500 -
Traceback (most recent call last):
  File "C:\Users\susan.farago\anaconda3\envs\project_2\lib\site-packages\flask\app.py", line 2464, in __call__
    return self.wsgi_app(environ, start_response)
  File "C:\Users\susan.farago\anaconda3\envs\project_2\lib\site-packages\flask\app.py", line 2450, in wsgi_app
    response = self.handle_exception(e)
  File "C:\Users\susan.farago\anaconda3\envs\project_2\lib\site-packages\flask\app.py", line 1867, in handle_exception
    reraise(exc_type, exc_value, tb)
  File "C:\Users\susan.farago\anaconda3\envs\project_2\lib\site-packages\flask\_compat.py", line 39, in reraise
    raise value
  File "C:\Users\susan.farago\anaconda3\envs\project_2\lib\site-packages\flask\app.py", line 2447, in wsgi_app
    response = self.full_dispatch_request()
  File "C:\Users\susan.farago\anaconda3\envs\project_2\lib\site-packages\flask\app.py", line 1952, in full_dispatch_request
    rv = self.handle_user_exception(e)
  File "C:\Users\susan.farago\anaconda3\envs\project_2\lib\site-packages\flask\app.py", line 1821, in handle_user_exception
    reraise(exc_type, exc_value, tb)
  File "C:\Users\susan.farago\anaconda3\envs\project_2\lib\site-packages\flask\_compat.py", line 39, in reraise
    raise value
  File "C:\Users\susan.farago\anaconda3\envs\project_2\lib\site-packages\flask\app.py", line 1950, in full_dispatch_request
    rv = self.dispatch_request()
  File "C:\Users\susan.farago\anaconda3\envs\project_2\lib\site-packages\flask\app.py", line 1936, in dispatch_request
    return self.view_functions[rule.endpoint](**req.view_args)
  File "C:\Users\susan.farago\PythonHome\project-2\app.py", line 113, in nps_gsdnp
    results = session.query(NPS_Summary.Park,NPS_Summary.Year,NPS_Summary.Month, NPS_Summary.Recreation_Visitors,NPS_Summary.Tent_Campers,NPS_Summary.RV_Campers )\
NameError: name 'NPS_Summary' is not defined
127.0.0.1 - - [21/Apr/2021 21:39:37] "←[35m←[1mGET /api/v1.0/nps_rmnp HTTP/1.1←[0m" 500 -
127.0.0.1 - - [21/Apr/2021 21:39:37] "←[35m←[1mGET /api/v1.0/nps_bcnp HTTP/1.1←[0m" 500 -
Traceback (most recent call last):
  File "C:\Users\susan.farago\anaconda3\envs\project_2\lib\site-packages\flask\app.py", line 2464, in __call__
    return self.wsgi_app(environ, start_response)
  File "C:\Users\susan.farago\anaconda3\envs\project_2\lib\site-packages\flask\app.py", line 2450, in wsgi_app
    response = self.handle_exception(e)
  File "C:\Users\susan.farago\anaconda3\envs\project_2\lib\site-packages\flask\app.py", line 1867, in handle_exception
    reraise(exc_type, exc_value, tb)
  File "C:\Users\susan.farago\anaconda3\envs\project_2\lib\site-packages\flask\_compat.py", line 39, in reraise
    raise value
  File "C:\Users\susan.farago\anaconda3\envs\project_2\lib\site-packages\flask\app.py", line 2447, in wsgi_app
    response = self.full_dispatch_request()
  File "C:\Users\susan.farago\anaconda3\envs\project_2\lib\site-packages\flask\app.py", line 1952, in full_dispatch_request
    rv = self.handle_user_exception(e)
  File "C:\Users\susan.farago\anaconda3\envs\project_2\lib\site-packages\flask\app.py", line 1821, in handle_user_exception
    reraise(exc_type, exc_value, tb)
  File "C:\Users\susan.farago\anaconda3\envs\project_2\lib\site-packages\flask\_compat.py", line 39, in reraise
    raise value
  File "C:\Users\susan.farago\anaconda3\envs\project_2\lib\site-packages\flask\app.py", line 1950, in full_dispatch_request
    rv = self.dispatch_request()
  File "C:\Users\susan.farago\anaconda3\envs\project_2\lib\site-packages\flask\app.py", line 1936, in dispatch_request
    return self.view_functions[rule.endpoint](**req.view_args)
  File "C:\Users\susan.farago\PythonHome\project-2\app.py", line 63, in nps_rmnp
    results = session.query(NPS_Summary.Park,NPS_Summary.Year,NPS_Summary.Month, NPS_Summary.Recreation_Visitors,NPS_Summary.Tent_Campers,NPS_Summary.RV_Campers )\
NameError: name 'NPS_Summary' is not defined
127.0.0.1 - - [21/Apr/2021 21:39:37] "←[35m←[1mGET /api/v1.0/geocode HTTP/1.1←[0m" 500 -
Traceback (most recent call last):
  File "C:\Users\susan.farago\anaconda3\envs\project_2\lib\site-packages\flask\app.py", line 2464, in __call__
    return self.wsgi_app(environ, start_response)
  File "C:\Users\susan.farago\anaconda3\envs\project_2\lib\site-packages\flask\app.py", line 2450, in wsgi_app
    response = self.handle_exception(e)
  File "C:\Users\susan.farago\anaconda3\envs\project_2\lib\site-packages\flask\app.py", line 1867, in handle_exception
    reraise(exc_type, exc_value, tb)
  File "C:\Users\susan.farago\anaconda3\envs\project_2\lib\site-packages\flask\_compat.py", line 39, in reraise
    raise value
  File "C:\Users\susan.farago\anaconda3\envs\project_2\lib\site-packages\flask\app.py", line 2447, in wsgi_app
    response = self.full_dispatch_request()
  File "C:\Users\susan.farago\anaconda3\envs\project_2\lib\site-packages\flask\app.py", line 1952, in full_dispatch_request
    rv = self.handle_user_exception(e)
  File "C:\Users\susan.farago\anaconda3\envs\project_2\lib\site-packages\flask\app.py", line 1821, in handle_user_exception
    reraise(exc_type, exc_value, tb)
  File "C:\Users\susan.farago\anaconda3\envs\project_2\lib\site-packages\flask\_compat.py", line 39, in reraise
    raise value
  File "C:\Users\susan.farago\anaconda3\envs\project_2\lib\site-packages\flask\app.py", line 1950, in full_dispatch_request
    rv = self.dispatch_request()
  File "C:\Users\susan.farago\anaconda3\envs\project_2\lib\site-packages\flask\app.py", line 1936, in dispatch_request
    return self.view_functions[rule.endpoint](**req.view_args)
  File "C:\Users\susan.farago\PythonHome\project-2\app.py", line 138, in nps_bcnp
    results = session.query(NPS_Summary.Park,NPS_Summary.Year,NPS_Summary.Month, NPS_Summary.Recreation_Visitors,NPS_Summary.Tent_Campers,NPS_Summary.RV_Campers )\
NameError: name 'NPS_Summary' is not defined
Traceback (most recent call last):
  File "C:\Users\susan.farago\anaconda3\envs\project_2\lib\site-packages\flask\app.py", line 2464, in __call__
    return self.wsgi_app(environ, start_response)
  File "C:\Users\susan.farago\anaconda3\envs\project_2\lib\site-packages\flask\app.py", line 2450, in wsgi_app
    response = self.handle_exception(e)
  File "C:\Users\susan.farago\anaconda3\envs\project_2\lib\site-packages\flask\app.py", line 1867, in handle_exception
    reraise(exc_type, exc_value, tb)
  File "C:\Users\susan.farago\anaconda3\envs\project_2\lib\site-packages\flask\_compat.py", line 39, in reraise
    raise value
  File "C:\Users\susan.farago\anaconda3\envs\project_2\lib\site-packages\flask\app.py", line 2447, in wsgi_app
    response = self.full_dispatch_request()
  File "C:\Users\susan.farago\anaconda3\envs\project_2\lib\site-packages\flask\app.py", line 1952, in full_dispatch_request
    rv = self.handle_user_exception(e)
  File "C:\Users\susan.farago\anaconda3\envs\project_2\lib\site-packages\flask\app.py", line 1821, in handle_user_exception
    reraise(exc_type, exc_value, tb)
  File "C:\Users\susan.farago\anaconda3\envs\project_2\lib\site-packages\flask\_compat.py", line 39, in reraise
    raise value
  File "C:\Users\susan.farago\anaconda3\envs\project_2\lib\site-packages\flask\app.py", line 1950, in full_dispatch_request
    rv = self.dispatch_request()
  File "C:\Users\susan.farago\anaconda3\envs\project_2\lib\site-packages\flask\app.py", line 1936, in dispatch_request
    return self.view_functions[rule.endpoint](**req.view_args)
  File "C:\Users\susan.farago\PythonHome\project-2\app.py", line 163, in facility_geocode
    results = session.query(Geo_Info).all()
NameError: name 'Geo_Info' is not defined
127.0.0.1 - - [21/Apr/2021 21:39:53] "←[35m←[1mGET /api/v1.0/nps_rmnp HTTP/1.1←[0m" 500 -
Traceback (most recent call last):
  File "C:\Users\susan.farago\anaconda3\envs\project_2\lib\site-packages\flask\app.py", line 2464, in __call__
    return self.wsgi_app(environ, start_response)
  File "C:\Users\susan.farago\anaconda3\envs\project_2\lib\site-packages\flask\app.py", line 2450, in wsgi_app
    response = self.handle_exception(e)
  File "C:\Users\susan.farago\anaconda3\envs\project_2\lib\site-packages\flask\app.py", line 1867, in handle_exception
    reraise(exc_type, exc_value, tb)
  File "C:\Users\susan.farago\anaconda3\envs\project_2\lib\site-packages\flask\_compat.py", line 39, in reraise
    raise value
  File "C:\Users\susan.farago\anaconda3\envs\project_2\lib\site-packages\flask\app.py", line 2447, in wsgi_app
    response = self.full_dispatch_request()
  File "C:\Users\susan.farago\anaconda3\envs\project_2\lib\site-packages\flask\app.py", line 1952, in full_dispatch_request
    rv = self.handle_user_exception(e)
  File "C:\Users\susan.farago\anaconda3\envs\project_2\lib\site-packages\flask\app.py", line 1821, in handle_user_exception
    reraise(exc_type, exc_value, tb)
  File "C:\Users\susan.farago\anaconda3\envs\project_2\lib\site-packages\flask\_compat.py", line 39, in reraise
    raise value
  File "C:\Users\susan.farago\anaconda3\envs\project_2\lib\site-packages\flask\app.py", line 1950, in full_dispatch_request
    rv = self.dispatch_request()
  File "C:\Users\susan.farago\anaconda3\envs\project_2\lib\site-packages\flask\app.py", line 1936, in dispatch_request
    return self.view_functions[rule.endpoint](**req.view_args)
  File "C:\Users\susan.farago\PythonHome\project-2\app.py", line 63, in nps_rmnp
    results = session.query(NPS_Summary.Park,NPS_Summary.Year,NPS_Summary.Month, NPS_Summary.Recreation_Visitors,NPS_Summary.Tent_Campers,NPS_Summary.RV_Campers )\
NameError: name 'NPS_Summary' is not defined
127.0.0.1 - - [21/Apr/2021 21:39:54] "←[35m←[1mGET /api/v1.0/nps_mvnp HTTP/1.1←[0m" 500 -
Traceback (most recent call last):
  File "C:\Users\susan.farago\anaconda3\envs\project_2\lib\site-packages\flask\app.py", line 2464, in __call__
    return self.wsgi_app(environ, start_response)
  File "C:\Users\susan.farago\anaconda3\envs\project_2\lib\site-packages\flask\app.py", line 2450, in wsgi_app
    response = self.handle_exception(e)
  File "C:\Users\susan.farago\anaconda3\envs\project_2\lib\site-packages\flask\app.py", line 1867, in handle_exception
    reraise(exc_type, exc_value, tb)
  File "C:\Users\susan.farago\anaconda3\envs\project_2\lib\site-packages\flask\_compat.py", line 39, in reraise
    raise value
  File "C:\Users\susan.farago\anaconda3\envs\project_2\lib\site-packages\flask\app.py", line 2447, in wsgi_app
    response = self.full_dispatch_request()
  File "C:\Users\susan.farago\anaconda3\envs\project_2\lib\site-packages\flask\app.py", line 1952, in full_dispatch_request
    rv = self.handle_user_exception(e)
  File "C:\Users\susan.farago\anaconda3\envs\project_2\lib\site-packages\flask\app.py", line 1821, in handle_user_exception
    reraise(exc_type, exc_value, tb)
  File "C:\Users\susan.farago\anaconda3\envs\project_2\lib\site-packages\flask\_compat.py", line 39, in reraise
    raise value
  File "C:\Users\susan.farago\anaconda3\envs\project_2\lib\site-packages\flask\app.py", line 1950, in full_dispatch_request
    rv = self.dispatch_request()
  File "C:\Users\susan.farago\anaconda3\envs\project_2\lib\site-packages\flask\app.py", line 1936, in dispatch_request
    return self.view_functions[rule.endpoint](**req.view_args)
  File "C:\Users\susan.farago\PythonHome\project-2\app.py", line 88, in nps_mvnp
    results = session.query(NPS_Summary.Park,NPS_Summary.Year,NPS_Summary.Month, NPS_Summary.Recreation_Visitors,NPS_Summary.Tent_Campers,NPS_Summary.RV_Campers )\
NameError: name 'NPS_Summary' is not defined
127.0.0.1 - - [21/Apr/2021 21:39:54] "←[35m←[1mGET /api/v1.0/nps_bcnp HTTP/1.1←[0m" 500 -
127.0.0.1 - - [21/Apr/2021 21:39:54] "←[35m←[1mGET /api/v1.0/geocode HTTP/1.1←[0m" 500 -
Traceback (most recent call last):
  File "C:\Users\susan.farago\anaconda3\envs\project_2\lib\site-packages\flask\app.py", line 2464, in __call__
    return self.wsgi_app(environ, start_response)
  File "C:\Users\susan.farago\anaconda3\envs\project_2\lib\site-packages\flask\app.py", line 2450, in wsgi_app
    response = self.handle_exception(e)
  File "C:\Users\susan.farago\anaconda3\envs\project_2\lib\site-packages\flask\app.py", line 1867, in handle_exception
    reraise(exc_type, exc_value, tb)
  File "C:\Users\susan.farago\anaconda3\envs\project_2\lib\site-packages\flask\_compat.py", line 39, in reraise
    raise value
  File "C:\Users\susan.farago\anaconda3\envs\project_2\lib\site-packages\flask\app.py", line 2447, in wsgi_app
    response = self.full_dispatch_request()
  File "C:\Users\susan.farago\anaconda3\envs\project_2\lib\site-packages\flask\app.py", line 1952, in full_dispatch_request
    rv = self.handle_user_exception(e)
  File "C:\Users\susan.farago\anaconda3\envs\project_2\lib\site-packages\flask\app.py", line 1821, in handle_user_exception
    reraise(exc_type, exc_value, tb)
  File "C:\Users\susan.farago\anaconda3\envs\project_2\lib\site-packages\flask\_compat.py", line 39, in reraise
    raise value
  File "C:\Users\susan.farago\anaconda3\envs\project_2\lib\site-packages\flask\app.py", line 1950, in full_dispatch_request
    rv = self.dispatch_request()
  File "C:\Users\susan.farago\anaconda3\envs\project_2\lib\site-packages\flask\app.py", line 1936, in dispatch_request
    return self.view_functions[rule.endpoint](**req.view_args)
  File "C:\Users\susan.farago\PythonHome\project-2\app.py", line 138, in nps_bcnp
    results = session.query(NPS_Summary.Park,NPS_Summary.Year,NPS_Summary.Month, NPS_Summary.Recreation_Visitors,NPS_Summary.Tent_Campers,NPS_Summary.RV_Campers )\
NameError: name 'NPS_Summary' is not defined
Traceback (most recent call last):
  File "C:\Users\susan.farago\anaconda3\envs\project_2\lib\site-packages\flask\app.py", line 2464, in __call__
    return self.wsgi_app(environ, start_response)
  File "C:\Users\susan.farago\anaconda3\envs\project_2\lib\site-packages\flask\app.py", line 2450, in wsgi_app
    response = self.handle_exception(e)
  File "C:\Users\susan.farago\anaconda3\envs\project_2\lib\site-packages\flask\app.py", line 1867, in handle_exception
    reraise(exc_type, exc_value, tb)
  File "C:\Users\susan.farago\anaconda3\envs\project_2\lib\site-packages\flask\_compat.py", line 39, in reraise
    raise value
  File "C:\Users\susan.farago\anaconda3\envs\project_2\lib\site-packages\flask\app.py", line 2447, in wsgi_app
    response = self.full_dispatch_request()
  File "C:\Users\susan.farago\anaconda3\envs\project_2\lib\site-packages\flask\app.py", line 1952, in full_dispatch_request
    rv = self.handle_user_exception(e)
  File "C:\Users\susan.farago\anaconda3\envs\project_2\lib\site-packages\flask\app.py", line 1821, in handle_user_exception
    reraise(exc_type, exc_value, tb)
  File "C:\Users\susan.farago\anaconda3\envs\project_2\lib\site-packages\flask\_compat.py", line 39, in reraise
    raise value
  File "C:\Users\susan.farago\anaconda3\envs\project_2\lib\site-packages\flask\app.py", line 1950, in full_dispatch_request
    rv = self.dispatch_request()
  File "C:\Users\susan.farago\anaconda3\envs\project_2\lib\site-packages\flask\app.py", line 1936, in dispatch_request
    return self.view_functions[rule.endpoint](**req.view_args)
  File "C:\Users\susan.farago\PythonHome\project-2\app.py", line 163, in facility_geocode
    results = session.query(Geo_Info).all()
NameError: name 'Geo_Info' is not defined
127.0.0.1 - - [21/Apr/2021 21:39:54] "←[35m←[1mGET /api/v1.0/nps_gsdnp HTTP/1.1←[0m" 500 -
Traceback (most recent call last):
  File "C:\Users\susan.farago\anaconda3\envs\project_2\lib\site-packages\flask\app.py", line 2464, in __call__
    return self.wsgi_app(environ, start_response)
  File "C:\Users\susan.farago\anaconda3\envs\project_2\lib\site-packages\flask\app.py", line 2450, in wsgi_app
    response = self.handle_exception(e)
  File "C:\Users\susan.farago\anaconda3\envs\project_2\lib\site-packages\flask\app.py", line 1867, in handle_exception
    reraise(exc_type, exc_value, tb)
  File "C:\Users\susan.farago\anaconda3\envs\project_2\lib\site-packages\flask\_compat.py", line 39, in reraise
    raise value
  File "C:\Users\susan.farago\anaconda3\envs\project_2\lib\site-packages\flask\app.py", line 2447, in wsgi_app
    response = self.full_dispatch_request()
  File "C:\Users\susan.farago\anaconda3\envs\project_2\lib\site-packages\flask\app.py", line 1952, in full_dispatch_request
    rv = self.handle_user_exception(e)
  File "C:\Users\susan.farago\anaconda3\envs\project_2\lib\site-packages\flask\app.py", line 1821, in handle_user_exception
    reraise(exc_type, exc_value, tb)
  File "C:\Users\susan.farago\anaconda3\envs\project_2\lib\site-packages\flask\_compat.py", line 39, in reraise
    raise value
  File "C:\Users\susan.farago\anaconda3\envs\project_2\lib\site-packages\flask\app.py", line 1950, in full_dispatch_request
    rv = self.dispatch_request()
  File "C:\Users\susan.farago\anaconda3\envs\project_2\lib\site-packages\flask\app.py", line 1936, in dispatch_request
    return self.view_functions[rule.endpoint](**req.view_args)
  File "C:\Users\susan.farago\PythonHome\project-2\app.py", line 113, in nps_gsdnp
    results = session.query(NPS_Summary.Park,NPS_Summary.Year,NPS_Summary.Month, NPS_Summary.Recreation_Visitors,NPS_Summary.Tent_Campers,NPS_Summary.RV_Campers )\
NameError: name 'NPS_Summary' is not defined
127.0.0.1 - - [21/Apr/2021 21:42:12] "←[35m←[1mGET /api/v1.0/nps_mvnp HTTP/1.1←[0m" 500 -
Traceback (most recent call last):
  File "C:\Users\susan.farago\anaconda3\envs\project_2\lib\site-packages\flask\app.py", line 2464, in __call__
    return self.wsgi_app(environ, start_response)
  File "C:\Users\susan.farago\anaconda3\envs\project_2\lib\site-packages\flask\app.py", line 2450, in wsgi_app
    response = self.handle_exception(e)
  File "C:\Users\susan.farago\anaconda3\envs\project_2\lib\site-packages\flask\app.py", line 1867, in handle_exception
    reraise(exc_type, exc_value, tb)
  File "C:\Users\susan.farago\anaconda3\envs\project_2\lib\site-packages\flask\_compat.py", line 39, in reraise
    raise value
  File "C:\Users\susan.farago\anaconda3\envs\project_2\lib\site-packages\flask\app.py", line 2447, in wsgi_app
    response = self.full_dispatch_request()
  File "C:\Users\susan.farago\anaconda3\envs\project_2\lib\site-packages\flask\app.py", line 1952, in full_dispatch_request
    rv = self.handle_user_exception(e)
  File "C:\Users\susan.farago\anaconda3\envs\project_2\lib\site-packages\flask\app.py", line 1821, in handle_user_exception
    reraise(exc_type, exc_value, tb)
  File "C:\Users\susan.farago\anaconda3\envs\project_2\lib\site-packages\flask\_compat.py", line 39, in reraise
    raise value
  File "C:\Users\susan.farago\anaconda3\envs\project_2\lib\site-packages\flask\app.py", line 1950, in full_dispatch_request
    rv = self.dispatch_request()
  File "C:\Users\susan.farago\anaconda3\envs\project_2\lib\site-packages\flask\app.py", line 1936, in dispatch_request
    return self.view_functions[rule.endpoint](**req.view_args)
  File "C:\Users\susan.farago\PythonHome\project-2\app.py", line 88, in nps_mvnp
    results = session.query(NPS_Summary.Park,NPS_Summary.Year,NPS_Summary.Month, NPS_Summary.Recreation_Visitors,NPS_Summary.Tent_Campers,NPS_Summary.RV_Campers )\
NameError: name 'NPS_Summary' is not defined
127.0.0.1 - - [21/Apr/2021 21:42:12] "←[35m←[1mGET /api/v1.0/nps_gsdnp HTTP/1.1←[0m" 500 -
127.0.0.1 - - [21/Apr/2021 21:42:12] "←[35m←[1mGET /api/v1.0/nps_bcnp HTTP/1.1←[0m" 500 -
Traceback (most recent call last):
  File "C:\Users\susan.farago\anaconda3\envs\project_2\lib\site-packages\flask\app.py", line 2464, in __call__
    return self.wsgi_app(environ, start_response)
  File "C:\Users\susan.farago\anaconda3\envs\project_2\lib\site-packages\flask\app.py", line 2450, in wsgi_app
    response = self.handle_exception(e)
  File "C:\Users\susan.farago\anaconda3\envs\project_2\lib\site-packages\flask\app.py", line 1867, in handle_exception
    reraise(exc_type, exc_value, tb)
  File "C:\Users\susan.farago\anaconda3\envs\project_2\lib\site-packages\flask\_compat.py", line 39, in reraise
    raise value
  File "C:\Users\susan.farago\anaconda3\envs\project_2\lib\site-packages\flask\app.py", line 2447, in wsgi_app
    response = self.full_dispatch_request()
  File "C:\Users\susan.farago\anaconda3\envs\project_2\lib\site-packages\flask\app.py", line 1952, in full_dispatch_request
    rv = self.handle_user_exception(e)
  File "C:\Users\susan.farago\anaconda3\envs\project_2\lib\site-packages\flask\app.py", line 1821, in handle_user_exception
    reraise(exc_type, exc_value, tb)
  File "C:\Users\susan.farago\anaconda3\envs\project_2\lib\site-packages\flask\_compat.py", line 39, in reraise
    raise value
  File "C:\Users\susan.farago\anaconda3\envs\project_2\lib\site-packages\flask\app.py", line 1950, in full_dispatch_request
    rv = self.dispatch_request()
  File "C:\Users\susan.farago\anaconda3\envs\project_2\lib\site-packages\flask\app.py", line 1936, in dispatch_request
    return self.view_functions[rule.endpoint](**req.view_args)
  File "C:\Users\susan.farago\PythonHome\project-2\app.py", line 113, in nps_gsdnp
    results = session.query(NPS_Summary.Park,NPS_Summary.Year,NPS_Summary.Month, NPS_Summary.Recreation_Visitors,NPS_Summary.Tent_Campers,NPS_Summary.RV_Campers )\
NameError: name 'NPS_Summary' is not defined
127.0.0.1 - - [21/Apr/2021 21:42:12] "←[35m←[1mGET /api/v1.0/nps_rmnp HTTP/1.1←[0m" 500 -
Traceback (most recent call last):
  File "C:\Users\susan.farago\anaconda3\envs\project_2\lib\site-packages\flask\app.py", line 2464, in __call__
    return self.wsgi_app(environ, start_response)
  File "C:\Users\susan.farago\anaconda3\envs\project_2\lib\site-packages\flask\app.py", line 2450, in wsgi_app
    response = self.handle_exception(e)
  File "C:\Users\susan.farago\anaconda3\envs\project_2\lib\site-packages\flask\app.py", line 1867, in handle_exception
    reraise(exc_type, exc_value, tb)
  File "C:\Users\susan.farago\anaconda3\envs\project_2\lib\site-packages\flask\_compat.py", line 39, in reraise
    raise value
  File "C:\Users\susan.farago\anaconda3\envs\project_2\lib\site-packages\flask\app.py", line 2447, in wsgi_app
    response = self.full_dispatch_request()
  File "C:\Users\susan.farago\anaconda3\envs\project_2\lib\site-packages\flask\app.py", line 1952, in full_dispatch_request
    rv = self.handle_user_exception(e)
  File "C:\Users\susan.farago\anaconda3\envs\project_2\lib\site-packages\flask\app.py", line 1821, in handle_user_exception
    reraise(exc_type, exc_value, tb)
  File "C:\Users\susan.farago\anaconda3\envs\project_2\lib\site-packages\flask\_compat.py", line 39, in reraise
    raise value
  File "C:\Users\susan.farago\anaconda3\envs\project_2\lib\site-packages\flask\app.py", line 1950, in full_dispatch_request
    rv = self.dispatch_request()
  File "C:\Users\susan.farago\anaconda3\envs\project_2\lib\site-packages\flask\app.py", line 1936, in dispatch_request
    return self.view_functions[rule.endpoint](**req.view_args)
  File "C:\Users\susan.farago\PythonHome\project-2\app.py", line 138, in nps_bcnp
    results = session.query(NPS_Summary.Park,NPS_Summary.Year,NPS_Summary.Month, NPS_Summary.Recreation_Visitors,NPS_Summary.Tent_Campers,NPS_Summary.RV_Campers )\
NameError: name 'NPS_Summary' is not defined
127.0.0.1 - - [21/Apr/2021 21:42:12] "←[35m←[1mGET /api/v1.0/geocode HTTP/1.1←[0m" 500 -
Traceback (most recent call last):
  File "C:\Users\susan.farago\anaconda3\envs\project_2\lib\site-packages\flask\app.py", line 2464, in __call__
    return self.wsgi_app(environ, start_response)
  File "C:\Users\susan.farago\anaconda3\envs\project_2\lib\site-packages\flask\app.py", line 2450, in wsgi_app
    response = self.handle_exception(e)
  File "C:\Users\susan.farago\anaconda3\envs\project_2\lib\site-packages\flask\app.py", line 1867, in handle_exception
    reraise(exc_type, exc_value, tb)
  File "C:\Users\susan.farago\anaconda3\envs\project_2\lib\site-packages\flask\_compat.py", line 39, in reraise
    raise value
  File "C:\Users\susan.farago\anaconda3\envs\project_2\lib\site-packages\flask\app.py", line 2447, in wsgi_app
    response = self.full_dispatch_request()
  File "C:\Users\susan.farago\anaconda3\envs\project_2\lib\site-packages\flask\app.py", line 1952, in full_dispatch_request
    rv = self.handle_user_exception(e)
  File "C:\Users\susan.farago\anaconda3\envs\project_2\lib\site-packages\flask\app.py", line 1821, in handle_user_exception
    reraise(exc_type, exc_value, tb)
  File "C:\Users\susan.farago\anaconda3\envs\project_2\lib\site-packages\flask\_compat.py", line 39, in reraise
    raise value
  File "C:\Users\susan.farago\anaconda3\envs\project_2\lib\site-packages\flask\app.py", line 1950, in full_dispatch_request
    rv = self.dispatch_request()
  File "C:\Users\susan.farago\anaconda3\envs\project_2\lib\site-packages\flask\app.py", line 1936, in dispatch_request
    return self.view_functions[rule.endpoint](**req.view_args)
  File "C:\Users\susan.farago\PythonHome\project-2\app.py", line 63, in nps_rmnp
    results = session.query(NPS_Summary.Park,NPS_Summary.Year,NPS_Summary.Month, NPS_Summary.Recreation_Visitors,NPS_Summary.Tent_Campers,NPS_Summary.RV_Campers )\
NameError: name 'NPS_Summary' is not defined
Traceback (most recent call last):
  File "C:\Users\susan.farago\anaconda3\envs\project_2\lib\site-packages\flask\app.py", line 2464, in __call__
    return self.wsgi_app(environ, start_response)
  File "C:\Users\susan.farago\anaconda3\envs\project_2\lib\site-packages\flask\app.py", line 2450, in wsgi_app
    response = self.handle_exception(e)
  File "C:\Users\susan.farago\anaconda3\envs\project_2\lib\site-packages\flask\app.py", line 1867, in handle_exception
    reraise(exc_type, exc_value, tb)
  File "C:\Users\susan.farago\anaconda3\envs\project_2\lib\site-packages\flask\_compat.py", line 39, in reraise
    raise value
  File "C:\Users\susan.farago\anaconda3\envs\project_2\lib\site-packages\flask\app.py", line 2447, in wsgi_app
    response = self.full_dispatch_request()
  File "C:\Users\susan.farago\anaconda3\envs\project_2\lib\site-packages\flask\app.py", line 1952, in full_dispatch_request
    rv = self.handle_user_exception(e)
  File "C:\Users\susan.farago\anaconda3\envs\project_2\lib\site-packages\flask\app.py", line 1821, in handle_user_exception
    reraise(exc_type, exc_value, tb)
  File "C:\Users\susan.farago\anaconda3\envs\project_2\lib\site-packages\flask\_compat.py", line 39, in reraise
    raise value
  File "C:\Users\susan.farago\anaconda3\envs\project_2\lib\site-packages\flask\app.py", line 1950, in full_dispatch_request
    rv = self.dispatch_request()
  File "C:\Users\susan.farago\anaconda3\envs\project_2\lib\site-packages\flask\app.py", line 1936, in dispatch_request
    return self.view_functions[rule.endpoint](**req.view_args)
  File "C:\Users\susan.farago\PythonHome\project-2\app.py", line 163, in facility_geocode
    results = session.query(Geo_Info).all()
NameError: name 'Geo_Info' is not defined
127.0.0.1 - - [21/Apr/2021 21:44:12] "←[35m←[1mGET /api/v1.0/nps_rmnp HTTP/1.1←[0m" 500 -
Traceback (most recent call last):
  File "C:\Users\susan.farago\anaconda3\envs\project_2\lib\site-packages\flask\app.py", line 2464, in __call__
    return self.wsgi_app(environ, start_response)
  File "C:\Users\susan.farago\anaconda3\envs\project_2\lib\site-packages\flask\app.py", line 2450, in wsgi_app
    response = self.handle_exception(e)
  File "C:\Users\susan.farago\anaconda3\envs\project_2\lib\site-packages\flask\app.py", line 1867, in handle_exception
    reraise(exc_type, exc_value, tb)
  File "C:\Users\susan.farago\anaconda3\envs\project_2\lib\site-packages\flask\_compat.py", line 39, in reraise
    raise value
  File "C:\Users\susan.farago\anaconda3\envs\project_2\lib\site-packages\flask\app.py", line 2447, in wsgi_app
    response = self.full_dispatch_request()
  File "C:\Users\susan.farago\anaconda3\envs\project_2\lib\site-packages\flask\app.py", line 1952, in full_dispatch_request
    rv = self.handle_user_exception(e)
  File "C:\Users\susan.farago\anaconda3\envs\project_2\lib\site-packages\flask\app.py", line 1821, in handle_user_exception
    reraise(exc_type, exc_value, tb)
  File "C:\Users\susan.farago\anaconda3\envs\project_2\lib\site-packages\flask\_compat.py", line 39, in reraise
    raise value
  File "C:\Users\susan.farago\anaconda3\envs\project_2\lib\site-packages\flask\app.py", line 1950, in full_dispatch_request
    rv = self.dispatch_request()
  File "C:\Users\susan.farago\anaconda3\envs\project_2\lib\site-packages\flask\app.py", line 1936, in dispatch_request
    return self.view_functions[rule.endpoint](**req.view_args)
  File "C:\Users\susan.farago\PythonHome\project-2\app.py", line 63, in nps_rmnp
    results = session.query(NPS_Summary.Park,NPS_Summary.Year,NPS_Summary.Month, NPS_Summary.Recreation_Visitors,NPS_Summary.Tent_Campers,NPS_Summary.RV_Campers )\
NameError: name 'NPS_Summary' is not defined
127.0.0.1 - - [21/Apr/2021 21:44:12] "←[35m←[1mGET /api/v1.0/nps_mvnp HTTP/1.1←[0m" 500 -
Traceback (most recent call last):
  File "C:\Users\susan.farago\anaconda3\envs\project_2\lib\site-packages\flask\app.py", line 2464, in __call__
    return self.wsgi_app(environ, start_response)
  File "C:\Users\susan.farago\anaconda3\envs\project_2\lib\site-packages\flask\app.py", line 2450, in wsgi_app
    response = self.handle_exception(e)
  File "C:\Users\susan.farago\anaconda3\envs\project_2\lib\site-packages\flask\app.py", line 1867, in handle_exception
    reraise(exc_type, exc_value, tb)
  File "C:\Users\susan.farago\anaconda3\envs\project_2\lib\site-packages\flask\_compat.py", line 39, in reraise
    raise value
  File "C:\Users\susan.farago\anaconda3\envs\project_2\lib\site-packages\flask\app.py", line 2447, in wsgi_app
    response = self.full_dispatch_request()
  File "C:\Users\susan.farago\anaconda3\envs\project_2\lib\site-packages\flask\app.py", line 1952, in full_dispatch_request
    rv = self.handle_user_exception(e)
  File "C:\Users\susan.farago\anaconda3\envs\project_2\lib\site-packages\flask\app.py", line 1821, in handle_user_exception
    reraise(exc_type, exc_value, tb)
  File "C:\Users\susan.farago\anaconda3\envs\project_2\lib\site-packages\flask\_compat.py", line 39, in reraise
    raise value
  File "C:\Users\susan.farago\anaconda3\envs\project_2\lib\site-packages\flask\app.py", line 1950, in full_dispatch_request
    rv = self.dispatch_request()
  File "C:\Users\susan.farago\anaconda3\envs\project_2\lib\site-packages\flask\app.py", line 1936, in dispatch_request
    return self.view_functions[rule.endpoint](**req.view_args)
  File "C:\Users\susan.farago\PythonHome\project-2\app.py", line 88, in nps_mvnp
    results = session.query(NPS_Summary.Park,NPS_Summary.Year,NPS_Summary.Month, NPS_Summary.Recreation_Visitors,NPS_Summary.Tent_Campers,NPS_Summary.RV_Campers )\
NameError: name 'NPS_Summary' is not defined
127.0.0.1 - - [21/Apr/2021 21:44:12] "←[35m←[1mGET /api/v1.0/nps_gsdnp HTTP/1.1←[0m" 500 -
Traceback (most recent call last):
  File "C:\Users\susan.farago\anaconda3\envs\project_2\lib\site-packages\flask\app.py", line 2464, in __call__
    return self.wsgi_app(environ, start_response)
  File "C:\Users\susan.farago\anaconda3\envs\project_2\lib\site-packages\flask\app.py", line 2450, in wsgi_app
    response = self.handle_exception(e)
  File "C:\Users\susan.farago\anaconda3\envs\project_2\lib\site-packages\flask\app.py", line 1867, in handle_exception
    reraise(exc_type, exc_value, tb)
  File "C:\Users\susan.farago\anaconda3\envs\project_2\lib\site-packages\flask\_compat.py", line 39, in reraise
    raise value
  File "C:\Users\susan.farago\anaconda3\envs\project_2\lib\site-packages\flask\app.py", line 2447, in wsgi_app
    response = self.full_dispatch_request()
  File "C:\Users\susan.farago\anaconda3\envs\project_2\lib\site-packages\flask\app.py", line 1952, in full_dispatch_request
    rv = self.handle_user_exception(e)
  File "C:\Users\susan.farago\anaconda3\envs\project_2\lib\site-packages\flask\app.py", line 1821, in handle_user_exception
    reraise(exc_type, exc_value, tb)
  File "C:\Users\susan.farago\anaconda3\envs\project_2\lib\site-packages\flask\_compat.py", line 39, in reraise
    raise value
  File "C:\Users\susan.farago\anaconda3\envs\project_2\lib\site-packages\flask\app.py", line 1950, in full_dispatch_request
    rv = self.dispatch_request()
  File "C:\Users\susan.farago\anaconda3\envs\project_2\lib\site-packages\flask\app.py", line 1936, in dispatch_request
    return self.view_functions[rule.endpoint](**req.view_args)
  File "C:\Users\susan.farago\PythonHome\project-2\app.py", line 113, in nps_gsdnp
    results = session.query(NPS_Summary.Park,NPS_Summary.Year,NPS_Summary.Month, NPS_Summary.Recreation_Visitors,NPS_Summary.Tent_Campers,NPS_Summary.RV_Campers )\
NameError: name 'NPS_Summary' is not defined
127.0.0.1 - - [21/Apr/2021 21:44:12] "←[35m←[1mGET /api/v1.0/nps_bcnp HTTP/1.1←[0m" 500 -
Traceback (most recent call last):
  File "C:\Users\susan.farago\anaconda3\envs\project_2\lib\site-packages\flask\app.py", line 2464, in __call__
    return self.wsgi_app(environ, start_response)
  File "C:\Users\susan.farago\anaconda3\envs\project_2\lib\site-packages\flask\app.py", line 2450, in wsgi_app
    response = self.handle_exception(e)
  File "C:\Users\susan.farago\anaconda3\envs\project_2\lib\site-packages\flask\app.py", line 1867, in handle_exception
    reraise(exc_type, exc_value, tb)
  File "C:\Users\susan.farago\anaconda3\envs\project_2\lib\site-packages\flask\_compat.py", line 39, in reraise
    raise value
  File "C:\Users\susan.farago\anaconda3\envs\project_2\lib\site-packages\flask\app.py", line 2447, in wsgi_app
    response = self.full_dispatch_request()
  File "C:\Users\susan.farago\anaconda3\envs\project_2\lib\site-packages\flask\app.py", line 1952, in full_dispatch_request
    rv = self.handle_user_exception(e)
  File "C:\Users\susan.farago\anaconda3\envs\project_2\lib\site-packages\flask\app.py", line 1821, in handle_user_exception
    reraise(exc_type, exc_value, tb)
  File "C:\Users\susan.farago\anaconda3\envs\project_2\lib\site-packages\flask\_compat.py", line 39, in reraise
    raise value
  File "C:\Users\susan.farago\anaconda3\envs\project_2\lib\site-packages\flask\app.py", line 1950, in full_dispatch_request
    rv = self.dispatch_request()
  File "C:\Users\susan.farago\anaconda3\envs\project_2\lib\site-packages\flask\app.py", line 1936, in dispatch_request
    return self.view_functions[rule.endpoint](**req.view_args)
  File "C:\Users\susan.farago\PythonHome\project-2\app.py", line 138, in nps_bcnp
    results = session.query(NPS_Summary.Park,NPS_Summary.Year,NPS_Summary.Month, NPS_Summary.Recreation_Visitors,NPS_Summary.Tent_Campers,NPS_Summary.RV_Campers )\
NameError: name 'NPS_Summary' is not defined
127.0.0.1 - - [21/Apr/2021 21:44:12] "←[35m←[1mGET /api/v1.0/geocode HTTP/1.1←[0m" 500 -
Traceback (most recent call last):
  File "C:\Users\susan.farago\anaconda3\envs\project_2\lib\site-packages\flask\app.py", line 2464, in __call__
    return self.wsgi_app(environ, start_response)
  File "C:\Users\susan.farago\anaconda3\envs\project_2\lib\site-packages\flask\app.py", line 2450, in wsgi_app
    response = self.handle_exception(e)
  File "C:\Users\susan.farago\anaconda3\envs\project_2\lib\site-packages\flask\app.py", line 1867, in handle_exception
    reraise(exc_type, exc_value, tb)
  File "C:\Users\susan.farago\anaconda3\envs\project_2\lib\site-packages\flask\_compat.py", line 39, in reraise
    raise value
  File "C:\Users\susan.farago\anaconda3\envs\project_2\lib\site-packages\flask\app.py", line 2447, in wsgi_app
    response = self.full_dispatch_request()
  File "C:\Users\susan.farago\anaconda3\envs\project_2\lib\site-packages\flask\app.py", line 1952, in full_dispatch_request
    rv = self.handle_user_exception(e)
  File "C:\Users\susan.farago\anaconda3\envs\project_2\lib\site-packages\flask\app.py", line 1821, in handle_user_exception
    reraise(exc_type, exc_value, tb)
  File "C:\Users\susan.farago\anaconda3\envs\project_2\lib\site-packages\flask\_compat.py", line 39, in reraise
    raise value
  File "C:\Users\susan.farago\anaconda3\envs\project_2\lib\site-packages\flask\app.py", line 1950, in full_dispatch_request
    rv = self.dispatch_request()
  File "C:\Users\susan.farago\anaconda3\envs\project_2\lib\site-packages\flask\app.py", line 1936, in dispatch_request
    return self.view_functions[rule.endpoint](**req.view_args)
  File "C:\Users\susan.farago\PythonHome\project-2\app.py", line 163, in facility_geocode
    results = session.query(Geo_Info).all()
NameError: name 'Geo_Info' is not defined
127.0.0.1 - - [21/Apr/2021 21:46:12] "←[35m←[1mGET /api/v1.0/nps_gsdnp HTTP/1.1←[0m" 500 -
Traceback (most recent call last):
  File "C:\Users\susan.farago\anaconda3\envs\project_2\lib\site-packages\flask\app.py", line 2464, in __call__
    return self.wsgi_app(environ, start_response)
  File "C:\Users\susan.farago\anaconda3\envs\project_2\lib\site-packages\flask\app.py", line 2450, in wsgi_app
    response = self.handle_exception(e)
  File "C:\Users\susan.farago\anaconda3\envs\project_2\lib\site-packages\flask\app.py", line 1867, in handle_exception
    reraise(exc_type, exc_value, tb)
  File "C:\Users\susan.farago\anaconda3\envs\project_2\lib\site-packages\flask\_compat.py", line 39, in reraise
    raise value
  File "C:\Users\susan.farago\anaconda3\envs\project_2\lib\site-packages\flask\app.py", line 2447, in wsgi_app
    response = self.full_dispatch_request()
  File "C:\Users\susan.farago\anaconda3\envs\project_2\lib\site-packages\flask\app.py", line 1952, in full_dispatch_request
    rv = self.handle_user_exception(e)
  File "C:\Users\susan.farago\anaconda3\envs\project_2\lib\site-packages\flask\app.py", line 1821, in handle_user_exception
    reraise(exc_type, exc_value, tb)
  File "C:\Users\susan.farago\anaconda3\envs\project_2\lib\site-packages\flask\_compat.py", line 39, in reraise
    raise value
  File "C:\Users\susan.farago\anaconda3\envs\project_2\lib\site-packages\flask\app.py", line 1950, in full_dispatch_request
    rv = self.dispatch_request()
  File "C:\Users\susan.farago\anaconda3\envs\project_2\lib\site-packages\flask\app.py", line 1936, in dispatch_request
    return self.view_functions[rule.endpoint](**req.view_args)
  File "C:\Users\susan.farago\PythonHome\project-2\app.py", line 113, in nps_gsdnp
    results = session.query(NPS_Summary.Park,NPS_Summary.Year,NPS_Summary.Month, NPS_Summary.Recreation_Visitors,NPS_Summary.Tent_Campers,NPS_Summary.RV_Campers )\
NameError: name 'NPS_Summary' is not defined
127.0.0.1 - - [21/Apr/2021 21:46:12] "←[35m←[1mGET /api/v1.0/nps_bcnp HTTP/1.1←[0m" 500 -
127.0.0.1 - - [21/Apr/2021 21:46:12] "←[35m←[1mGET /api/v1.0/nps_mvnp HTTP/1.1←[0m" 500 -
127.0.0.1 - - [21/Apr/2021 21:46:12] "←[35m←[1mGET /api/v1.0/nps_rmnp HTTP/1.1←[0m" 500 -
Traceback (most recent call last):
  File "C:\Users\susan.farago\anaconda3\envs\project_2\lib\site-packages\flask\app.py", line 2464, in __call__
    return self.wsgi_app(environ, start_response)
  File "C:\Users\susan.farago\anaconda3\envs\project_2\lib\site-packages\flask\app.py", line 2450, in wsgi_app
    response = self.handle_exception(e)
  File "C:\Users\susan.farago\anaconda3\envs\project_2\lib\site-packages\flask\app.py", line 1867, in handle_exception
    reraise(exc_type, exc_value, tb)
  File "C:\Users\susan.farago\anaconda3\envs\project_2\lib\site-packages\flask\_compat.py", line 39, in reraise
    raise value
  File "C:\Users\susan.farago\anaconda3\envs\project_2\lib\site-packages\flask\app.py", line 2447, in wsgi_app
    response = self.full_dispatch_request()
  File "C:\Users\susan.farago\anaconda3\envs\project_2\lib\site-packages\flask\app.py", line 1952, in full_dispatch_request
    rv = self.handle_user_exception(e)
  File "C:\Users\susan.farago\anaconda3\envs\project_2\lib\site-packages\flask\app.py", line 1821, in handle_user_exception
    reraise(exc_type, exc_value, tb)
  File "C:\Users\susan.farago\anaconda3\envs\project_2\lib\site-packages\flask\_compat.py", line 39, in reraise
    raise value
  File "C:\Users\susan.farago\anaconda3\envs\project_2\lib\site-packages\flask\app.py", line 1950, in full_dispatch_request
    rv = self.dispatch_request()
  File "C:\Users\susan.farago\anaconda3\envs\project_2\lib\site-packages\flask\app.py", line 1936, in dispatch_request
    return self.view_functions[rule.endpoint](**req.view_args)
  File "C:\Users\susan.farago\PythonHome\project-2\app.py", line 88, in nps_mvnp
    results = session.query(NPS_Summary.Park,NPS_Summary.Year,NPS_Summary.Month, NPS_Summary.Recreation_Visitors,NPS_Summary.Tent_Campers,NPS_Summary.RV_Campers )\
NameError: name 'NPS_Summary' is not defined
Traceback (most recent call last):
  File "C:\Users\susan.farago\anaconda3\envs\project_2\lib\site-packages\flask\app.py", line 2464, in __call__
    return self.wsgi_app(environ, start_response)
  File "C:\Users\susan.farago\anaconda3\envs\project_2\lib\site-packages\flask\app.py", line 2450, in wsgi_app
    response = self.handle_exception(e)
  File "C:\Users\susan.farago\anaconda3\envs\project_2\lib\site-packages\flask\app.py", line 1867, in handle_exception
    reraise(exc_type, exc_value, tb)
  File "C:\Users\susan.farago\anaconda3\envs\project_2\lib\site-packages\flask\_compat.py", line 39, in reraise
    raise value
  File "C:\Users\susan.farago\anaconda3\envs\project_2\lib\site-packages\flask\app.py", line 2447, in wsgi_app
    response = self.full_dispatch_request()
  File "C:\Users\susan.farago\anaconda3\envs\project_2\lib\site-packages\flask\app.py", line 1952, in full_dispatch_request
    rv = self.handle_user_exception(e)
  File "C:\Users\susan.farago\anaconda3\envs\project_2\lib\site-packages\flask\app.py", line 1821, in handle_user_exception
    reraise(exc_type, exc_value, tb)
  File "C:\Users\susan.farago\anaconda3\envs\project_2\lib\site-packages\flask\_compat.py", line 39, in reraise
    raise value
  File "C:\Users\susan.farago\anaconda3\envs\project_2\lib\site-packages\flask\app.py", line 1950, in full_dispatch_request
    rv = self.dispatch_request()
  File "C:\Users\susan.farago\anaconda3\envs\project_2\lib\site-packages\flask\app.py", line 1936, in dispatch_request
    return self.view_functions[rule.endpoint](**req.view_args)
  File "C:\Users\susan.farago\PythonHome\project-2\app.py", line 138, in nps_bcnp
    results = session.query(NPS_Summary.Park,NPS_Summary.Year,NPS_Summary.Month, NPS_Summary.Recreation_Visitors,NPS_Summary.Tent_Campers,NPS_Summary.RV_Campers )\
NameError: name 'NPS_Summary' is not defined
127.0.0.1 - - [21/Apr/2021 21:46:12] "←[35m←[1mGET /api/v1.0/geocode HTTP/1.1←[0m" 500 -
Traceback (most recent call last):
  File "C:\Users\susan.farago\anaconda3\envs\project_2\lib\site-packages\flask\app.py", line 2464, in __call__
    return self.wsgi_app(environ, start_response)
  File "C:\Users\susan.farago\anaconda3\envs\project_2\lib\site-packages\flask\app.py", line 2450, in wsgi_app
    response = self.handle_exception(e)
  File "C:\Users\susan.farago\anaconda3\envs\project_2\lib\site-packages\flask\app.py", line 1867, in handle_exception
    reraise(exc_type, exc_value, tb)
  File "C:\Users\susan.farago\anaconda3\envs\project_2\lib\site-packages\flask\_compat.py", line 39, in reraise
    raise value
  File "C:\Users\susan.farago\anaconda3\envs\project_2\lib\site-packages\flask\app.py", line 2447, in wsgi_app
    response = self.full_dispatch_request()
  File "C:\Users\susan.farago\anaconda3\envs\project_2\lib\site-packages\flask\app.py", line 1952, in full_dispatch_request
    rv = self.handle_user_exception(e)
  File "C:\Users\susan.farago\anaconda3\envs\project_2\lib\site-packages\flask\app.py", line 1821, in handle_user_exception
    reraise(exc_type, exc_value, tb)
  File "C:\Users\susan.farago\anaconda3\envs\project_2\lib\site-packages\flask\_compat.py", line 39, in reraise
    raise value
  File "C:\Users\susan.farago\anaconda3\envs\project_2\lib\site-packages\flask\app.py", line 1950, in full_dispatch_request
    rv = self.dispatch_request()
  File "C:\Users\susan.farago\anaconda3\envs\project_2\lib\site-packages\flask\app.py", line 1936, in dispatch_request
    return self.view_functions[rule.endpoint](**req.view_args)
  File "C:\Users\susan.farago\PythonHome\project-2\app.py", line 63, in nps_rmnp
    results = session.query(NPS_Summary.Park,NPS_Summary.Year,NPS_Summary.Month, NPS_Summary.Recreation_Visitors,NPS_Summary.Tent_Campers,NPS_Summary.RV_Campers )\
NameError: name 'NPS_Summary' is not defined
Traceback (most recent call last):
  File "C:\Users\susan.farago\anaconda3\envs\project_2\lib\site-packages\flask\app.py", line 2464, in __call__
    return self.wsgi_app(environ, start_response)
  File "C:\Users\susan.farago\anaconda3\envs\project_2\lib\site-packages\flask\app.py", line 2450, in wsgi_app
    response = self.handle_exception(e)
  File "C:\Users\susan.farago\anaconda3\envs\project_2\lib\site-packages\flask\app.py", line 1867, in handle_exception
    reraise(exc_type, exc_value, tb)
  File "C:\Users\susan.farago\anaconda3\envs\project_2\lib\site-packages\flask\_compat.py", line 39, in reraise
    raise value
  File "C:\Users\susan.farago\anaconda3\envs\project_2\lib\site-packages\flask\app.py", line 2447, in wsgi_app
    response = self.full_dispatch_request()
  File "C:\Users\susan.farago\anaconda3\envs\project_2\lib\site-packages\flask\app.py", line 1952, in full_dispatch_request
    rv = self.handle_user_exception(e)
  File "C:\Users\susan.farago\anaconda3\envs\project_2\lib\site-packages\flask\app.py", line 1821, in handle_user_exception
    reraise(exc_type, exc_value, tb)
  File "C:\Users\susan.farago\anaconda3\envs\project_2\lib\site-packages\flask\_compat.py", line 39, in reraise
    raise value
  File "C:\Users\susan.farago\anaconda3\envs\project_2\lib\site-packages\flask\app.py", line 1950, in full_dispatch_request
    rv = self.dispatch_request()
  File "C:\Users\susan.farago\anaconda3\envs\project_2\lib\site-packages\flask\app.py", line 1936, in dispatch_request
    return self.view_functions[rule.endpoint](**req.view_args)
  File "C:\Users\susan.farago\PythonHome\project-2\app.py", line 163, in facility_geocode
    results = session.query(Geo_Info).all()
NameError: name 'Geo_Info' is not defined
127.0.0.1 - - [21/Apr/2021 21:48:13] "←[35m←[1mGET /api/v1.0/nps_rmnp HTTP/1.1←[0m" 500 -
Traceback (most recent call last):
  File "C:\Users\susan.farago\anaconda3\envs\project_2\lib\site-packages\flask\app.py", line 2464, in __call__
    return self.wsgi_app(environ, start_response)
  File "C:\Users\susan.farago\anaconda3\envs\project_2\lib\site-packages\flask\app.py", line 2450, in wsgi_app
    response = self.handle_exception(e)
  File "C:\Users\susan.farago\anaconda3\envs\project_2\lib\site-packages\flask\app.py", line 1867, in handle_exception
    reraise(exc_type, exc_value, tb)
  File "C:\Users\susan.farago\anaconda3\envs\project_2\lib\site-packages\flask\_compat.py", line 39, in reraise
    raise value
  File "C:\Users\susan.farago\anaconda3\envs\project_2\lib\site-packages\flask\app.py", line 2447, in wsgi_app
    response = self.full_dispatch_request()
  File "C:\Users\susan.farago\anaconda3\envs\project_2\lib\site-packages\flask\app.py", line 1952, in full_dispatch_request
    rv = self.handle_user_exception(e)
  File "C:\Users\susan.farago\anaconda3\envs\project_2\lib\site-packages\flask\app.py", line 1821, in handle_user_exception
    reraise(exc_type, exc_value, tb)
  File "C:\Users\susan.farago\anaconda3\envs\project_2\lib\site-packages\flask\_compat.py", line 39, in reraise
    raise value
  File "C:\Users\susan.farago\anaconda3\envs\project_2\lib\site-packages\flask\app.py", line 1950, in full_dispatch_request
    rv = self.dispatch_request()
  File "C:\Users\susan.farago\anaconda3\envs\project_2\lib\site-packages\flask\app.py", line 1936, in dispatch_request
    return self.view_functions[rule.endpoint](**req.view_args)
  File "C:\Users\susan.farago\PythonHome\project-2\app.py", line 63, in nps_rmnp
    results = session.query(NPS_Summary.Park,NPS_Summary.Year,NPS_Summary.Month, NPS_Summary.Recreation_Visitors,NPS_Summary.Tent_Campers,NPS_Summary.RV_Campers )\
NameError: name 'NPS_Summary' is not defined
127.0.0.1 - - [21/Apr/2021 21:48:13] "←[35m←[1mGET /api/v1.0/nps_mvnp HTTP/1.1←[0m" 500 -
127.0.0.1 - - [21/Apr/2021 21:48:13] "←[35m←[1mGET /api/v1.0/nps_bcnp HTTP/1.1←[0m" 500 -
Traceback (most recent call last):
  File "C:\Users\susan.farago\anaconda3\envs\project_2\lib\site-packages\flask\app.py", line 2464, in __call__
    return self.wsgi_app(environ, start_response)
  File "C:\Users\susan.farago\anaconda3\envs\project_2\lib\site-packages\flask\app.py", line 2450, in wsgi_app
    response = self.handle_exception(e)
  File "C:\Users\susan.farago\anaconda3\envs\project_2\lib\site-packages\flask\app.py", line 1867, in handle_exception
    reraise(exc_type, exc_value, tb)
  File "C:\Users\susan.farago\anaconda3\envs\project_2\lib\site-packages\flask\_compat.py", line 39, in reraise
    raise value
  File "C:\Users\susan.farago\anaconda3\envs\project_2\lib\site-packages\flask\app.py", line 2447, in wsgi_app
    response = self.full_dispatch_request()
  File "C:\Users\susan.farago\anaconda3\envs\project_2\lib\site-packages\flask\app.py", line 1952, in full_dispatch_request
    rv = self.handle_user_exception(e)
  File "C:\Users\susan.farago\anaconda3\envs\project_2\lib\site-packages\flask\app.py", line 1821, in handle_user_exception
    reraise(exc_type, exc_value, tb)
  File "C:\Users\susan.farago\anaconda3\envs\project_2\lib\site-packages\flask\_compat.py", line 39, in reraise
    raise value
  File "C:\Users\susan.farago\anaconda3\envs\project_2\lib\site-packages\flask\app.py", line 1950, in full_dispatch_request
    rv = self.dispatch_request()
  File "C:\Users\susan.farago\anaconda3\envs\project_2\lib\site-packages\flask\app.py", line 1936, in dispatch_request
    return self.view_functions[rule.endpoint](**req.view_args)
  File "C:\Users\susan.farago\PythonHome\project-2\app.py", line 88, in nps_mvnp
    results = session.query(NPS_Summary.Park,NPS_Summary.Year,NPS_Summary.Month, NPS_Summary.Recreation_Visitors,NPS_Summary.Tent_Campers,NPS_Summary.RV_Campers )\
NameError: name 'NPS_Summary' is not defined
Traceback (most recent call last):
  File "C:\Users\susan.farago\anaconda3\envs\project_2\lib\site-packages\flask\app.py", line 2464, in __call__
    return self.wsgi_app(environ, start_response)
  File "C:\Users\susan.farago\anaconda3\envs\project_2\lib\site-packages\flask\app.py", line 2450, in wsgi_app
    response = self.handle_exception(e)
  File "C:\Users\susan.farago\anaconda3\envs\project_2\lib\site-packages\flask\app.py", line 1867, in handle_exception
    reraise(exc_type, exc_value, tb)
  File "C:\Users\susan.farago\anaconda3\envs\project_2\lib\site-packages\flask\_compat.py", line 39, in reraise
    raise value
  File "C:\Users\susan.farago\anaconda3\envs\project_2\lib\site-packages\flask\app.py", line 2447, in wsgi_app
    response = self.full_dispatch_request()
  File "C:\Users\susan.farago\anaconda3\envs\project_2\lib\site-packages\flask\app.py", line 1952, in full_dispatch_request
    rv = self.handle_user_exception(e)
  File "C:\Users\susan.farago\anaconda3\envs\project_2\lib\site-packages\flask\app.py", line 1821, in handle_user_exception
    reraise(exc_type, exc_value, tb)
  File "C:\Users\susan.farago\anaconda3\envs\project_2\lib\site-packages\flask\_compat.py", line 39, in reraise
    raise value
  File "C:\Users\susan.farago\anaconda3\envs\project_2\lib\site-packages\flask\app.py", line 1950, in full_dispatch_request
    rv = self.dispatch_request()
  File "C:\Users\susan.farago\anaconda3\envs\project_2\lib\site-packages\flask\app.py", line 1936, in dispatch_request
    return self.view_functions[rule.endpoint](**req.view_args)
  File "C:\Users\susan.farago\PythonHome\project-2\app.py", line 138, in nps_bcnp
    results = session.query(NPS_Summary.Park,NPS_Summary.Year,NPS_Summary.Month, NPS_Summary.Recreation_Visitors,NPS_Summary.Tent_Campers,NPS_Summary.RV_Campers )\
NameError: name 'NPS_Summary' is not defined
127.0.0.1 - - [21/Apr/2021 21:48:13] "←[35m←[1mGET /api/v1.0/nps_gsdnp HTTP/1.1←[0m" 500 -
Traceback (most recent call last):
  File "C:\Users\susan.farago\anaconda3\envs\project_2\lib\site-packages\flask\app.py", line 2464, in __call__
    return self.wsgi_app(environ, start_response)
  File "C:\Users\susan.farago\anaconda3\envs\project_2\lib\site-packages\flask\app.py", line 2450, in wsgi_app
    response = self.handle_exception(e)
  File "C:\Users\susan.farago\anaconda3\envs\project_2\lib\site-packages\flask\app.py", line 1867, in handle_exception
    reraise(exc_type, exc_value, tb)
  File "C:\Users\susan.farago\anaconda3\envs\project_2\lib\site-packages\flask\_compat.py", line 39, in reraise
    raise value
  File "C:\Users\susan.farago\anaconda3\envs\project_2\lib\site-packages\flask\app.py", line 2447, in wsgi_app
    response = self.full_dispatch_request()
  File "C:\Users\susan.farago\anaconda3\envs\project_2\lib\site-packages\flask\app.py", line 1952, in full_dispatch_request
    rv = self.handle_user_exception(e)
  File "C:\Users\susan.farago\anaconda3\envs\project_2\lib\site-packages\flask\app.py", line 1821, in handle_user_exception
    reraise(exc_type, exc_value, tb)
  File "C:\Users\susan.farago\anaconda3\envs\project_2\lib\site-packages\flask\_compat.py", line 39, in reraise
    raise value
  File "C:\Users\susan.farago\anaconda3\envs\project_2\lib\site-packages\flask\app.py", line 1950, in full_dispatch_request
    rv = self.dispatch_request()
  File "C:\Users\susan.farago\anaconda3\envs\project_2\lib\site-packages\flask\app.py", line 1936, in dispatch_request
    return self.view_functions[rule.endpoint](**req.view_args)
  File "C:\Users\susan.farago\PythonHome\project-2\app.py", line 113, in nps_gsdnp
    results = session.query(NPS_Summary.Park,NPS_Summary.Year,NPS_Summary.Month, NPS_Summary.Recreation_Visitors,NPS_Summary.Tent_Campers,NPS_Summary.RV_Campers )\
NameError: name 'NPS_Summary' is not defined
127.0.0.1 - - [21/Apr/2021 21:48:13] "←[35m←[1mGET /api/v1.0/geocode HTTP/1.1←[0m" 500 -
Traceback (most recent call last):
  File "C:\Users\susan.farago\anaconda3\envs\project_2\lib\site-packages\flask\app.py", line 2464, in __call__
    return self.wsgi_app(environ, start_response)
  File "C:\Users\susan.farago\anaconda3\envs\project_2\lib\site-packages\flask\app.py", line 2450, in wsgi_app
    response = self.handle_exception(e)
  File "C:\Users\susan.farago\anaconda3\envs\project_2\lib\site-packages\flask\app.py", line 1867, in handle_exception
    reraise(exc_type, exc_value, tb)
  File "C:\Users\susan.farago\anaconda3\envs\project_2\lib\site-packages\flask\_compat.py", line 39, in reraise
    raise value
  File "C:\Users\susan.farago\anaconda3\envs\project_2\lib\site-packages\flask\app.py", line 2447, in wsgi_app
    response = self.full_dispatch_request()
  File "C:\Users\susan.farago\anaconda3\envs\project_2\lib\site-packages\flask\app.py", line 1952, in full_dispatch_request
    rv = self.handle_user_exception(e)
  File "C:\Users\susan.farago\anaconda3\envs\project_2\lib\site-packages\flask\app.py", line 1821, in handle_user_exception
    reraise(exc_type, exc_value, tb)
  File "C:\Users\susan.farago\anaconda3\envs\project_2\lib\site-packages\flask\_compat.py", line 39, in reraise
    raise value
  File "C:\Users\susan.farago\anaconda3\envs\project_2\lib\site-packages\flask\app.py", line 1950, in full_dispatch_request
    rv = self.dispatch_request()
  File "C:\Users\susan.farago\anaconda3\envs\project_2\lib\site-packages\flask\app.py", line 1936, in dispatch_request
    return self.view_functions[rule.endpoint](**req.view_args)
  File "C:\Users\susan.farago\PythonHome\project-2\app.py", line 163, in facility_geocode
    results = session.query(Geo_Info).all()
NameError: name 'Geo_Info' is not defined
127.0.0.1 - - [21/Apr/2021 21:49:37] "←[35m←[1mGET /api/v1.0/nps_rmnp HTTP/1.1←[0m" 500 -
127.0.0.1 - - [21/Apr/2021 21:49:37] "←[35m←[1mGET /api/v1.0/nps_mvnp HTTP/1.1←[0m" 500 -
Traceback (most recent call last):
  File "C:\Users\susan.farago\anaconda3\envs\project_2\lib\site-packages\flask\app.py", line 2464, in __call__
    return self.wsgi_app(environ, start_response)
  File "C:\Users\susan.farago\anaconda3\envs\project_2\lib\site-packages\flask\app.py", line 2450, in wsgi_app
    response = self.handle_exception(e)
  File "C:\Users\susan.farago\anaconda3\envs\project_2\lib\site-packages\flask\app.py", line 1867, in handle_exception
    reraise(exc_type, exc_value, tb)
  File "C:\Users\susan.farago\anaconda3\envs\project_2\lib\site-packages\flask\_compat.py", line 39, in reraise
    raise value
  File "C:\Users\susan.farago\anaconda3\envs\project_2\lib\site-packages\flask\app.py", line 2447, in wsgi_app
    response = self.full_dispatch_request()
  File "C:\Users\susan.farago\anaconda3\envs\project_2\lib\site-packages\flask\app.py", line 1952, in full_dispatch_request
    rv = self.handle_user_exception(e)
  File "C:\Users\susan.farago\anaconda3\envs\project_2\lib\site-packages\flask\app.py", line 1821, in handle_user_exception
    reraise(exc_type, exc_value, tb)
  File "C:\Users\susan.farago\anaconda3\envs\project_2\lib\site-packages\flask\_compat.py", line 39, in reraise
    raise value
  File "C:\Users\susan.farago\anaconda3\envs\project_2\lib\site-packages\flask\app.py", line 1950, in full_dispatch_request
    rv = self.dispatch_request()
  File "C:\Users\susan.farago\anaconda3\envs\project_2\lib\site-packages\flask\app.py", line 1936, in dispatch_request
    return self.view_functions[rule.endpoint](**req.view_args)
  File "C:\Users\susan.farago\PythonHome\project-2\app.py", line 63, in nps_rmnp
    results = session.query(NPS_Summary.Park,NPS_Summary.Year,NPS_Summary.Month, NPS_Summary.Recreation_Visitors,NPS_Summary.Tent_Campers,NPS_Summary.RV_Campers )\
NameError: name 'NPS_Summary' is not defined
127.0.0.1 - - [21/Apr/2021 21:49:37] "←[35m←[1mGET /api/v1.0/nps_gsdnp HTTP/1.1←[0m" 500 -
Traceback (most recent call last):
  File "C:\Users\susan.farago\anaconda3\envs\project_2\lib\site-packages\flask\app.py", line 2464, in __call__
    return self.wsgi_app(environ, start_response)
  File "C:\Users\susan.farago\anaconda3\envs\project_2\lib\site-packages\flask\app.py", line 2450, in wsgi_app
    response = self.handle_exception(e)
  File "C:\Users\susan.farago\anaconda3\envs\project_2\lib\site-packages\flask\app.py", line 1867, in handle_exception
    reraise(exc_type, exc_value, tb)
  File "C:\Users\susan.farago\anaconda3\envs\project_2\lib\site-packages\flask\_compat.py", line 39, in reraise
    raise value
  File "C:\Users\susan.farago\anaconda3\envs\project_2\lib\site-packages\flask\app.py", line 2447, in wsgi_app
    response = self.full_dispatch_request()
  File "C:\Users\susan.farago\anaconda3\envs\project_2\lib\site-packages\flask\app.py", line 1952, in full_dispatch_request
    rv = self.handle_user_exception(e)
  File "C:\Users\susan.farago\anaconda3\envs\project_2\lib\site-packages\flask\app.py", line 1821, in handle_user_exception
    reraise(exc_type, exc_value, tb)
  File "C:\Users\susan.farago\anaconda3\envs\project_2\lib\site-packages\flask\_compat.py", line 39, in reraise
    raise value
  File "C:\Users\susan.farago\anaconda3\envs\project_2\lib\site-packages\flask\app.py", line 1950, in full_dispatch_request
    rv = self.dispatch_request()
  File "C:\Users\susan.farago\anaconda3\envs\project_2\lib\site-packages\flask\app.py", line 1936, in dispatch_request
    return self.view_functions[rule.endpoint](**req.view_args)
  File "C:\Users\susan.farago\PythonHome\project-2\app.py", line 88, in nps_mvnp
    results = session.query(NPS_Summary.Park,NPS_Summary.Year,NPS_Summary.Month, NPS_Summary.Recreation_Visitors,NPS_Summary.Tent_Campers,NPS_Summary.RV_Campers )\
NameError: name 'NPS_Summary' is not defined
127.0.0.1 - - [21/Apr/2021 21:49:37] "←[35m←[1mGET /api/v1.0/geocode HTTP/1.1←[0m" 500 -
Traceback (most recent call last):
  File "C:\Users\susan.farago\anaconda3\envs\project_2\lib\site-packages\flask\app.py", line 2464, in __call__
    return self.wsgi_app(environ, start_response)
  File "C:\Users\susan.farago\anaconda3\envs\project_2\lib\site-packages\flask\app.py", line 2450, in wsgi_app
    response = self.handle_exception(e)
  File "C:\Users\susan.farago\anaconda3\envs\project_2\lib\site-packages\flask\app.py", line 1867, in handle_exception
    reraise(exc_type, exc_value, tb)
  File "C:\Users\susan.farago\anaconda3\envs\project_2\lib\site-packages\flask\_compat.py", line 39, in reraise
    raise value
  File "C:\Users\susan.farago\anaconda3\envs\project_2\lib\site-packages\flask\app.py", line 2447, in wsgi_app
    response = self.full_dispatch_request()
  File "C:\Users\susan.farago\anaconda3\envs\project_2\lib\site-packages\flask\app.py", line 1952, in full_dispatch_request
    rv = self.handle_user_exception(e)
  File "C:\Users\susan.farago\anaconda3\envs\project_2\lib\site-packages\flask\app.py", line 1821, in handle_user_exception
    reraise(exc_type, exc_value, tb)
  File "C:\Users\susan.farago\anaconda3\envs\project_2\lib\site-packages\flask\_compat.py", line 39, in reraise
    raise value
  File "C:\Users\susan.farago\anaconda3\envs\project_2\lib\site-packages\flask\app.py", line 1950, in full_dispatch_request
    rv = self.dispatch_request()
  File "C:\Users\susan.farago\anaconda3\envs\project_2\lib\site-packages\flask\app.py", line 1936, in dispatch_request
    return self.view_functions[rule.endpoint](**req.view_args)
  File "C:\Users\susan.farago\PythonHome\project-2\app.py", line 113, in nps_gsdnp
    results = session.query(NPS_Summary.Park,NPS_Summary.Year,NPS_Summary.Month, NPS_Summary.Recreation_Visitors,NPS_Summary.Tent_Campers,NPS_Summary.RV_Campers )\
NameError: name 'NPS_Summary' is not defined
127.0.0.1 - - [21/Apr/2021 21:49:37] "←[35m←[1mGET /api/v1.0/nps_bcnp HTTP/1.1←[0m" 500 -
Traceback (most recent call last):
  File "C:\Users\susan.farago\anaconda3\envs\project_2\lib\site-packages\flask\app.py", line 2464, in __call__
    return self.wsgi_app(environ, start_response)
  File "C:\Users\susan.farago\anaconda3\envs\project_2\lib\site-packages\flask\app.py", line 2450, in wsgi_app
    response = self.handle_exception(e)
  File "C:\Users\susan.farago\anaconda3\envs\project_2\lib\site-packages\flask\app.py", line 1867, in handle_exception
    reraise(exc_type, exc_value, tb)
  File "C:\Users\susan.farago\anaconda3\envs\project_2\lib\site-packages\flask\_compat.py", line 39, in reraise
    raise value
  File "C:\Users\susan.farago\anaconda3\envs\project_2\lib\site-packages\flask\app.py", line 2447, in wsgi_app
    response = self.full_dispatch_request()
  File "C:\Users\susan.farago\anaconda3\envs\project_2\lib\site-packages\flask\app.py", line 1952, in full_dispatch_request
    rv = self.handle_user_exception(e)
  File "C:\Users\susan.farago\anaconda3\envs\project_2\lib\site-packages\flask\app.py", line 1821, in handle_user_exception
    reraise(exc_type, exc_value, tb)
  File "C:\Users\susan.farago\anaconda3\envs\project_2\lib\site-packages\flask\_compat.py", line 39, in reraise
    raise value
  File "C:\Users\susan.farago\anaconda3\envs\project_2\lib\site-packages\flask\app.py", line 1950, in full_dispatch_request
    rv = self.dispatch_request()
  File "C:\Users\susan.farago\anaconda3\envs\project_2\lib\site-packages\flask\app.py", line 1936, in dispatch_request
    return self.view_functions[rule.endpoint](**req.view_args)
  File "C:\Users\susan.farago\PythonHome\project-2\app.py", line 163, in facility_geocode
    results = session.query(Geo_Info).all()
NameError: name 'Geo_Info' is not defined
Traceback (most recent call last):
  File "C:\Users\susan.farago\anaconda3\envs\project_2\lib\site-packages\flask\app.py", line 2464, in __call__
    return self.wsgi_app(environ, start_response)
  File "C:\Users\susan.farago\anaconda3\envs\project_2\lib\site-packages\flask\app.py", line 2450, in wsgi_app
    response = self.handle_exception(e)
  File "C:\Users\susan.farago\anaconda3\envs\project_2\lib\site-packages\flask\app.py", line 1867, in handle_exception
    reraise(exc_type, exc_value, tb)
  File "C:\Users\susan.farago\anaconda3\envs\project_2\lib\site-packages\flask\_compat.py", line 39, in reraise
    raise value
  File "C:\Users\susan.farago\anaconda3\envs\project_2\lib\site-packages\flask\app.py", line 2447, in wsgi_app
    response = self.full_dispatch_request()
  File "C:\Users\susan.farago\anaconda3\envs\project_2\lib\site-packages\flask\app.py", line 1952, in full_dispatch_request
    rv = self.handle_user_exception(e)
  File "C:\Users\susan.farago\anaconda3\envs\project_2\lib\site-packages\flask\app.py", line 1821, in handle_user_exception
    reraise(exc_type, exc_value, tb)
  File "C:\Users\susan.farago\anaconda3\envs\project_2\lib\site-packages\flask\_compat.py", line 39, in reraise
    raise value
  File "C:\Users\susan.farago\anaconda3\envs\project_2\lib\site-packages\flask\app.py", line 1950, in full_dispatch_request
    rv = self.dispatch_request()
  File "C:\Users\susan.farago\anaconda3\envs\project_2\lib\site-packages\flask\app.py", line 1936, in dispatch_request
    return self.view_functions[rule.endpoint](**req.view_args)
  File "C:\Users\susan.farago\PythonHome\project-2\app.py", line 138, in nps_bcnp
    results = session.query(NPS_Summary.Park,NPS_Summary.Year,NPS_Summary.Month, NPS_Summary.Recreation_Visitors,NPS_Summary.Tent_Campers,NPS_Summary.RV_Campers )\
NameError: name 'NPS_Summary' is not defined
127.0.0.1 - - [21/Apr/2021 21:50:11] "←[35m←[1mGET /api/v1.0/nps_rmnp HTTP/1.1←[0m" 500 -
Traceback (most recent call last):
  File "C:\Users\susan.farago\anaconda3\envs\project_2\lib\site-packages\flask\app.py", line 2464, in __call__
    return self.wsgi_app(environ, start_response)
  File "C:\Users\susan.farago\anaconda3\envs\project_2\lib\site-packages\flask\app.py", line 2450, in wsgi_app
    response = self.handle_exception(e)
  File "C:\Users\susan.farago\anaconda3\envs\project_2\lib\site-packages\flask\app.py", line 1867, in handle_exception
    reraise(exc_type, exc_value, tb)
  File "C:\Users\susan.farago\anaconda3\envs\project_2\lib\site-packages\flask\_compat.py", line 39, in reraise
    raise value
  File "C:\Users\susan.farago\anaconda3\envs\project_2\lib\site-packages\flask\app.py", line 2447, in wsgi_app
    response = self.full_dispatch_request()
  File "C:\Users\susan.farago\anaconda3\envs\project_2\lib\site-packages\flask\app.py", line 1952, in full_dispatch_request
    rv = self.handle_user_exception(e)
  File "C:\Users\susan.farago\anaconda3\envs\project_2\lib\site-packages\flask\app.py", line 1821, in handle_user_exception
    reraise(exc_type, exc_value, tb)
  File "C:\Users\susan.farago\anaconda3\envs\project_2\lib\site-packages\flask\_compat.py", line 39, in reraise
    raise value
  File "C:\Users\susan.farago\anaconda3\envs\project_2\lib\site-packages\flask\app.py", line 1950, in full_dispatch_request
    rv = self.dispatch_request()
  File "C:\Users\susan.farago\anaconda3\envs\project_2\lib\site-packages\flask\app.py", line 1936, in dispatch_request
    return self.view_functions[rule.endpoint](**req.view_args)
  File "C:\Users\susan.farago\PythonHome\project-2\app.py", line 63, in nps_rmnp
    results = session.query(NPS_Summary.Park,NPS_Summary.Year,NPS_Summary.Month, NPS_Summary.Recreation_Visitors,NPS_Summary.Tent_Campers,NPS_Summary.RV_Campers )\
NameError: name 'NPS_Summary' is not defined
127.0.0.1 - - [21/Apr/2021 21:50:11] "←[35m←[1mGET /api/v1.0/nps_gsdnp HTTP/1.1←[0m" 500 -
127.0.0.1 - - [21/Apr/2021 21:50:11] "←[35m←[1mGET /api/v1.0/nps_mvnp HTTP/1.1←[0m" 500 -
Traceback (most recent call last):
  File "C:\Users\susan.farago\anaconda3\envs\project_2\lib\site-packages\flask\app.py", line 2464, in __call__
    return self.wsgi_app(environ, start_response)
  File "C:\Users\susan.farago\anaconda3\envs\project_2\lib\site-packages\flask\app.py", line 2450, in wsgi_app
    response = self.handle_exception(e)
  File "C:\Users\susan.farago\anaconda3\envs\project_2\lib\site-packages\flask\app.py", line 1867, in handle_exception
    reraise(exc_type, exc_value, tb)
  File "C:\Users\susan.farago\anaconda3\envs\project_2\lib\site-packages\flask\_compat.py", line 39, in reraise
    raise value
  File "C:\Users\susan.farago\anaconda3\envs\project_2\lib\site-packages\flask\app.py", line 2447, in wsgi_app
    response = self.full_dispatch_request()
  File "C:\Users\susan.farago\anaconda3\envs\project_2\lib\site-packages\flask\app.py", line 1952, in full_dispatch_request
    rv = self.handle_user_exception(e)
  File "C:\Users\susan.farago\anaconda3\envs\project_2\lib\site-packages\flask\app.py", line 1821, in handle_user_exception
    reraise(exc_type, exc_value, tb)
  File "C:\Users\susan.farago\anaconda3\envs\project_2\lib\site-packages\flask\_compat.py", line 39, in reraise
    raise value
  File "C:\Users\susan.farago\anaconda3\envs\project_2\lib\site-packages\flask\app.py", line 1950, in full_dispatch_request
    rv = self.dispatch_request()
  File "C:\Users\susan.farago\anaconda3\envs\project_2\lib\site-packages\flask\app.py", line 1936, in dispatch_request
    return self.view_functions[rule.endpoint](**req.view_args)
  File "C:\Users\susan.farago\PythonHome\project-2\app.py", line 88, in nps_mvnp
    results = session.query(NPS_Summary.Park,NPS_Summary.Year,NPS_Summary.Month, NPS_Summary.Recreation_Visitors,NPS_Summary.Tent_Campers,NPS_Summary.RV_Campers )\
NameError: name 'NPS_Summary' is not defined
Traceback (most recent call last):
  File "C:\Users\susan.farago\anaconda3\envs\project_2\lib\site-packages\flask\app.py", line 2464, in __call__
    return self.wsgi_app(environ, start_response)
  File "C:\Users\susan.farago\anaconda3\envs\project_2\lib\site-packages\flask\app.py", line 2450, in wsgi_app
    response = self.handle_exception(e)
  File "C:\Users\susan.farago\anaconda3\envs\project_2\lib\site-packages\flask\app.py", line 1867, in handle_exception
    reraise(exc_type, exc_value, tb)
  File "C:\Users\susan.farago\anaconda3\envs\project_2\lib\site-packages\flask\_compat.py", line 39, in reraise
    raise value
  File "C:\Users\susan.farago\anaconda3\envs\project_2\lib\site-packages\flask\app.py", line 2447, in wsgi_app
    response = self.full_dispatch_request()
  File "C:\Users\susan.farago\anaconda3\envs\project_2\lib\site-packages\flask\app.py", line 1952, in full_dispatch_request
    rv = self.handle_user_exception(e)
  File "C:\Users\susan.farago\anaconda3\envs\project_2\lib\site-packages\flask\app.py", line 1821, in handle_user_exception
    reraise(exc_type, exc_value, tb)
  File "C:\Users\susan.farago\anaconda3\envs\project_2\lib\site-packages\flask\_compat.py", line 39, in reraise
    raise value
  File "C:\Users\susan.farago\anaconda3\envs\project_2\lib\site-packages\flask\app.py", line 1950, in full_dispatch_request
    rv = self.dispatch_request()
  File "C:\Users\susan.farago\anaconda3\envs\project_2\lib\site-packages\flask\app.py", line 1936, in dispatch_request
    return self.view_functions[rule.endpoint](**req.view_args)
  File "C:\Users\susan.farago\PythonHome\project-2\app.py", line 113, in nps_gsdnp
    results = session.query(NPS_Summary.Park,NPS_Summary.Year,NPS_Summary.Month, NPS_Summary.Recreation_Visitors,NPS_Summary.Tent_Campers,NPS_Summary.RV_Campers )\
NameError: name 'NPS_Summary' is not defined
127.0.0.1 - - [21/Apr/2021 21:50:11] "←[35m←[1mGET /api/v1.0/nps_bcnp HTTP/1.1←[0m" 500 -
127.0.0.1 - - [21/Apr/2021 21:50:11] "←[35m←[1mGET /api/v1.0/geocode HTTP/1.1←[0m" 500 -
Traceback (most recent call last):
  File "C:\Users\susan.farago\anaconda3\envs\project_2\lib\site-packages\flask\app.py", line 2464, in __call__
    return self.wsgi_app(environ, start_response)
  File "C:\Users\susan.farago\anaconda3\envs\project_2\lib\site-packages\flask\app.py", line 2450, in wsgi_app
    response = self.handle_exception(e)
  File "C:\Users\susan.farago\anaconda3\envs\project_2\lib\site-packages\flask\app.py", line 1867, in handle_exception
    reraise(exc_type, exc_value, tb)
  File "C:\Users\susan.farago\anaconda3\envs\project_2\lib\site-packages\flask\_compat.py", line 39, in reraise
    raise value
  File "C:\Users\susan.farago\anaconda3\envs\project_2\lib\site-packages\flask\app.py", line 2447, in wsgi_app
    response = self.full_dispatch_request()
  File "C:\Users\susan.farago\anaconda3\envs\project_2\lib\site-packages\flask\app.py", line 1952, in full_dispatch_request
    rv = self.handle_user_exception(e)
  File "C:\Users\susan.farago\anaconda3\envs\project_2\lib\site-packages\flask\app.py", line 1821, in handle_user_exception
    reraise(exc_type, exc_value, tb)
  File "C:\Users\susan.farago\anaconda3\envs\project_2\lib\site-packages\flask\_compat.py", line 39, in reraise
    raise value
  File "C:\Users\susan.farago\anaconda3\envs\project_2\lib\site-packages\flask\app.py", line 1950, in full_dispatch_request
    rv = self.dispatch_request()
  File "C:\Users\susan.farago\anaconda3\envs\project_2\lib\site-packages\flask\app.py", line 1936, in dispatch_request
    return self.view_functions[rule.endpoint](**req.view_args)
  File "C:\Users\susan.farago\PythonHome\project-2\app.py", line 138, in nps_bcnp
    results = session.query(NPS_Summary.Park,NPS_Summary.Year,NPS_Summary.Month, NPS_Summary.Recreation_Visitors,NPS_Summary.Tent_Campers,NPS_Summary.RV_Campers )\
NameError: name 'NPS_Summary' is not defined
Traceback (most recent call last):
  File "C:\Users\susan.farago\anaconda3\envs\project_2\lib\site-packages\flask\app.py", line 2464, in __call__
    return self.wsgi_app(environ, start_response)
  File "C:\Users\susan.farago\anaconda3\envs\project_2\lib\site-packages\flask\app.py", line 2450, in wsgi_app
    response = self.handle_exception(e)
  File "C:\Users\susan.farago\anaconda3\envs\project_2\lib\site-packages\flask\app.py", line 1867, in handle_exception
    reraise(exc_type, exc_value, tb)
  File "C:\Users\susan.farago\anaconda3\envs\project_2\lib\site-packages\flask\_compat.py", line 39, in reraise
    raise value
  File "C:\Users\susan.farago\anaconda3\envs\project_2\lib\site-packages\flask\app.py", line 2447, in wsgi_app
    response = self.full_dispatch_request()
  File "C:\Users\susan.farago\anaconda3\envs\project_2\lib\site-packages\flask\app.py", line 1952, in full_dispatch_request
    rv = self.handle_user_exception(e)
  File "C:\Users\susan.farago\anaconda3\envs\project_2\lib\site-packages\flask\app.py", line 1821, in handle_user_exception
    reraise(exc_type, exc_value, tb)
  File "C:\Users\susan.farago\anaconda3\envs\project_2\lib\site-packages\flask\_compat.py", line 39, in reraise
    raise value
  File "C:\Users\susan.farago\anaconda3\envs\project_2\lib\site-packages\flask\app.py", line 1950, in full_dispatch_request
    rv = self.dispatch_request()
  File "C:\Users\susan.farago\anaconda3\envs\project_2\lib\site-packages\flask\app.py", line 1936, in dispatch_request
    return self.view_functions[rule.endpoint](**req.view_args)
  File "C:\Users\susan.farago\PythonHome\project-2\app.py", line 163, in facility_geocode
    results = session.query(Geo_Info).all()
NameError: name 'Geo_Info' is not defined
127.0.0.1 - - [21/Apr/2021 21:52:11] "←[35m←[1mGET /api/v1.0/nps_rmnp HTTP/1.1←[0m" 500 -
Traceback (most recent call last):
  File "C:\Users\susan.farago\anaconda3\envs\project_2\lib\site-packages\flask\app.py", line 2464, in __call__
    return self.wsgi_app(environ, start_response)
  File "C:\Users\susan.farago\anaconda3\envs\project_2\lib\site-packages\flask\app.py", line 2450, in wsgi_app
    response = self.handle_exception(e)
  File "C:\Users\susan.farago\anaconda3\envs\project_2\lib\site-packages\flask\app.py", line 1867, in handle_exception
    reraise(exc_type, exc_value, tb)
  File "C:\Users\susan.farago\anaconda3\envs\project_2\lib\site-packages\flask\_compat.py", line 39, in reraise
    raise value
  File "C:\Users\susan.farago\anaconda3\envs\project_2\lib\site-packages\flask\app.py", line 2447, in wsgi_app
    response = self.full_dispatch_request()
  File "C:\Users\susan.farago\anaconda3\envs\project_2\lib\site-packages\flask\app.py", line 1952, in full_dispatch_request
    rv = self.handle_user_exception(e)
  File "C:\Users\susan.farago\anaconda3\envs\project_2\lib\site-packages\flask\app.py", line 1821, in handle_user_exception
    reraise(exc_type, exc_value, tb)
  File "C:\Users\susan.farago\anaconda3\envs\project_2\lib\site-packages\flask\_compat.py", line 39, in reraise
    raise value
  File "C:\Users\susan.farago\anaconda3\envs\project_2\lib\site-packages\flask\app.py", line 1950, in full_dispatch_request
    rv = self.dispatch_request()
  File "C:\Users\susan.farago\anaconda3\envs\project_2\lib\site-packages\flask\app.py", line 1936, in dispatch_request
    return self.view_functions[rule.endpoint](**req.view_args)
  File "C:\Users\susan.farago\PythonHome\project-2\app.py", line 63, in nps_rmnp
    results = session.query(NPS_Summary.Park,NPS_Summary.Year,NPS_Summary.Month, NPS_Summary.Recreation_Visitors,NPS_Summary.Tent_Campers,NPS_Summary.RV_Campers )\
NameError: name 'NPS_Summary' is not defined
127.0.0.1 - - [21/Apr/2021 21:52:11] "←[35m←[1mGET /api/v1.0/nps_mvnp HTTP/1.1←[0m" 500 -
Traceback (most recent call last):
  File "C:\Users\susan.farago\anaconda3\envs\project_2\lib\site-packages\flask\app.py", line 2464, in __call__
    return self.wsgi_app(environ, start_response)
  File "C:\Users\susan.farago\anaconda3\envs\project_2\lib\site-packages\flask\app.py", line 2450, in wsgi_app
    response = self.handle_exception(e)
  File "C:\Users\susan.farago\anaconda3\envs\project_2\lib\site-packages\flask\app.py", line 1867, in handle_exception
    reraise(exc_type, exc_value, tb)
  File "C:\Users\susan.farago\anaconda3\envs\project_2\lib\site-packages\flask\_compat.py", line 39, in reraise
    raise value
  File "C:\Users\susan.farago\anaconda3\envs\project_2\lib\site-packages\flask\app.py", line 2447, in wsgi_app
    response = self.full_dispatch_request()
  File "C:\Users\susan.farago\anaconda3\envs\project_2\lib\site-packages\flask\app.py", line 1952, in full_dispatch_request
    rv = self.handle_user_exception(e)
  File "C:\Users\susan.farago\anaconda3\envs\project_2\lib\site-packages\flask\app.py", line 1821, in handle_user_exception
    reraise(exc_type, exc_value, tb)
  File "C:\Users\susan.farago\anaconda3\envs\project_2\lib\site-packages\flask\_compat.py", line 39, in reraise
    raise value
  File "C:\Users\susan.farago\anaconda3\envs\project_2\lib\site-packages\flask\app.py", line 1950, in full_dispatch_request
    rv = self.dispatch_request()
  File "C:\Users\susan.farago\anaconda3\envs\project_2\lib\site-packages\flask\app.py", line 1936, in dispatch_request
    return self.view_functions[rule.endpoint](**req.view_args)
  File "C:\Users\susan.farago\PythonHome\project-2\app.py", line 88, in nps_mvnp
    results = session.query(NPS_Summary.Park,NPS_Summary.Year,NPS_Summary.Month, NPS_Summary.Recreation_Visitors,NPS_Summary.Tent_Campers,NPS_Summary.RV_Campers )\
NameError: name 'NPS_Summary' is not defined
127.0.0.1 - - [21/Apr/2021 21:52:11] "←[35m←[1mGET /api/v1.0/nps_gsdnp HTTP/1.1←[0m" 500 -
127.0.0.1 - - [21/Apr/2021 21:52:11] "←[35m←[1mGET /api/v1.0/nps_bcnp HTTP/1.1←[0m" 500 -
Traceback (most recent call last):
  File "C:\Users\susan.farago\anaconda3\envs\project_2\lib\site-packages\flask\app.py", line 2464, in __call__
    return self.wsgi_app(environ, start_response)
  File "C:\Users\susan.farago\anaconda3\envs\project_2\lib\site-packages\flask\app.py", line 2450, in wsgi_app
    response = self.handle_exception(e)
  File "C:\Users\susan.farago\anaconda3\envs\project_2\lib\site-packages\flask\app.py", line 1867, in handle_exception
    reraise(exc_type, exc_value, tb)
  File "C:\Users\susan.farago\anaconda3\envs\project_2\lib\site-packages\flask\_compat.py", line 39, in reraise
    raise value
  File "C:\Users\susan.farago\anaconda3\envs\project_2\lib\site-packages\flask\app.py", line 2447, in wsgi_app
    response = self.full_dispatch_request()
  File "C:\Users\susan.farago\anaconda3\envs\project_2\lib\site-packages\flask\app.py", line 1952, in full_dispatch_request
    rv = self.handle_user_exception(e)
  File "C:\Users\susan.farago\anaconda3\envs\project_2\lib\site-packages\flask\app.py", line 1821, in handle_user_exception
    reraise(exc_type, exc_value, tb)
  File "C:\Users\susan.farago\anaconda3\envs\project_2\lib\site-packages\flask\_compat.py", line 39, in reraise
    raise value
  File "C:\Users\susan.farago\anaconda3\envs\project_2\lib\site-packages\flask\app.py", line 1950, in full_dispatch_request
    rv = self.dispatch_request()
  File "C:\Users\susan.farago\anaconda3\envs\project_2\lib\site-packages\flask\app.py", line 1936, in dispatch_request
    return self.view_functions[rule.endpoint](**req.view_args)
  File "C:\Users\susan.farago\PythonHome\project-2\app.py", line 113, in nps_gsdnp
    results = session.query(NPS_Summary.Park,NPS_Summary.Year,NPS_Summary.Month, NPS_Summary.Recreation_Visitors,NPS_Summary.Tent_Campers,NPS_Summary.RV_Campers )\
NameError: name 'NPS_Summary' is not defined
127.0.0.1 - - [21/Apr/2021 21:52:11] "←[35m←[1mGET /api/v1.0/geocode HTTP/1.1←[0m" 500 -
Traceback (most recent call last):
  File "C:\Users\susan.farago\anaconda3\envs\project_2\lib\site-packages\flask\app.py", line 2464, in __call__
    return self.wsgi_app(environ, start_response)
  File "C:\Users\susan.farago\anaconda3\envs\project_2\lib\site-packages\flask\app.py", line 2450, in wsgi_app
    response = self.handle_exception(e)
  File "C:\Users\susan.farago\anaconda3\envs\project_2\lib\site-packages\flask\app.py", line 1867, in handle_exception
    reraise(exc_type, exc_value, tb)
  File "C:\Users\susan.farago\anaconda3\envs\project_2\lib\site-packages\flask\_compat.py", line 39, in reraise
    raise value
  File "C:\Users\susan.farago\anaconda3\envs\project_2\lib\site-packages\flask\app.py", line 2447, in wsgi_app
    response = self.full_dispatch_request()
  File "C:\Users\susan.farago\anaconda3\envs\project_2\lib\site-packages\flask\app.py", line 1952, in full_dispatch_request
    rv = self.handle_user_exception(e)
  File "C:\Users\susan.farago\anaconda3\envs\project_2\lib\site-packages\flask\app.py", line 1821, in handle_user_exception
    reraise(exc_type, exc_value, tb)
  File "C:\Users\susan.farago\anaconda3\envs\project_2\lib\site-packages\flask\_compat.py", line 39, in reraise
    raise value
  File "C:\Users\susan.farago\anaconda3\envs\project_2\lib\site-packages\flask\app.py", line 1950, in full_dispatch_request
    rv = self.dispatch_request()
  File "C:\Users\susan.farago\anaconda3\envs\project_2\lib\site-packages\flask\app.py", line 1936, in dispatch_request
    return self.view_functions[rule.endpoint](**req.view_args)
  File "C:\Users\susan.farago\PythonHome\project-2\app.py", line 138, in nps_bcnp
    results = session.query(NPS_Summary.Park,NPS_Summary.Year,NPS_Summary.Month, NPS_Summary.Recreation_Visitors,NPS_Summary.Tent_Campers,NPS_Summary.RV_Campers )\
NameError: name 'NPS_Summary' is not defined
Traceback (most recent call last):
  File "C:\Users\susan.farago\anaconda3\envs\project_2\lib\site-packages\flask\app.py", line 2464, in __call__
    return self.wsgi_app(environ, start_response)
  File "C:\Users\susan.farago\anaconda3\envs\project_2\lib\site-packages\flask\app.py", line 2450, in wsgi_app
    response = self.handle_exception(e)
  File "C:\Users\susan.farago\anaconda3\envs\project_2\lib\site-packages\flask\app.py", line 1867, in handle_exception
    reraise(exc_type, exc_value, tb)
  File "C:\Users\susan.farago\anaconda3\envs\project_2\lib\site-packages\flask\_compat.py", line 39, in reraise
    raise value
  File "C:\Users\susan.farago\anaconda3\envs\project_2\lib\site-packages\flask\app.py", line 2447, in wsgi_app
    response = self.full_dispatch_request()
  File "C:\Users\susan.farago\anaconda3\envs\project_2\lib\site-packages\flask\app.py", line 1952, in full_dispatch_request
    rv = self.handle_user_exception(e)
  File "C:\Users\susan.farago\anaconda3\envs\project_2\lib\site-packages\flask\app.py", line 1821, in handle_user_exception
    reraise(exc_type, exc_value, tb)
  File "C:\Users\susan.farago\anaconda3\envs\project_2\lib\site-packages\flask\_compat.py", line 39, in reraise
    raise value
  File "C:\Users\susan.farago\anaconda3\envs\project_2\lib\site-packages\flask\app.py", line 1950, in full_dispatch_request
    rv = self.dispatch_request()
  File "C:\Users\susan.farago\anaconda3\envs\project_2\lib\site-packages\flask\app.py", line 1936, in dispatch_request
    return self.view_functions[rule.endpoint](**req.view_args)
  File "C:\Users\susan.farago\PythonHome\project-2\app.py", line 163, in facility_geocode
    results = session.query(Geo_Info).all()
NameError: name 'Geo_Info' is not defined
127.0.0.1 - - [21/Apr/2021 21:54:54] "←[35m←[1mGET /api/v1.0/nps_rmnp HTTP/1.1←[0m" 500 -
Traceback (most recent call last):
  File "C:\Users\susan.farago\anaconda3\envs\project_2\lib\site-packages\flask\app.py", line 2464, in __call__
    return self.wsgi_app(environ, start_response)
  File "C:\Users\susan.farago\anaconda3\envs\project_2\lib\site-packages\flask\app.py", line 2450, in wsgi_app
    response = self.handle_exception(e)
  File "C:\Users\susan.farago\anaconda3\envs\project_2\lib\site-packages\flask\app.py", line 1867, in handle_exception
    reraise(exc_type, exc_value, tb)
  File "C:\Users\susan.farago\anaconda3\envs\project_2\lib\site-packages\flask\_compat.py", line 39, in reraise
    raise value
  File "C:\Users\susan.farago\anaconda3\envs\project_2\lib\site-packages\flask\app.py", line 2447, in wsgi_app
    response = self.full_dispatch_request()
  File "C:\Users\susan.farago\anaconda3\envs\project_2\lib\site-packages\flask\app.py", line 1952, in full_dispatch_request
    rv = self.handle_user_exception(e)
  File "C:\Users\susan.farago\anaconda3\envs\project_2\lib\site-packages\flask\app.py", line 1821, in handle_user_exception
    reraise(exc_type, exc_value, tb)
  File "C:\Users\susan.farago\anaconda3\envs\project_2\lib\site-packages\flask\_compat.py", line 39, in reraise
    raise value
  File "C:\Users\susan.farago\anaconda3\envs\project_2\lib\site-packages\flask\app.py", line 1950, in full_dispatch_request
    rv = self.dispatch_request()
  File "C:\Users\susan.farago\anaconda3\envs\project_2\lib\site-packages\flask\app.py", line 1936, in dispatch_request
    return self.view_functions[rule.endpoint](**req.view_args)
  File "C:\Users\susan.farago\PythonHome\project-2\app.py", line 63, in nps_rmnp
    results = session.query(NPS_Summary.Park,NPS_Summary.Year,NPS_Summary.Month, NPS_Summary.Recreation_Visitors,NPS_Summary.Tent_Campers,NPS_Summary.RV_Campers )\
NameError: name 'NPS_Summary' is not defined
127.0.0.1 - - [21/Apr/2021 21:54:54] "←[35m←[1mGET /api/v1.0/nps_mvnp HTTP/1.1←[0m" 500 -
127.0.0.1 - - [21/Apr/2021 21:54:54] "←[35m←[1mGET /api/v1.0/geocode HTTP/1.1←[0m" 500 -
Traceback (most recent call last):
  File "C:\Users\susan.farago\anaconda3\envs\project_2\lib\site-packages\flask\app.py", line 2464, in __call__
    return self.wsgi_app(environ, start_response)
  File "C:\Users\susan.farago\anaconda3\envs\project_2\lib\site-packages\flask\app.py", line 2450, in wsgi_app
    response = self.handle_exception(e)
  File "C:\Users\susan.farago\anaconda3\envs\project_2\lib\site-packages\flask\app.py", line 1867, in handle_exception
    reraise(exc_type, exc_value, tb)
  File "C:\Users\susan.farago\anaconda3\envs\project_2\lib\site-packages\flask\_compat.py", line 39, in reraise
    raise value
  File "C:\Users\susan.farago\anaconda3\envs\project_2\lib\site-packages\flask\app.py", line 2447, in wsgi_app
    response = self.full_dispatch_request()
  File "C:\Users\susan.farago\anaconda3\envs\project_2\lib\site-packages\flask\app.py", line 1952, in full_dispatch_request
    rv = self.handle_user_exception(e)
  File "C:\Users\susan.farago\anaconda3\envs\project_2\lib\site-packages\flask\app.py", line 1821, in handle_user_exception
    reraise(exc_type, exc_value, tb)
  File "C:\Users\susan.farago\anaconda3\envs\project_2\lib\site-packages\flask\_compat.py", line 39, in reraise
    raise value
  File "C:\Users\susan.farago\anaconda3\envs\project_2\lib\site-packages\flask\app.py", line 1950, in full_dispatch_request
    rv = self.dispatch_request()
  File "C:\Users\susan.farago\anaconda3\envs\project_2\lib\site-packages\flask\app.py", line 1936, in dispatch_request
    return self.view_functions[rule.endpoint](**req.view_args)
  File "C:\Users\susan.farago\PythonHome\project-2\app.py", line 88, in nps_mvnp
    results = session.query(NPS_Summary.Park,NPS_Summary.Year,NPS_Summary.Month, NPS_Summary.Recreation_Visitors,NPS_Summary.Tent_Campers,NPS_Summary.RV_Campers )\
NameError: name 'NPS_Summary' is not defined
127.0.0.1 - - [21/Apr/2021 21:54:54] "←[35m←[1mGET /api/v1.0/nps_bcnp HTTP/1.1←[0m" 500 -
Traceback (most recent call last):
  File "C:\Users\susan.farago\anaconda3\envs\project_2\lib\site-packages\flask\app.py", line 2464, in __call__
    return self.wsgi_app(environ, start_response)
  File "C:\Users\susan.farago\anaconda3\envs\project_2\lib\site-packages\flask\app.py", line 2450, in wsgi_app
    response = self.handle_exception(e)
  File "C:\Users\susan.farago\anaconda3\envs\project_2\lib\site-packages\flask\app.py", line 1867, in handle_exception
    reraise(exc_type, exc_value, tb)
  File "C:\Users\susan.farago\anaconda3\envs\project_2\lib\site-packages\flask\_compat.py", line 39, in reraise
    raise value
  File "C:\Users\susan.farago\anaconda3\envs\project_2\lib\site-packages\flask\app.py", line 2447, in wsgi_app
    response = self.full_dispatch_request()
  File "C:\Users\susan.farago\anaconda3\envs\project_2\lib\site-packages\flask\app.py", line 1952, in full_dispatch_request
    rv = self.handle_user_exception(e)
  File "C:\Users\susan.farago\anaconda3\envs\project_2\lib\site-packages\flask\app.py", line 1821, in handle_user_exception
    reraise(exc_type, exc_value, tb)
  File "C:\Users\susan.farago\anaconda3\envs\project_2\lib\site-packages\flask\_compat.py", line 39, in reraise
    raise value
  File "C:\Users\susan.farago\anaconda3\envs\project_2\lib\site-packages\flask\app.py", line 1950, in full_dispatch_request
    rv = self.dispatch_request()
  File "C:\Users\susan.farago\anaconda3\envs\project_2\lib\site-packages\flask\app.py", line 1936, in dispatch_request
    return self.view_functions[rule.endpoint](**req.view_args)
  File "C:\Users\susan.farago\PythonHome\project-2\app.py", line 163, in facility_geocode
    results = session.query(Geo_Info).all()
NameError: name 'Geo_Info' is not defined
127.0.0.1 - - [21/Apr/2021 21:54:54] "←[35m←[1mGET /api/v1.0/nps_gsdnp HTTP/1.1←[0m" 500 -
Traceback (most recent call last):
  File "C:\Users\susan.farago\anaconda3\envs\project_2\lib\site-packages\flask\app.py", line 2464, in __call__
    return self.wsgi_app(environ, start_response)
  File "C:\Users\susan.farago\anaconda3\envs\project_2\lib\site-packages\flask\app.py", line 2450, in wsgi_app
    response = self.handle_exception(e)
  File "C:\Users\susan.farago\anaconda3\envs\project_2\lib\site-packages\flask\app.py", line 1867, in handle_exception
    reraise(exc_type, exc_value, tb)
  File "C:\Users\susan.farago\anaconda3\envs\project_2\lib\site-packages\flask\_compat.py", line 39, in reraise
    raise value
  File "C:\Users\susan.farago\anaconda3\envs\project_2\lib\site-packages\flask\app.py", line 2447, in wsgi_app
    response = self.full_dispatch_request()
  File "C:\Users\susan.farago\anaconda3\envs\project_2\lib\site-packages\flask\app.py", line 1952, in full_dispatch_request
    rv = self.handle_user_exception(e)
  File "C:\Users\susan.farago\anaconda3\envs\project_2\lib\site-packages\flask\app.py", line 1821, in handle_user_exception
    reraise(exc_type, exc_value, tb)
  File "C:\Users\susan.farago\anaconda3\envs\project_2\lib\site-packages\flask\_compat.py", line 39, in reraise
    raise value
  File "C:\Users\susan.farago\anaconda3\envs\project_2\lib\site-packages\flask\app.py", line 1950, in full_dispatch_request
    rv = self.dispatch_request()
  File "C:\Users\susan.farago\anaconda3\envs\project_2\lib\site-packages\flask\app.py", line 1936, in dispatch_request
    return self.view_functions[rule.endpoint](**req.view_args)
  File "C:\Users\susan.farago\PythonHome\project-2\app.py", line 138, in nps_bcnp
    results = session.query(NPS_Summary.Park,NPS_Summary.Year,NPS_Summary.Month, NPS_Summary.Recreation_Visitors,NPS_Summary.Tent_Campers,NPS_Summary.RV_Campers )\
NameError: name 'NPS_Summary' is not defined
Traceback (most recent call last):
  File "C:\Users\susan.farago\anaconda3\envs\project_2\lib\site-packages\flask\app.py", line 2464, in __call__
    return self.wsgi_app(environ, start_response)
  File "C:\Users\susan.farago\anaconda3\envs\project_2\lib\site-packages\flask\app.py", line 2450, in wsgi_app
    response = self.handle_exception(e)
  File "C:\Users\susan.farago\anaconda3\envs\project_2\lib\site-packages\flask\app.py", line 1867, in handle_exception
    reraise(exc_type, exc_value, tb)
  File "C:\Users\susan.farago\anaconda3\envs\project_2\lib\site-packages\flask\_compat.py", line 39, in reraise
    raise value
  File "C:\Users\susan.farago\anaconda3\envs\project_2\lib\site-packages\flask\app.py", line 2447, in wsgi_app
    response = self.full_dispatch_request()
  File "C:\Users\susan.farago\anaconda3\envs\project_2\lib\site-packages\flask\app.py", line 1952, in full_dispatch_request
    rv = self.handle_user_exception(e)
  File "C:\Users\susan.farago\anaconda3\envs\project_2\lib\site-packages\flask\app.py", line 1821, in handle_user_exception
    reraise(exc_type, exc_value, tb)
  File "C:\Users\susan.farago\anaconda3\envs\project_2\lib\site-packages\flask\_compat.py", line 39, in reraise
    raise value
  File "C:\Users\susan.farago\anaconda3\envs\project_2\lib\site-packages\flask\app.py", line 1950, in full_dispatch_request
    rv = self.dispatch_request()
  File "C:\Users\susan.farago\anaconda3\envs\project_2\lib\site-packages\flask\app.py", line 1936, in dispatch_request
    return self.view_functions[rule.endpoint](**req.view_args)
  File "C:\Users\susan.farago\PythonHome\project-2\app.py", line 113, in nps_gsdnp
    results = session.query(NPS_Summary.Park,NPS_Summary.Year,NPS_Summary.Month, NPS_Summary.Recreation_Visitors,NPS_Summary.Tent_Campers,NPS_Summary.RV_Campers )\
NameError: name 'NPS_Summary' is not defined
127.0.0.1 - - [21/Apr/2021 21:55:00] "←[35m←[1mGET /api/v1.0/nps_rmnp HTTP/1.1←[0m" 500 -
Traceback (most recent call last):
  File "C:\Users\susan.farago\anaconda3\envs\project_2\lib\site-packages\flask\app.py", line 2464, in __call__
    return self.wsgi_app(environ, start_response)
  File "C:\Users\susan.farago\anaconda3\envs\project_2\lib\site-packages\flask\app.py", line 2450, in wsgi_app
    response = self.handle_exception(e)
  File "C:\Users\susan.farago\anaconda3\envs\project_2\lib\site-packages\flask\app.py", line 1867, in handle_exception
    reraise(exc_type, exc_value, tb)
  File "C:\Users\susan.farago\anaconda3\envs\project_2\lib\site-packages\flask\_compat.py", line 39, in reraise
    raise value
  File "C:\Users\susan.farago\anaconda3\envs\project_2\lib\site-packages\flask\app.py", line 2447, in wsgi_app
    response = self.full_dispatch_request()
  File "C:\Users\susan.farago\anaconda3\envs\project_2\lib\site-packages\flask\app.py", line 1952, in full_dispatch_request
    rv = self.handle_user_exception(e)
  File "C:\Users\susan.farago\anaconda3\envs\project_2\lib\site-packages\flask\app.py", line 1821, in handle_user_exception
    reraise(exc_type, exc_value, tb)
  File "C:\Users\susan.farago\anaconda3\envs\project_2\lib\site-packages\flask\_compat.py", line 39, in reraise
    raise value
  File "C:\Users\susan.farago\anaconda3\envs\project_2\lib\site-packages\flask\app.py", line 1950, in full_dispatch_request
    rv = self.dispatch_request()
  File "C:\Users\susan.farago\anaconda3\envs\project_2\lib\site-packages\flask\app.py", line 1936, in dispatch_request
    return self.view_functions[rule.endpoint](**req.view_args)
  File "C:\Users\susan.farago\PythonHome\project-2\app.py", line 63, in nps_rmnp
    results = session.query(NPS_Summary.Park,NPS_Summary.Year,NPS_Summary.Month, NPS_Summary.Recreation_Visitors,NPS_Summary.Tent_Campers,NPS_Summary.RV_Campers )\
NameError: name 'NPS_Summary' is not defined
127.0.0.1 - - [21/Apr/2021 21:55:01] "←[35m←[1mGET /api/v1.0/nps_gsdnp HTTP/1.1←[0m" 500 -
127.0.0.1 - - [21/Apr/2021 21:55:01] "←[35m←[1mGET /api/v1.0/nps_mvnp HTTP/1.1←[0m" 500 -
Traceback (most recent call last):
  File "C:\Users\susan.farago\anaconda3\envs\project_2\lib\site-packages\flask\app.py", line 2464, in __call__
    return self.wsgi_app(environ, start_response)
  File "C:\Users\susan.farago\anaconda3\envs\project_2\lib\site-packages\flask\app.py", line 2450, in wsgi_app
    response = self.handle_exception(e)
  File "C:\Users\susan.farago\anaconda3\envs\project_2\lib\site-packages\flask\app.py", line 1867, in handle_exception
    reraise(exc_type, exc_value, tb)
  File "C:\Users\susan.farago\anaconda3\envs\project_2\lib\site-packages\flask\_compat.py", line 39, in reraise
    raise value
  File "C:\Users\susan.farago\anaconda3\envs\project_2\lib\site-packages\flask\app.py", line 2447, in wsgi_app
    response = self.full_dispatch_request()
  File "C:\Users\susan.farago\anaconda3\envs\project_2\lib\site-packages\flask\app.py", line 1952, in full_dispatch_request
    rv = self.handle_user_exception(e)
  File "C:\Users\susan.farago\anaconda3\envs\project_2\lib\site-packages\flask\app.py", line 1821, in handle_user_exception
    reraise(exc_type, exc_value, tb)
  File "C:\Users\susan.farago\anaconda3\envs\project_2\lib\site-packages\flask\_compat.py", line 39, in reraise
    raise value
  File "C:\Users\susan.farago\anaconda3\envs\project_2\lib\site-packages\flask\app.py", line 1950, in full_dispatch_request
    rv = self.dispatch_request()
  File "C:\Users\susan.farago\anaconda3\envs\project_2\lib\site-packages\flask\app.py", line 1936, in dispatch_request
    return self.view_functions[rule.endpoint](**req.view_args)
  File "C:\Users\susan.farago\PythonHome\project-2\app.py", line 113, in nps_gsdnp
    results = session.query(NPS_Summary.Park,NPS_Summary.Year,NPS_Summary.Month, NPS_Summary.Recreation_Visitors,NPS_Summary.Tent_Campers,NPS_Summary.RV_Campers )\
NameError: name 'NPS_Summary' is not defined
127.0.0.1 - - [21/Apr/2021 21:55:01] "←[35m←[1mGET /api/v1.0/nps_bcnp HTTP/1.1←[0m" 500 -
127.0.0.1 - - [21/Apr/2021 21:55:01] "←[35m←[1mGET /api/v1.0/geocode HTTP/1.1←[0m" 500 -
Traceback (most recent call last):
  File "C:\Users\susan.farago\anaconda3\envs\project_2\lib\site-packages\flask\app.py", line 2464, in __call__
    return self.wsgi_app(environ, start_response)
  File "C:\Users\susan.farago\anaconda3\envs\project_2\lib\site-packages\flask\app.py", line 2450, in wsgi_app
    response = self.handle_exception(e)
  File "C:\Users\susan.farago\anaconda3\envs\project_2\lib\site-packages\flask\app.py", line 1867, in handle_exception
    reraise(exc_type, exc_value, tb)
  File "C:\Users\susan.farago\anaconda3\envs\project_2\lib\site-packages\flask\_compat.py", line 39, in reraise
    raise value
  File "C:\Users\susan.farago\anaconda3\envs\project_2\lib\site-packages\flask\app.py", line 2447, in wsgi_app
    response = self.full_dispatch_request()
  File "C:\Users\susan.farago\anaconda3\envs\project_2\lib\site-packages\flask\app.py", line 1952, in full_dispatch_request
    rv = self.handle_user_exception(e)
  File "C:\Users\susan.farago\anaconda3\envs\project_2\lib\site-packages\flask\app.py", line 1821, in handle_user_exception
    reraise(exc_type, exc_value, tb)
  File "C:\Users\susan.farago\anaconda3\envs\project_2\lib\site-packages\flask\_compat.py", line 39, in reraise
    raise value
  File "C:\Users\susan.farago\anaconda3\envs\project_2\lib\site-packages\flask\app.py", line 1950, in full_dispatch_request
    rv = self.dispatch_request()
  File "C:\Users\susan.farago\anaconda3\envs\project_2\lib\site-packages\flask\app.py", line 1936, in dispatch_request
    return self.view_functions[rule.endpoint](**req.view_args)
  File "C:\Users\susan.farago\PythonHome\project-2\app.py", line 88, in nps_mvnp
    results = session.query(NPS_Summary.Park,NPS_Summary.Year,NPS_Summary.Month, NPS_Summary.Recreation_Visitors,NPS_Summary.Tent_Campers,NPS_Summary.RV_Campers )\
NameError: name 'NPS_Summary' is not defined
Traceback (most recent call last):
  File "C:\Users\susan.farago\anaconda3\envs\project_2\lib\site-packages\flask\app.py", line 2464, in __call__
    return self.wsgi_app(environ, start_response)
  File "C:\Users\susan.farago\anaconda3\envs\project_2\lib\site-packages\flask\app.py", line 2450, in wsgi_app
    response = self.handle_exception(e)
  File "C:\Users\susan.farago\anaconda3\envs\project_2\lib\site-packages\flask\app.py", line 1867, in handle_exception
    reraise(exc_type, exc_value, tb)
  File "C:\Users\susan.farago\anaconda3\envs\project_2\lib\site-packages\flask\_compat.py", line 39, in reraise
    raise value
  File "C:\Users\susan.farago\anaconda3\envs\project_2\lib\site-packages\flask\app.py", line 2447, in wsgi_app
    response = self.full_dispatch_request()
  File "C:\Users\susan.farago\anaconda3\envs\project_2\lib\site-packages\flask\app.py", line 1952, in full_dispatch_request
    rv = self.handle_user_exception(e)
  File "C:\Users\susan.farago\anaconda3\envs\project_2\lib\site-packages\flask\app.py", line 1821, in handle_user_exception
    reraise(exc_type, exc_value, tb)
  File "C:\Users\susan.farago\anaconda3\envs\project_2\lib\site-packages\flask\_compat.py", line 39, in reraise
    raise value
  File "C:\Users\susan.farago\anaconda3\envs\project_2\lib\site-packages\flask\app.py", line 1950, in full_dispatch_request
    rv = self.dispatch_request()
  File "C:\Users\susan.farago\anaconda3\envs\project_2\lib\site-packages\flask\app.py", line 1936, in dispatch_request
    return self.view_functions[rule.endpoint](**req.view_args)
  File "C:\Users\susan.farago\PythonHome\project-2\app.py", line 138, in nps_bcnp
    results = session.query(NPS_Summary.Park,NPS_Summary.Year,NPS_Summary.Month, NPS_Summary.Recreation_Visitors,NPS_Summary.Tent_Campers,NPS_Summary.RV_Campers )\
NameError: name 'NPS_Summary' is not defined
Traceback (most recent call last):
  File "C:\Users\susan.farago\anaconda3\envs\project_2\lib\site-packages\flask\app.py", line 2464, in __call__
    return self.wsgi_app(environ, start_response)
  File "C:\Users\susan.farago\anaconda3\envs\project_2\lib\site-packages\flask\app.py", line 2450, in wsgi_app
    response = self.handle_exception(e)
  File "C:\Users\susan.farago\anaconda3\envs\project_2\lib\site-packages\flask\app.py", line 1867, in handle_exception
    reraise(exc_type, exc_value, tb)
  File "C:\Users\susan.farago\anaconda3\envs\project_2\lib\site-packages\flask\_compat.py", line 39, in reraise
    raise value
  File "C:\Users\susan.farago\anaconda3\envs\project_2\lib\site-packages\flask\app.py", line 2447, in wsgi_app
    response = self.full_dispatch_request()
  File "C:\Users\susan.farago\anaconda3\envs\project_2\lib\site-packages\flask\app.py", line 1952, in full_dispatch_request
    rv = self.handle_user_exception(e)
  File "C:\Users\susan.farago\anaconda3\envs\project_2\lib\site-packages\flask\app.py", line 1821, in handle_user_exception
    reraise(exc_type, exc_value, tb)
  File "C:\Users\susan.farago\anaconda3\envs\project_2\lib\site-packages\flask\_compat.py", line 39, in reraise
    raise value
  File "C:\Users\susan.farago\anaconda3\envs\project_2\lib\site-packages\flask\app.py", line 1950, in full_dispatch_request
    rv = self.dispatch_request()
  File "C:\Users\susan.farago\anaconda3\envs\project_2\lib\site-packages\flask\app.py", line 1936, in dispatch_request
    return self.view_functions[rule.endpoint](**req.view_args)
  File "C:\Users\susan.farago\PythonHome\project-2\app.py", line 163, in facility_geocode
    results = session.query(Geo_Info).all()
NameError: name 'Geo_Info' is not defined
127.0.0.1 - - [22/Apr/2021 08:19:11] "←[35m←[1mGET /api/v1.0/nps_gsdnp HTTP/1.1←[0m" 500 -
127.0.0.1 - - [22/Apr/2021 08:19:11] "←[35m←[1mGET /api/v1.0/nps_mvnp HTTP/1.1←[0m" 500 -
Traceback (most recent call last):
  File "C:\Users\susan.farago\anaconda3\envs\project_2\lib\site-packages\flask\app.py", line 2464, in __call__
    return self.wsgi_app(environ, start_response)
  File "C:\Users\susan.farago\anaconda3\envs\project_2\lib\site-packages\flask\app.py", line 2450, in wsgi_app
    response = self.handle_exception(e)
  File "C:\Users\susan.farago\anaconda3\envs\project_2\lib\site-packages\flask\app.py", line 1867, in handle_exception
    reraise(exc_type, exc_value, tb)
  File "C:\Users\susan.farago\anaconda3\envs\project_2\lib\site-packages\flask\_compat.py", line 39, in reraise
    raise value
  File "C:\Users\susan.farago\anaconda3\envs\project_2\lib\site-packages\flask\app.py", line 2447, in wsgi_app
    response = self.full_dispatch_request()
  File "C:\Users\susan.farago\anaconda3\envs\project_2\lib\site-packages\flask\app.py", line 1952, in full_dispatch_request
    rv = self.handle_user_exception(e)
  File "C:\Users\susan.farago\anaconda3\envs\project_2\lib\site-packages\flask\app.py", line 1821, in handle_user_exception
    reraise(exc_type, exc_value, tb)
  File "C:\Users\susan.farago\anaconda3\envs\project_2\lib\site-packages\flask\_compat.py", line 39, in reraise
    raise value
  File "C:\Users\susan.farago\anaconda3\envs\project_2\lib\site-packages\flask\app.py", line 1950, in full_dispatch_request
    rv = self.dispatch_request()
  File "C:\Users\susan.farago\anaconda3\envs\project_2\lib\site-packages\flask\app.py", line 1936, in dispatch_request
    return self.view_functions[rule.endpoint](**req.view_args)
  File "C:\Users\susan.farago\PythonHome\project-2\app.py", line 113, in nps_gsdnp
    results = session.query(NPS_Summary.Park,NPS_Summary.Year,NPS_Summary.Month, NPS_Summary.Recreation_Visitors,NPS_Summary.Tent_Campers,NPS_Summary.RV_Campers )\
NameError: name 'NPS_Summary' is not defined
127.0.0.1 - - [22/Apr/2021 08:19:11] "←[35m←[1mGET /api/v1.0/nps_rmnp HTTP/1.1←[0m" 500 -
Traceback (most recent call last):
  File "C:\Users\susan.farago\anaconda3\envs\project_2\lib\site-packages\flask\app.py", line 2464, in __call__
    return self.wsgi_app(environ, start_response)
  File "C:\Users\susan.farago\anaconda3\envs\project_2\lib\site-packages\flask\app.py", line 2450, in wsgi_app
    response = self.handle_exception(e)
  File "C:\Users\susan.farago\anaconda3\envs\project_2\lib\site-packages\flask\app.py", line 1867, in handle_exception
    reraise(exc_type, exc_value, tb)
  File "C:\Users\susan.farago\anaconda3\envs\project_2\lib\site-packages\flask\_compat.py", line 39, in reraise
    raise value
  File "C:\Users\susan.farago\anaconda3\envs\project_2\lib\site-packages\flask\app.py", line 2447, in wsgi_app
    response = self.full_dispatch_request()
  File "C:\Users\susan.farago\anaconda3\envs\project_2\lib\site-packages\flask\app.py", line 1952, in full_dispatch_request
    rv = self.handle_user_exception(e)
  File "C:\Users\susan.farago\anaconda3\envs\project_2\lib\site-packages\flask\app.py", line 1821, in handle_user_exception
    reraise(exc_type, exc_value, tb)
  File "C:\Users\susan.farago\anaconda3\envs\project_2\lib\site-packages\flask\_compat.py", line 39, in reraise
    raise value
  File "C:\Users\susan.farago\anaconda3\envs\project_2\lib\site-packages\flask\app.py", line 1950, in full_dispatch_request
    rv = self.dispatch_request()
  File "C:\Users\susan.farago\anaconda3\envs\project_2\lib\site-packages\flask\app.py", line 1936, in dispatch_request
    return self.view_functions[rule.endpoint](**req.view_args)
  File "C:\Users\susan.farago\PythonHome\project-2\app.py", line 88, in nps_mvnp
    results = session.query(NPS_Summary.Park,NPS_Summary.Year,NPS_Summary.Month, NPS_Summary.Recreation_Visitors,NPS_Summary.Tent_Campers,NPS_Summary.RV_Campers )\
NameError: name 'NPS_Summary' is not defined
127.0.0.1 - - [22/Apr/2021 08:19:11] "←[35m←[1mGET /api/v1.0/geocode HTTP/1.1←[0m" 500 -
Traceback (most recent call last):
  File "C:\Users\susan.farago\anaconda3\envs\project_2\lib\site-packages\flask\app.py", line 2464, in __call__
    return self.wsgi_app(environ, start_response)
  File "C:\Users\susan.farago\anaconda3\envs\project_2\lib\site-packages\flask\app.py", line 2450, in wsgi_app
    response = self.handle_exception(e)
  File "C:\Users\susan.farago\anaconda3\envs\project_2\lib\site-packages\flask\app.py", line 1867, in handle_exception
    reraise(exc_type, exc_value, tb)
  File "C:\Users\susan.farago\anaconda3\envs\project_2\lib\site-packages\flask\_compat.py", line 39, in reraise
    raise value
  File "C:\Users\susan.farago\anaconda3\envs\project_2\lib\site-packages\flask\app.py", line 2447, in wsgi_app
    response = self.full_dispatch_request()
  File "C:\Users\susan.farago\anaconda3\envs\project_2\lib\site-packages\flask\app.py", line 1952, in full_dispatch_request
    rv = self.handle_user_exception(e)
  File "C:\Users\susan.farago\anaconda3\envs\project_2\lib\site-packages\flask\app.py", line 1821, in handle_user_exception
    reraise(exc_type, exc_value, tb)
  File "C:\Users\susan.farago\anaconda3\envs\project_2\lib\site-packages\flask\_compat.py", line 39, in reraise
    raise value
  File "C:\Users\susan.farago\anaconda3\envs\project_2\lib\site-packages\flask\app.py", line 1950, in full_dispatch_request
    rv = self.dispatch_request()
  File "C:\Users\susan.farago\anaconda3\envs\project_2\lib\site-packages\flask\app.py", line 1936, in dispatch_request
    return self.view_functions[rule.endpoint](**req.view_args)
  File "C:\Users\susan.farago\PythonHome\project-2\app.py", line 63, in nps_rmnp
    results = session.query(NPS_Summary.Park,NPS_Summary.Year,NPS_Summary.Month, NPS_Summary.Recreation_Visitors,NPS_Summary.Tent_Campers,NPS_Summary.RV_Campers )\
NameError: name 'NPS_Summary' is not defined
127.0.0.1 - - [22/Apr/2021 08:19:11] "←[35m←[1mGET /api/v1.0/nps_bcnp HTTP/1.1←[0m" 500 -
Traceback (most recent call last):
  File "C:\Users\susan.farago\anaconda3\envs\project_2\lib\site-packages\flask\app.py", line 2464, in __call__
    return self.wsgi_app(environ, start_response)
  File "C:\Users\susan.farago\anaconda3\envs\project_2\lib\site-packages\flask\app.py", line 2450, in wsgi_app
    response = self.handle_exception(e)
  File "C:\Users\susan.farago\anaconda3\envs\project_2\lib\site-packages\flask\app.py", line 1867, in handle_exception
    reraise(exc_type, exc_value, tb)
  File "C:\Users\susan.farago\anaconda3\envs\project_2\lib\site-packages\flask\_compat.py", line 39, in reraise
    raise value
  File "C:\Users\susan.farago\anaconda3\envs\project_2\lib\site-packages\flask\app.py", line 2447, in wsgi_app
    response = self.full_dispatch_request()
  File "C:\Users\susan.farago\anaconda3\envs\project_2\lib\site-packages\flask\app.py", line 1952, in full_dispatch_request
    rv = self.handle_user_exception(e)
  File "C:\Users\susan.farago\anaconda3\envs\project_2\lib\site-packages\flask\app.py", line 1821, in handle_user_exception
    reraise(exc_type, exc_value, tb)
  File "C:\Users\susan.farago\anaconda3\envs\project_2\lib\site-packages\flask\_compat.py", line 39, in reraise
    raise value
  File "C:\Users\susan.farago\anaconda3\envs\project_2\lib\site-packages\flask\app.py", line 1950, in full_dispatch_request
    rv = self.dispatch_request()
  File "C:\Users\susan.farago\anaconda3\envs\project_2\lib\site-packages\flask\app.py", line 1936, in dispatch_request
    return self.view_functions[rule.endpoint](**req.view_args)
  File "C:\Users\susan.farago\PythonHome\project-2\app.py", line 163, in facility_geocode
    results = session.query(Geo_Info).all()
NameError: name 'Geo_Info' is not defined
Traceback (most recent call last):
  File "C:\Users\susan.farago\anaconda3\envs\project_2\lib\site-packages\flask\app.py", line 2464, in __call__
    return self.wsgi_app(environ, start_response)
  File "C:\Users\susan.farago\anaconda3\envs\project_2\lib\site-packages\flask\app.py", line 2450, in wsgi_app
    response = self.handle_exception(e)
  File "C:\Users\susan.farago\anaconda3\envs\project_2\lib\site-packages\flask\app.py", line 1867, in handle_exception
    reraise(exc_type, exc_value, tb)
  File "C:\Users\susan.farago\anaconda3\envs\project_2\lib\site-packages\flask\_compat.py", line 39, in reraise
    raise value
  File "C:\Users\susan.farago\anaconda3\envs\project_2\lib\site-packages\flask\app.py", line 2447, in wsgi_app
    response = self.full_dispatch_request()
  File "C:\Users\susan.farago\anaconda3\envs\project_2\lib\site-packages\flask\app.py", line 1952, in full_dispatch_request
    rv = self.handle_user_exception(e)
  File "C:\Users\susan.farago\anaconda3\envs\project_2\lib\site-packages\flask\app.py", line 1821, in handle_user_exception
    reraise(exc_type, exc_value, tb)
  File "C:\Users\susan.farago\anaconda3\envs\project_2\lib\site-packages\flask\_compat.py", line 39, in reraise
    raise value
  File "C:\Users\susan.farago\anaconda3\envs\project_2\lib\site-packages\flask\app.py", line 1950, in full_dispatch_request
    rv = self.dispatch_request()
  File "C:\Users\susan.farago\anaconda3\envs\project_2\lib\site-packages\flask\app.py", line 1936, in dispatch_request
    return self.view_functions[rule.endpoint](**req.view_args)
  File "C:\Users\susan.farago\PythonHome\project-2\app.py", line 138, in nps_bcnp
    results = session.query(NPS_Summary.Park,NPS_Summary.Year,NPS_Summary.Month, NPS_Summary.Recreation_Visitors,NPS_Summary.Tent_Campers,NPS_Summary.RV_Campers )\
NameError: name 'NPS_Summary' is not defined
127.0.0.1 - - [22/Apr/2021 08:36:02] "←[35m←[1mGET /api/v1.0/nps_rmnp HTTP/1.1←[0m" 500 -
Traceback (most recent call last):
  File "C:\Users\susan.farago\anaconda3\envs\project_2\lib\site-packages\flask\app.py", line 2464, in __call__
    return self.wsgi_app(environ, start_response)
  File "C:\Users\susan.farago\anaconda3\envs\project_2\lib\site-packages\flask\app.py", line 2450, in wsgi_app
    response = self.handle_exception(e)
  File "C:\Users\susan.farago\anaconda3\envs\project_2\lib\site-packages\flask\app.py", line 1867, in handle_exception
    reraise(exc_type, exc_value, tb)
  File "C:\Users\susan.farago\anaconda3\envs\project_2\lib\site-packages\flask\_compat.py", line 39, in reraise
    raise value
  File "C:\Users\susan.farago\anaconda3\envs\project_2\lib\site-packages\flask\app.py", line 2447, in wsgi_app
    response = self.full_dispatch_request()
  File "C:\Users\susan.farago\anaconda3\envs\project_2\lib\site-packages\flask\app.py", line 1952, in full_dispatch_request
    rv = self.handle_user_exception(e)
  File "C:\Users\susan.farago\anaconda3\envs\project_2\lib\site-packages\flask\app.py", line 1821, in handle_user_exception
    reraise(exc_type, exc_value, tb)
  File "C:\Users\susan.farago\anaconda3\envs\project_2\lib\site-packages\flask\_compat.py", line 39, in reraise
    raise value
  File "C:\Users\susan.farago\anaconda3\envs\project_2\lib\site-packages\flask\app.py", line 1950, in full_dispatch_request
    rv = self.dispatch_request()
  File "C:\Users\susan.farago\anaconda3\envs\project_2\lib\site-packages\flask\app.py", line 1936, in dispatch_request
    return self.view_functions[rule.endpoint](**req.view_args)
  File "C:\Users\susan.farago\PythonHome\project-2\app.py", line 63, in nps_rmnp
    results = session.query(NPS_Summary.Park,NPS_Summary.Year,NPS_Summary.Month, NPS_Summary.Recreation_Visitors,NPS_Summary.Tent_Campers,NPS_Summary.RV_Campers )\
NameError: name 'NPS_Summary' is not defined
127.0.0.1 - - [22/Apr/2021 08:36:02] "←[35m←[1mGET /api/v1.0/nps_mvnp HTTP/1.1←[0m" 500 -
Traceback (most recent call last):
  File "C:\Users\susan.farago\anaconda3\envs\project_2\lib\site-packages\flask\app.py", line 2464, in __call__
    return self.wsgi_app(environ, start_response)
  File "C:\Users\susan.farago\anaconda3\envs\project_2\lib\site-packages\flask\app.py", line 2450, in wsgi_app
    response = self.handle_exception(e)
  File "C:\Users\susan.farago\anaconda3\envs\project_2\lib\site-packages\flask\app.py", line 1867, in handle_exception
    reraise(exc_type, exc_value, tb)
  File "C:\Users\susan.farago\anaconda3\envs\project_2\lib\site-packages\flask\_compat.py", line 39, in reraise
    raise value
  File "C:\Users\susan.farago\anaconda3\envs\project_2\lib\site-packages\flask\app.py", line 2447, in wsgi_app
    response = self.full_dispatch_request()
  File "C:\Users\susan.farago\anaconda3\envs\project_2\lib\site-packages\flask\app.py", line 1952, in full_dispatch_request
    rv = self.handle_user_exception(e)
  File "C:\Users\susan.farago\anaconda3\envs\project_2\lib\site-packages\flask\app.py", line 1821, in handle_user_exception
    reraise(exc_type, exc_value, tb)
  File "C:\Users\susan.farago\anaconda3\envs\project_2\lib\site-packages\flask\_compat.py", line 39, in reraise
    raise value
  File "C:\Users\susan.farago\anaconda3\envs\project_2\lib\site-packages\flask\app.py", line 1950, in full_dispatch_request
    rv = self.dispatch_request()
  File "C:\Users\susan.farago\anaconda3\envs\project_2\lib\site-packages\flask\app.py", line 1936, in dispatch_request
    return self.view_functions[rule.endpoint](**req.view_args)
  File "C:\Users\susan.farago\PythonHome\project-2\app.py", line 88, in nps_mvnp
    results = session.query(NPS_Summary.Park,NPS_Summary.Year,NPS_Summary.Month, NPS_Summary.Recreation_Visitors,NPS_Summary.Tent_Campers,NPS_Summary.RV_Campers )\
NameError: name 'NPS_Summary' is not defined
127.0.0.1 - - [22/Apr/2021 08:36:02] "←[35m←[1mGET /api/v1.0/nps_gsdnp HTTP/1.1←[0m" 500 -
Traceback (most recent call last):
  File "C:\Users\susan.farago\anaconda3\envs\project_2\lib\site-packages\flask\app.py", line 2464, in __call__
    return self.wsgi_app(environ, start_response)
  File "C:\Users\susan.farago\anaconda3\envs\project_2\lib\site-packages\flask\app.py", line 2450, in wsgi_app
    response = self.handle_exception(e)
  File "C:\Users\susan.farago\anaconda3\envs\project_2\lib\site-packages\flask\app.py", line 1867, in handle_exception
    reraise(exc_type, exc_value, tb)
  File "C:\Users\susan.farago\anaconda3\envs\project_2\lib\site-packages\flask\_compat.py", line 39, in reraise
    raise value
  File "C:\Users\susan.farago\anaconda3\envs\project_2\lib\site-packages\flask\app.py", line 2447, in wsgi_app
    response = self.full_dispatch_request()
  File "C:\Users\susan.farago\anaconda3\envs\project_2\lib\site-packages\flask\app.py", line 1952, in full_dispatch_request
    rv = self.handle_user_exception(e)
  File "C:\Users\susan.farago\anaconda3\envs\project_2\lib\site-packages\flask\app.py", line 1821, in handle_user_exception
    reraise(exc_type, exc_value, tb)
  File "C:\Users\susan.farago\anaconda3\envs\project_2\lib\site-packages\flask\_compat.py", line 39, in reraise
    raise value
  File "C:\Users\susan.farago\anaconda3\envs\project_2\lib\site-packages\flask\app.py", line 1950, in full_dispatch_request
    rv = self.dispatch_request()
  File "C:\Users\susan.farago\anaconda3\envs\project_2\lib\site-packages\flask\app.py", line 1936, in dispatch_request
    return self.view_functions[rule.endpoint](**req.view_args)
  File "C:\Users\susan.farago\PythonHome\project-2\app.py", line 113, in nps_gsdnp
    results = session.query(NPS_Summary.Park,NPS_Summary.Year,NPS_Summary.Month, NPS_Summary.Recreation_Visitors,NPS_Summary.Tent_Campers,NPS_Summary.RV_Campers )\
NameError: name 'NPS_Summary' is not defined
127.0.0.1 - - [22/Apr/2021 08:36:02] "←[35m←[1mGET /api/v1.0/nps_bcnp HTTP/1.1←[0m" 500 -
127.0.0.1 - - [22/Apr/2021 08:36:02] "←[35m←[1mGET /api/v1.0/geocode HTTP/1.1←[0m" 500 -
Traceback (most recent call last):
  File "C:\Users\susan.farago\anaconda3\envs\project_2\lib\site-packages\flask\app.py", line 2464, in __call__
    return self.wsgi_app(environ, start_response)
  File "C:\Users\susan.farago\anaconda3\envs\project_2\lib\site-packages\flask\app.py", line 2450, in wsgi_app
    response = self.handle_exception(e)
  File "C:\Users\susan.farago\anaconda3\envs\project_2\lib\site-packages\flask\app.py", line 1867, in handle_exception
    reraise(exc_type, exc_value, tb)
  File "C:\Users\susan.farago\anaconda3\envs\project_2\lib\site-packages\flask\_compat.py", line 39, in reraise
    raise value
  File "C:\Users\susan.farago\anaconda3\envs\project_2\lib\site-packages\flask\app.py", line 2447, in wsgi_app
    response = self.full_dispatch_request()
  File "C:\Users\susan.farago\anaconda3\envs\project_2\lib\site-packages\flask\app.py", line 1952, in full_dispatch_request
    rv = self.handle_user_exception(e)
  File "C:\Users\susan.farago\anaconda3\envs\project_2\lib\site-packages\flask\app.py", line 1821, in handle_user_exception
    reraise(exc_type, exc_value, tb)
  File "C:\Users\susan.farago\anaconda3\envs\project_2\lib\site-packages\flask\_compat.py", line 39, in reraise
    raise value
  File "C:\Users\susan.farago\anaconda3\envs\project_2\lib\site-packages\flask\app.py", line 1950, in full_dispatch_request
    rv = self.dispatch_request()
  File "C:\Users\susan.farago\anaconda3\envs\project_2\lib\site-packages\flask\app.py", line 1936, in dispatch_request
    return self.view_functions[rule.endpoint](**req.view_args)
  File "C:\Users\susan.farago\PythonHome\project-2\app.py", line 138, in nps_bcnp
    results = session.query(NPS_Summary.Park,NPS_Summary.Year,NPS_Summary.Month, NPS_Summary.Recreation_Visitors,NPS_Summary.Tent_Campers,NPS_Summary.RV_Campers )\
NameError: name 'NPS_Summary' is not defined
Traceback (most recent call last):
  File "C:\Users\susan.farago\anaconda3\envs\project_2\lib\site-packages\flask\app.py", line 2464, in __call__
    return self.wsgi_app(environ, start_response)
  File "C:\Users\susan.farago\anaconda3\envs\project_2\lib\site-packages\flask\app.py", line 2450, in wsgi_app
    response = self.handle_exception(e)
  File "C:\Users\susan.farago\anaconda3\envs\project_2\lib\site-packages\flask\app.py", line 1867, in handle_exception
    reraise(exc_type, exc_value, tb)
  File "C:\Users\susan.farago\anaconda3\envs\project_2\lib\site-packages\flask\_compat.py", line 39, in reraise
    raise value
  File "C:\Users\susan.farago\anaconda3\envs\project_2\lib\site-packages\flask\app.py", line 2447, in wsgi_app
    response = self.full_dispatch_request()
  File "C:\Users\susan.farago\anaconda3\envs\project_2\lib\site-packages\flask\app.py", line 1952, in full_dispatch_request
    rv = self.handle_user_exception(e)
  File "C:\Users\susan.farago\anaconda3\envs\project_2\lib\site-packages\flask\app.py", line 1821, in handle_user_exception
    reraise(exc_type, exc_value, tb)
  File "C:\Users\susan.farago\anaconda3\envs\project_2\lib\site-packages\flask\_compat.py", line 39, in reraise
    raise value
  File "C:\Users\susan.farago\anaconda3\envs\project_2\lib\site-packages\flask\app.py", line 1950, in full_dispatch_request
    rv = self.dispatch_request()
  File "C:\Users\susan.farago\anaconda3\envs\project_2\lib\site-packages\flask\app.py", line 1936, in dispatch_request
    return self.view_functions[rule.endpoint](**req.view_args)
  File "C:\Users\susan.farago\PythonHome\project-2\app.py", line 163, in facility_geocode
    results = session.query(Geo_Info).all()
NameError: name 'Geo_Info' is not defined
127.0.0.1 - - [22/Apr/2021 08:41:25] "←[35m←[1mGET /api/v1.0/nps_gsdnp HTTP/1.1←[0m" 500 -
127.0.0.1 - - [22/Apr/2021 08:41:25] "←[35m←[1mGET /api/v1.0/nps_bcnp HTTP/1.1←[0m" 500 -
127.0.0.1 - - [22/Apr/2021 08:41:25] "←[35m←[1mGET /api/v1.0/nps_mvnp HTTP/1.1←[0m" 500 -
Traceback (most recent call last):
  File "C:\Users\susan.farago\anaconda3\envs\project_2\lib\site-packages\flask\app.py", line 2464, in __call__
    return self.wsgi_app(environ, start_response)
  File "C:\Users\susan.farago\anaconda3\envs\project_2\lib\site-packages\flask\app.py", line 2450, in wsgi_app
    response = self.handle_exception(e)
  File "C:\Users\susan.farago\anaconda3\envs\project_2\lib\site-packages\flask\app.py", line 1867, in handle_exception
    reraise(exc_type, exc_value, tb)
  File "C:\Users\susan.farago\anaconda3\envs\project_2\lib\site-packages\flask\_compat.py", line 39, in reraise
    raise value
  File "C:\Users\susan.farago\anaconda3\envs\project_2\lib\site-packages\flask\app.py", line 2447, in wsgi_app
    response = self.full_dispatch_request()
  File "C:\Users\susan.farago\anaconda3\envs\project_2\lib\site-packages\flask\app.py", line 1952, in full_dispatch_request
    rv = self.handle_user_exception(e)
  File "C:\Users\susan.farago\anaconda3\envs\project_2\lib\site-packages\flask\app.py", line 1821, in handle_user_exception
    reraise(exc_type, exc_value, tb)
  File "C:\Users\susan.farago\anaconda3\envs\project_2\lib\site-packages\flask\_compat.py", line 39, in reraise
    raise value
  File "C:\Users\susan.farago\anaconda3\envs\project_2\lib\site-packages\flask\app.py", line 1950, in full_dispatch_request
    rv = self.dispatch_request()
  File "C:\Users\susan.farago\anaconda3\envs\project_2\lib\site-packages\flask\app.py", line 1936, in dispatch_request
    return self.view_functions[rule.endpoint](**req.view_args)
  File "C:\Users\susan.farago\PythonHome\project-2\app.py", line 113, in nps_gsdnp
    results = session.query(NPS_Summary.Park,NPS_Summary.Year,NPS_Summary.Month, NPS_Summary.Recreation_Visitors,NPS_Summary.Tent_Campers,NPS_Summary.RV_Campers )\
NameError: name 'NPS_Summary' is not defined
127.0.0.1 - - [22/Apr/2021 08:41:25] "←[35m←[1mGET /api/v1.0/geocode HTTP/1.1←[0m" 500 -
Traceback (most recent call last):
  File "C:\Users\susan.farago\anaconda3\envs\project_2\lib\site-packages\flask\app.py", line 2464, in __call__
    return self.wsgi_app(environ, start_response)
  File "C:\Users\susan.farago\anaconda3\envs\project_2\lib\site-packages\flask\app.py", line 2450, in wsgi_app
    response = self.handle_exception(e)
  File "C:\Users\susan.farago\anaconda3\envs\project_2\lib\site-packages\flask\app.py", line 1867, in handle_exception
    reraise(exc_type, exc_value, tb)
  File "C:\Users\susan.farago\anaconda3\envs\project_2\lib\site-packages\flask\_compat.py", line 39, in reraise
    raise value
  File "C:\Users\susan.farago\anaconda3\envs\project_2\lib\site-packages\flask\app.py", line 2447, in wsgi_app
    response = self.full_dispatch_request()
  File "C:\Users\susan.farago\anaconda3\envs\project_2\lib\site-packages\flask\app.py", line 1952, in full_dispatch_request
    rv = self.handle_user_exception(e)
  File "C:\Users\susan.farago\anaconda3\envs\project_2\lib\site-packages\flask\app.py", line 1821, in handle_user_exception
    reraise(exc_type, exc_value, tb)
  File "C:\Users\susan.farago\anaconda3\envs\project_2\lib\site-packages\flask\_compat.py", line 39, in reraise
    raise value
  File "C:\Users\susan.farago\anaconda3\envs\project_2\lib\site-packages\flask\app.py", line 1950, in full_dispatch_request
    rv = self.dispatch_request()
  File "C:\Users\susan.farago\anaconda3\envs\project_2\lib\site-packages\flask\app.py", line 1936, in dispatch_request
    return self.view_functions[rule.endpoint](**req.view_args)
  File "C:\Users\susan.farago\PythonHome\project-2\app.py", line 88, in nps_mvnp
    results = session.query(NPS_Summary.Park,NPS_Summary.Year,NPS_Summary.Month, NPS_Summary.Recreation_Visitors,NPS_Summary.Tent_Campers,NPS_Summary.RV_Campers )\
NameError: name 'NPS_Summary' is not defined
Traceback (most recent call last):
  File "C:\Users\susan.farago\anaconda3\envs\project_2\lib\site-packages\flask\app.py", line 2464, in __call__
    return self.wsgi_app(environ, start_response)
  File "C:\Users\susan.farago\anaconda3\envs\project_2\lib\site-packages\flask\app.py", line 2450, in wsgi_app
    response = self.handle_exception(e)
  File "C:\Users\susan.farago\anaconda3\envs\project_2\lib\site-packages\flask\app.py", line 1867, in handle_exception
    reraise(exc_type, exc_value, tb)
  File "C:\Users\susan.farago\anaconda3\envs\project_2\lib\site-packages\flask\_compat.py", line 39, in reraise
    raise value
  File "C:\Users\susan.farago\anaconda3\envs\project_2\lib\site-packages\flask\app.py", line 2447, in wsgi_app
    response = self.full_dispatch_request()
  File "C:\Users\susan.farago\anaconda3\envs\project_2\lib\site-packages\flask\app.py", line 1952, in full_dispatch_request
    rv = self.handle_user_exception(e)
  File "C:\Users\susan.farago\anaconda3\envs\project_2\lib\site-packages\flask\app.py", line 1821, in handle_user_exception
    reraise(exc_type, exc_value, tb)
  File "C:\Users\susan.farago\anaconda3\envs\project_2\lib\site-packages\flask\_compat.py", line 39, in reraise
    raise value
  File "C:\Users\susan.farago\anaconda3\envs\project_2\lib\site-packages\flask\app.py", line 1950, in full_dispatch_request
    rv = self.dispatch_request()
  File "C:\Users\susan.farago\anaconda3\envs\project_2\lib\site-packages\flask\app.py", line 1936, in dispatch_request
    return self.view_functions[rule.endpoint](**req.view_args)
  File "C:\Users\susan.farago\PythonHome\project-2\app.py", line 138, in nps_bcnp
    results = session.query(NPS_Summary.Park,NPS_Summary.Year,NPS_Summary.Month, NPS_Summary.Recreation_Visitors,NPS_Summary.Tent_Campers,NPS_Summary.RV_Campers )\
NameError: name 'NPS_Summary' is not defined
127.0.0.1 - - [22/Apr/2021 08:41:25] "←[35m←[1mGET /api/v1.0/nps_rmnp HTTP/1.1←[0m" 500 -
Traceback (most recent call last):
  File "C:\Users\susan.farago\anaconda3\envs\project_2\lib\site-packages\flask\app.py", line 2464, in __call__
    return self.wsgi_app(environ, start_response)
  File "C:\Users\susan.farago\anaconda3\envs\project_2\lib\site-packages\flask\app.py", line 2450, in wsgi_app
    response = self.handle_exception(e)
  File "C:\Users\susan.farago\anaconda3\envs\project_2\lib\site-packages\flask\app.py", line 1867, in handle_exception
    reraise(exc_type, exc_value, tb)
  File "C:\Users\susan.farago\anaconda3\envs\project_2\lib\site-packages\flask\_compat.py", line 39, in reraise
    raise value
  File "C:\Users\susan.farago\anaconda3\envs\project_2\lib\site-packages\flask\app.py", line 2447, in wsgi_app
    response = self.full_dispatch_request()
  File "C:\Users\susan.farago\anaconda3\envs\project_2\lib\site-packages\flask\app.py", line 1952, in full_dispatch_request
    rv = self.handle_user_exception(e)
  File "C:\Users\susan.farago\anaconda3\envs\project_2\lib\site-packages\flask\app.py", line 1821, in handle_user_exception
    reraise(exc_type, exc_value, tb)
  File "C:\Users\susan.farago\anaconda3\envs\project_2\lib\site-packages\flask\_compat.py", line 39, in reraise
    raise value
  File "C:\Users\susan.farago\anaconda3\envs\project_2\lib\site-packages\flask\app.py", line 1950, in full_dispatch_request
    rv = self.dispatch_request()
  File "C:\Users\susan.farago\anaconda3\envs\project_2\lib\site-packages\flask\app.py", line 1936, in dispatch_request
    return self.view_functions[rule.endpoint](**req.view_args)
  File "C:\Users\susan.farago\PythonHome\project-2\app.py", line 163, in facility_geocode
    results = session.query(Geo_Info).all()
NameError: name 'Geo_Info' is not defined
Traceback (most recent call last):
  File "C:\Users\susan.farago\anaconda3\envs\project_2\lib\site-packages\flask\app.py", line 2464, in __call__
    return self.wsgi_app(environ, start_response)
  File "C:\Users\susan.farago\anaconda3\envs\project_2\lib\site-packages\flask\app.py", line 2450, in wsgi_app
    response = self.handle_exception(e)
  File "C:\Users\susan.farago\anaconda3\envs\project_2\lib\site-packages\flask\app.py", line 1867, in handle_exception
    reraise(exc_type, exc_value, tb)
  File "C:\Users\susan.farago\anaconda3\envs\project_2\lib\site-packages\flask\_compat.py", line 39, in reraise
    raise value
  File "C:\Users\susan.farago\anaconda3\envs\project_2\lib\site-packages\flask\app.py", line 2447, in wsgi_app
    response = self.full_dispatch_request()
  File "C:\Users\susan.farago\anaconda3\envs\project_2\lib\site-packages\flask\app.py", line 1952, in full_dispatch_request
    rv = self.handle_user_exception(e)
  File "C:\Users\susan.farago\anaconda3\envs\project_2\lib\site-packages\flask\app.py", line 1821, in handle_user_exception
    reraise(exc_type, exc_value, tb)
  File "C:\Users\susan.farago\anaconda3\envs\project_2\lib\site-packages\flask\_compat.py", line 39, in reraise
    raise value
  File "C:\Users\susan.farago\anaconda3\envs\project_2\lib\site-packages\flask\app.py", line 1950, in full_dispatch_request
    rv = self.dispatch_request()
  File "C:\Users\susan.farago\anaconda3\envs\project_2\lib\site-packages\flask\app.py", line 1936, in dispatch_request
    return self.view_functions[rule.endpoint](**req.view_args)
  File "C:\Users\susan.farago\PythonHome\project-2\app.py", line 63, in nps_rmnp
    results = session.query(NPS_Summary.Park,NPS_Summary.Year,NPS_Summary.Month, NPS_Summary.Recreation_Visitors,NPS_Summary.Tent_Campers,NPS_Summary.RV_Campers )\
NameError: name 'NPS_Summary' is not defined
127.0.0.1 - - [22/Apr/2021 08:46:59] "←[35m←[1mGET /api/v1.0/nps_rmnp HTTP/1.1←[0m" 500 -
Traceback (most recent call last):
  File "C:\Users\susan.farago\anaconda3\envs\project_2\lib\site-packages\flask\app.py", line 2464, in __call__
    return self.wsgi_app(environ, start_response)
  File "C:\Users\susan.farago\anaconda3\envs\project_2\lib\site-packages\flask\app.py", line 2450, in wsgi_app
    response = self.handle_exception(e)
  File "C:\Users\susan.farago\anaconda3\envs\project_2\lib\site-packages\flask\app.py", line 1867, in handle_exception
    reraise(exc_type, exc_value, tb)
  File "C:\Users\susan.farago\anaconda3\envs\project_2\lib\site-packages\flask\_compat.py", line 39, in reraise
    raise value
  File "C:\Users\susan.farago\anaconda3\envs\project_2\lib\site-packages\flask\app.py", line 2447, in wsgi_app
    response = self.full_dispatch_request()
  File "C:\Users\susan.farago\anaconda3\envs\project_2\lib\site-packages\flask\app.py", line 1952, in full_dispatch_request
    rv = self.handle_user_exception(e)
  File "C:\Users\susan.farago\anaconda3\envs\project_2\lib\site-packages\flask\app.py", line 1821, in handle_user_exception
    reraise(exc_type, exc_value, tb)
  File "C:\Users\susan.farago\anaconda3\envs\project_2\lib\site-packages\flask\_compat.py", line 39, in reraise
    raise value
  File "C:\Users\susan.farago\anaconda3\envs\project_2\lib\site-packages\flask\app.py", line 1950, in full_dispatch_request
    rv = self.dispatch_request()
  File "C:\Users\susan.farago\anaconda3\envs\project_2\lib\site-packages\flask\app.py", line 1936, in dispatch_request
    return self.view_functions[rule.endpoint](**req.view_args)
  File "C:\Users\susan.farago\PythonHome\project-2\app.py", line 63, in nps_rmnp
    results = session.query(NPS_Summary.Park,NPS_Summary.Year,NPS_Summary.Month, NPS_Summary.Recreation_Visitors,NPS_Summary.Tent_Campers,NPS_Summary.RV_Campers )\
NameError: name 'NPS_Summary' is not defined
127.0.0.1 - - [22/Apr/2021 08:46:59] "←[35m←[1mGET /api/v1.0/nps_mvnp HTTP/1.1←[0m" 500 -
127.0.0.1 - - [22/Apr/2021 08:46:59] "←[35m←[1mGET /api/v1.0/nps_gsdnp HTTP/1.1←[0m" 500 -
Traceback (most recent call last):
  File "C:\Users\susan.farago\anaconda3\envs\project_2\lib\site-packages\flask\app.py", line 2464, in __call__
    return self.wsgi_app(environ, start_response)
  File "C:\Users\susan.farago\anaconda3\envs\project_2\lib\site-packages\flask\app.py", line 2450, in wsgi_app
    response = self.handle_exception(e)
  File "C:\Users\susan.farago\anaconda3\envs\project_2\lib\site-packages\flask\app.py", line 1867, in handle_exception
    reraise(exc_type, exc_value, tb)
  File "C:\Users\susan.farago\anaconda3\envs\project_2\lib\site-packages\flask\_compat.py", line 39, in reraise
    raise value
  File "C:\Users\susan.farago\anaconda3\envs\project_2\lib\site-packages\flask\app.py", line 2447, in wsgi_app
    response = self.full_dispatch_request()
  File "C:\Users\susan.farago\anaconda3\envs\project_2\lib\site-packages\flask\app.py", line 1952, in full_dispatch_request
    rv = self.handle_user_exception(e)
  File "C:\Users\susan.farago\anaconda3\envs\project_2\lib\site-packages\flask\app.py", line 1821, in handle_user_exception
    reraise(exc_type, exc_value, tb)
  File "C:\Users\susan.farago\anaconda3\envs\project_2\lib\site-packages\flask\_compat.py", line 39, in reraise
    raise value
  File "C:\Users\susan.farago\anaconda3\envs\project_2\lib\site-packages\flask\app.py", line 1950, in full_dispatch_request
    rv = self.dispatch_request()
  File "C:\Users\susan.farago\anaconda3\envs\project_2\lib\site-packages\flask\app.py", line 1936, in dispatch_request
    return self.view_functions[rule.endpoint](**req.view_args)
  File "C:\Users\susan.farago\PythonHome\project-2\app.py", line 88, in nps_mvnp
    results = session.query(NPS_Summary.Park,NPS_Summary.Year,NPS_Summary.Month, NPS_Summary.Recreation_Visitors,NPS_Summary.Tent_Campers,NPS_Summary.RV_Campers )\
NameError: name 'NPS_Summary' is not defined
Traceback (most recent call last):
  File "C:\Users\susan.farago\anaconda3\envs\project_2\lib\site-packages\flask\app.py", line 2464, in __call__
    return self.wsgi_app(environ, start_response)
  File "C:\Users\susan.farago\anaconda3\envs\project_2\lib\site-packages\flask\app.py", line 2450, in wsgi_app
    response = self.handle_exception(e)
  File "C:\Users\susan.farago\anaconda3\envs\project_2\lib\site-packages\flask\app.py", line 1867, in handle_exception
    reraise(exc_type, exc_value, tb)
  File "C:\Users\susan.farago\anaconda3\envs\project_2\lib\site-packages\flask\_compat.py", line 39, in reraise
    raise value
  File "C:\Users\susan.farago\anaconda3\envs\project_2\lib\site-packages\flask\app.py", line 2447, in wsgi_app
    response = self.full_dispatch_request()
  File "C:\Users\susan.farago\anaconda3\envs\project_2\lib\site-packages\flask\app.py", line 1952, in full_dispatch_request
    rv = self.handle_user_exception(e)
  File "C:\Users\susan.farago\anaconda3\envs\project_2\lib\site-packages\flask\app.py", line 1821, in handle_user_exception
    reraise(exc_type, exc_value, tb)
  File "C:\Users\susan.farago\anaconda3\envs\project_2\lib\site-packages\flask\_compat.py", line 39, in reraise
    raise value
  File "C:\Users\susan.farago\anaconda3\envs\project_2\lib\site-packages\flask\app.py", line 1950, in full_dispatch_request
    rv = self.dispatch_request()
  File "C:\Users\susan.farago\anaconda3\envs\project_2\lib\site-packages\flask\app.py", line 1936, in dispatch_request
    return self.view_functions[rule.endpoint](**req.view_args)
  File "C:\Users\susan.farago\PythonHome\project-2\app.py", line 113, in nps_gsdnp
    results = session.query(NPS_Summary.Park,NPS_Summary.Year,NPS_Summary.Month, NPS_Summary.Recreation_Visitors,NPS_Summary.Tent_Campers,NPS_Summary.RV_Campers )\
NameError: name 'NPS_Summary' is not defined
127.0.0.1 - - [22/Apr/2021 08:46:59] "←[35m←[1mGET /api/v1.0/nps_bcnp HTTP/1.1←[0m" 500 -
Traceback (most recent call last):
  File "C:\Users\susan.farago\anaconda3\envs\project_2\lib\site-packages\flask\app.py", line 2464, in __call__
    return self.wsgi_app(environ, start_response)
  File "C:\Users\susan.farago\anaconda3\envs\project_2\lib\site-packages\flask\app.py", line 2450, in wsgi_app
    response = self.handle_exception(e)
  File "C:\Users\susan.farago\anaconda3\envs\project_2\lib\site-packages\flask\app.py", line 1867, in handle_exception
    reraise(exc_type, exc_value, tb)
  File "C:\Users\susan.farago\anaconda3\envs\project_2\lib\site-packages\flask\_compat.py", line 39, in reraise
    raise value
  File "C:\Users\susan.farago\anaconda3\envs\project_2\lib\site-packages\flask\app.py", line 2447, in wsgi_app
    response = self.full_dispatch_request()
  File "C:\Users\susan.farago\anaconda3\envs\project_2\lib\site-packages\flask\app.py", line 1952, in full_dispatch_request
    rv = self.handle_user_exception(e)
  File "C:\Users\susan.farago\anaconda3\envs\project_2\lib\site-packages\flask\app.py", line 1821, in handle_user_exception
    reraise(exc_type, exc_value, tb)
  File "C:\Users\susan.farago\anaconda3\envs\project_2\lib\site-packages\flask\_compat.py", line 39, in reraise
    raise value
  File "C:\Users\susan.farago\anaconda3\envs\project_2\lib\site-packages\flask\app.py", line 1950, in full_dispatch_request
    rv = self.dispatch_request()
  File "C:\Users\susan.farago\anaconda3\envs\project_2\lib\site-packages\flask\app.py", line 1936, in dispatch_request
    return self.view_functions[rule.endpoint](**req.view_args)
  File "C:\Users\susan.farago\PythonHome\project-2\app.py", line 138, in nps_bcnp
    results = session.query(NPS_Summary.Park,NPS_Summary.Year,NPS_Summary.Month, NPS_Summary.Recreation_Visitors,NPS_Summary.Tent_Campers,NPS_Summary.RV_Campers )\
NameError: name 'NPS_Summary' is not defined
127.0.0.1 - - [22/Apr/2021 08:46:59] "←[35m←[1mGET /api/v1.0/geocode HTTP/1.1←[0m" 500 -
Traceback (most recent call last):
  File "C:\Users\susan.farago\anaconda3\envs\project_2\lib\site-packages\flask\app.py", line 2464, in __call__
    return self.wsgi_app(environ, start_response)
  File "C:\Users\susan.farago\anaconda3\envs\project_2\lib\site-packages\flask\app.py", line 2450, in wsgi_app
    response = self.handle_exception(e)
  File "C:\Users\susan.farago\anaconda3\envs\project_2\lib\site-packages\flask\app.py", line 1867, in handle_exception
    reraise(exc_type, exc_value, tb)
  File "C:\Users\susan.farago\anaconda3\envs\project_2\lib\site-packages\flask\_compat.py", line 39, in reraise
    raise value
  File "C:\Users\susan.farago\anaconda3\envs\project_2\lib\site-packages\flask\app.py", line 2447, in wsgi_app
    response = self.full_dispatch_request()
  File "C:\Users\susan.farago\anaconda3\envs\project_2\lib\site-packages\flask\app.py", line 1952, in full_dispatch_request
    rv = self.handle_user_exception(e)
  File "C:\Users\susan.farago\anaconda3\envs\project_2\lib\site-packages\flask\app.py", line 1821, in handle_user_exception
    reraise(exc_type, exc_value, tb)
  File "C:\Users\susan.farago\anaconda3\envs\project_2\lib\site-packages\flask\_compat.py", line 39, in reraise
    raise value
  File "C:\Users\susan.farago\anaconda3\envs\project_2\lib\site-packages\flask\app.py", line 1950, in full_dispatch_request
    rv = self.dispatch_request()
  File "C:\Users\susan.farago\anaconda3\envs\project_2\lib\site-packages\flask\app.py", line 1936, in dispatch_request
    return self.view_functions[rule.endpoint](**req.view_args)
  File "C:\Users\susan.farago\PythonHome\project-2\app.py", line 163, in facility_geocode
    results = session.query(Geo_Info).all()
NameError: name 'Geo_Info' is not defined
127.0.0.1 - - [22/Apr/2021 08:47:07] "←[35m←[1mGET /api/v1.0/nps_rmnp HTTP/1.1←[0m" 500 -
Traceback (most recent call last):
  File "C:\Users\susan.farago\anaconda3\envs\project_2\lib\site-packages\flask\app.py", line 2464, in __call__
    return self.wsgi_app(environ, start_response)
  File "C:\Users\susan.farago\anaconda3\envs\project_2\lib\site-packages\flask\app.py", line 2450, in wsgi_app
    response = self.handle_exception(e)
  File "C:\Users\susan.farago\anaconda3\envs\project_2\lib\site-packages\flask\app.py", line 1867, in handle_exception
    reraise(exc_type, exc_value, tb)
  File "C:\Users\susan.farago\anaconda3\envs\project_2\lib\site-packages\flask\_compat.py", line 39, in reraise
    raise value
  File "C:\Users\susan.farago\anaconda3\envs\project_2\lib\site-packages\flask\app.py", line 2447, in wsgi_app
    response = self.full_dispatch_request()
  File "C:\Users\susan.farago\anaconda3\envs\project_2\lib\site-packages\flask\app.py", line 1952, in full_dispatch_request
    rv = self.handle_user_exception(e)
  File "C:\Users\susan.farago\anaconda3\envs\project_2\lib\site-packages\flask\app.py", line 1821, in handle_user_exception
    reraise(exc_type, exc_value, tb)
  File "C:\Users\susan.farago\anaconda3\envs\project_2\lib\site-packages\flask\_compat.py", line 39, in reraise
    raise value
  File "C:\Users\susan.farago\anaconda3\envs\project_2\lib\site-packages\flask\app.py", line 1950, in full_dispatch_request
    rv = self.dispatch_request()
  File "C:\Users\susan.farago\anaconda3\envs\project_2\lib\site-packages\flask\app.py", line 1936, in dispatch_request
    return self.view_functions[rule.endpoint](**req.view_args)
  File "C:\Users\susan.farago\PythonHome\project-2\app.py", line 63, in nps_rmnp
    results = session.query(NPS_Summary.Park,NPS_Summary.Year,NPS_Summary.Month, NPS_Summary.Recreation_Visitors,NPS_Summary.Tent_Campers,NPS_Summary.RV_Campers )\
NameError: name 'NPS_Summary' is not defined
127.0.0.1 - - [22/Apr/2021 08:47:07] "←[35m←[1mGET /api/v1.0/nps_bcnp HTTP/1.1←[0m" 500 -
Traceback (most recent call last):
  File "C:\Users\susan.farago\anaconda3\envs\project_2\lib\site-packages\flask\app.py", line 2464, in __call__
    return self.wsgi_app(environ, start_response)
  File "C:\Users\susan.farago\anaconda3\envs\project_2\lib\site-packages\flask\app.py", line 2450, in wsgi_app
    response = self.handle_exception(e)
  File "C:\Users\susan.farago\anaconda3\envs\project_2\lib\site-packages\flask\app.py", line 1867, in handle_exception
    reraise(exc_type, exc_value, tb)
  File "C:\Users\susan.farago\anaconda3\envs\project_2\lib\site-packages\flask\_compat.py", line 39, in reraise
    raise value
  File "C:\Users\susan.farago\anaconda3\envs\project_2\lib\site-packages\flask\app.py", line 2447, in wsgi_app
    response = self.full_dispatch_request()
  File "C:\Users\susan.farago\anaconda3\envs\project_2\lib\site-packages\flask\app.py", line 1952, in full_dispatch_request
    rv = self.handle_user_exception(e)
  File "C:\Users\susan.farago\anaconda3\envs\project_2\lib\site-packages\flask\app.py", line 1821, in handle_user_exception
    reraise(exc_type, exc_value, tb)
  File "C:\Users\susan.farago\anaconda3\envs\project_2\lib\site-packages\flask\_compat.py", line 39, in reraise
    raise value
  File "C:\Users\susan.farago\anaconda3\envs\project_2\lib\site-packages\flask\app.py", line 1950, in full_dispatch_request
    rv = self.dispatch_request()
  File "C:\Users\susan.farago\anaconda3\envs\project_2\lib\site-packages\flask\app.py", line 1936, in dispatch_request
    return self.view_functions[rule.endpoint](**req.view_args)
  File "C:\Users\susan.farago\PythonHome\project-2\app.py", line 138, in nps_bcnp
    results = session.query(NPS_Summary.Park,NPS_Summary.Year,NPS_Summary.Month, NPS_Summary.Recreation_Visitors,NPS_Summary.Tent_Campers,NPS_Summary.RV_Campers )\
NameError: name 'NPS_Summary' is not defined
127.0.0.1 - - [22/Apr/2021 08:47:07] "←[35m←[1mGET /api/v1.0/nps_mvnp HTTP/1.1←[0m" 500 -
127.0.0.1 - - [22/Apr/2021 08:47:07] "←[35m←[1mGET /api/v1.0/nps_gsdnp HTTP/1.1←[0m" 500 -
Traceback (most recent call last):
  File "C:\Users\susan.farago\anaconda3\envs\project_2\lib\site-packages\flask\app.py", line 2464, in __call__
    return self.wsgi_app(environ, start_response)
  File "C:\Users\susan.farago\anaconda3\envs\project_2\lib\site-packages\flask\app.py", line 2450, in wsgi_app
    response = self.handle_exception(e)
  File "C:\Users\susan.farago\anaconda3\envs\project_2\lib\site-packages\flask\app.py", line 1867, in handle_exception
    reraise(exc_type, exc_value, tb)
  File "C:\Users\susan.farago\anaconda3\envs\project_2\lib\site-packages\flask\_compat.py", line 39, in reraise
    raise value
  File "C:\Users\susan.farago\anaconda3\envs\project_2\lib\site-packages\flask\app.py", line 2447, in wsgi_app
    response = self.full_dispatch_request()
  File "C:\Users\susan.farago\anaconda3\envs\project_2\lib\site-packages\flask\app.py", line 1952, in full_dispatch_request
    rv = self.handle_user_exception(e)
  File "C:\Users\susan.farago\anaconda3\envs\project_2\lib\site-packages\flask\app.py", line 1821, in handle_user_exception
    reraise(exc_type, exc_value, tb)
  File "C:\Users\susan.farago\anaconda3\envs\project_2\lib\site-packages\flask\_compat.py", line 39, in reraise
    raise value
  File "C:\Users\susan.farago\anaconda3\envs\project_2\lib\site-packages\flask\app.py", line 1950, in full_dispatch_request
    rv = self.dispatch_request()
  File "C:\Users\susan.farago\anaconda3\envs\project_2\lib\site-packages\flask\app.py", line 1936, in dispatch_request
    return self.view_functions[rule.endpoint](**req.view_args)
  File "C:\Users\susan.farago\PythonHome\project-2\app.py", line 88, in nps_mvnp
    results = session.query(NPS_Summary.Park,NPS_Summary.Year,NPS_Summary.Month, NPS_Summary.Recreation_Visitors,NPS_Summary.Tent_Campers,NPS_Summary.RV_Campers )\
NameError: name 'NPS_Summary' is not defined
127.0.0.1 - - [22/Apr/2021 08:47:07] "←[35m←[1mGET /api/v1.0/geocode HTTP/1.1←[0m" 500 -
Traceback (most recent call last):
  File "C:\Users\susan.farago\anaconda3\envs\project_2\lib\site-packages\flask\app.py", line 2464, in __call__
    return self.wsgi_app(environ, start_response)
  File "C:\Users\susan.farago\anaconda3\envs\project_2\lib\site-packages\flask\app.py", line 2450, in wsgi_app
    response = self.handle_exception(e)
  File "C:\Users\susan.farago\anaconda3\envs\project_2\lib\site-packages\flask\app.py", line 1867, in handle_exception
    reraise(exc_type, exc_value, tb)
  File "C:\Users\susan.farago\anaconda3\envs\project_2\lib\site-packages\flask\_compat.py", line 39, in reraise
    raise value
  File "C:\Users\susan.farago\anaconda3\envs\project_2\lib\site-packages\flask\app.py", line 2447, in wsgi_app
    response = self.full_dispatch_request()
  File "C:\Users\susan.farago\anaconda3\envs\project_2\lib\site-packages\flask\app.py", line 1952, in full_dispatch_request
    rv = self.handle_user_exception(e)
  File "C:\Users\susan.farago\anaconda3\envs\project_2\lib\site-packages\flask\app.py", line 1821, in handle_user_exception
    reraise(exc_type, exc_value, tb)
  File "C:\Users\susan.farago\anaconda3\envs\project_2\lib\site-packages\flask\_compat.py", line 39, in reraise
    raise value
  File "C:\Users\susan.farago\anaconda3\envs\project_2\lib\site-packages\flask\app.py", line 1950, in full_dispatch_request
    rv = self.dispatch_request()
  File "C:\Users\susan.farago\anaconda3\envs\project_2\lib\site-packages\flask\app.py", line 1936, in dispatch_request
    return self.view_functions[rule.endpoint](**req.view_args)
  File "C:\Users\susan.farago\PythonHome\project-2\app.py", line 113, in nps_gsdnp
    results = session.query(NPS_Summary.Park,NPS_Summary.Year,NPS_Summary.Month, NPS_Summary.Recreation_Visitors,NPS_Summary.Tent_Campers,NPS_Summary.RV_Campers )\
NameError: name 'NPS_Summary' is not defined
Traceback (most recent call last):
  File "C:\Users\susan.farago\anaconda3\envs\project_2\lib\site-packages\flask\app.py", line 2464, in __call__
    return self.wsgi_app(environ, start_response)
  File "C:\Users\susan.farago\anaconda3\envs\project_2\lib\site-packages\flask\app.py", line 2450, in wsgi_app
    response = self.handle_exception(e)
  File "C:\Users\susan.farago\anaconda3\envs\project_2\lib\site-packages\flask\app.py", line 1867, in handle_exception
    reraise(exc_type, exc_value, tb)
  File "C:\Users\susan.farago\anaconda3\envs\project_2\lib\site-packages\flask\_compat.py", line 39, in reraise
    raise value
  File "C:\Users\susan.farago\anaconda3\envs\project_2\lib\site-packages\flask\app.py", line 2447, in wsgi_app
    response = self.full_dispatch_request()
  File "C:\Users\susan.farago\anaconda3\envs\project_2\lib\site-packages\flask\app.py", line 1952, in full_dispatch_request
    rv = self.handle_user_exception(e)
  File "C:\Users\susan.farago\anaconda3\envs\project_2\lib\site-packages\flask\app.py", line 1821, in handle_user_exception
    reraise(exc_type, exc_value, tb)
  File "C:\Users\susan.farago\anaconda3\envs\project_2\lib\site-packages\flask\_compat.py", line 39, in reraise
    raise value
  File "C:\Users\susan.farago\anaconda3\envs\project_2\lib\site-packages\flask\app.py", line 1950, in full_dispatch_request
    rv = self.dispatch_request()
  File "C:\Users\susan.farago\anaconda3\envs\project_2\lib\site-packages\flask\app.py", line 1936, in dispatch_request
    return self.view_functions[rule.endpoint](**req.view_args)
  File "C:\Users\susan.farago\PythonHome\project-2\app.py", line 163, in facility_geocode
    results = session.query(Geo_Info).all()
NameError: name 'Geo_Info' is not defined
127.0.0.1 - - [22/Apr/2021 08:47:12] "←[35m←[1mGET /api/v1.0/nps_mvnp HTTP/1.1←[0m" 500 -
127.0.0.1 - - [22/Apr/2021 08:47:12] "←[35m←[1mGET /api/v1.0/nps_rmnp HTTP/1.1←[0m" 500 -
Traceback (most recent call last):
  File "C:\Users\susan.farago\anaconda3\envs\project_2\lib\site-packages\flask\app.py", line 2464, in __call__
    return self.wsgi_app(environ, start_response)
  File "C:\Users\susan.farago\anaconda3\envs\project_2\lib\site-packages\flask\app.py", line 2450, in wsgi_app
    response = self.handle_exception(e)
  File "C:\Users\susan.farago\anaconda3\envs\project_2\lib\site-packages\flask\app.py", line 1867, in handle_exception
    reraise(exc_type, exc_value, tb)
  File "C:\Users\susan.farago\anaconda3\envs\project_2\lib\site-packages\flask\_compat.py", line 39, in reraise
    raise value
  File "C:\Users\susan.farago\anaconda3\envs\project_2\lib\site-packages\flask\app.py", line 2447, in wsgi_app
    response = self.full_dispatch_request()
  File "C:\Users\susan.farago\anaconda3\envs\project_2\lib\site-packages\flask\app.py", line 1952, in full_dispatch_request
    rv = self.handle_user_exception(e)
  File "C:\Users\susan.farago\anaconda3\envs\project_2\lib\site-packages\flask\app.py", line 1821, in handle_user_exception
    reraise(exc_type, exc_value, tb)
  File "C:\Users\susan.farago\anaconda3\envs\project_2\lib\site-packages\flask\_compat.py", line 39, in reraise
    raise value
  File "C:\Users\susan.farago\anaconda3\envs\project_2\lib\site-packages\flask\app.py", line 1950, in full_dispatch_request
    rv = self.dispatch_request()
  File "C:\Users\susan.farago\anaconda3\envs\project_2\lib\site-packages\flask\app.py", line 1936, in dispatch_request
    return self.view_functions[rule.endpoint](**req.view_args)
  File "C:\Users\susan.farago\PythonHome\project-2\app.py", line 88, in nps_mvnp
    results = session.query(NPS_Summary.Park,NPS_Summary.Year,NPS_Summary.Month, NPS_Summary.Recreation_Visitors,NPS_Summary.Tent_Campers,NPS_Summary.RV_Campers )\
NameError: name 'NPS_Summary' is not defined
127.0.0.1 - - [22/Apr/2021 08:47:12] "←[35m←[1mGET /api/v1.0/nps_gsdnp HTTP/1.1←[0m" 500 -
Traceback (most recent call last):
  File "C:\Users\susan.farago\anaconda3\envs\project_2\lib\site-packages\flask\app.py", line 2464, in __call__
    return self.wsgi_app(environ, start_response)
  File "C:\Users\susan.farago\anaconda3\envs\project_2\lib\site-packages\flask\app.py", line 2450, in wsgi_app
    response = self.handle_exception(e)
  File "C:\Users\susan.farago\anaconda3\envs\project_2\lib\site-packages\flask\app.py", line 1867, in handle_exception
    reraise(exc_type, exc_value, tb)
  File "C:\Users\susan.farago\anaconda3\envs\project_2\lib\site-packages\flask\_compat.py", line 39, in reraise
    raise value
  File "C:\Users\susan.farago\anaconda3\envs\project_2\lib\site-packages\flask\app.py", line 2447, in wsgi_app
    response = self.full_dispatch_request()
  File "C:\Users\susan.farago\anaconda3\envs\project_2\lib\site-packages\flask\app.py", line 1952, in full_dispatch_request
    rv = self.handle_user_exception(e)
  File "C:\Users\susan.farago\anaconda3\envs\project_2\lib\site-packages\flask\app.py", line 1821, in handle_user_exception
    reraise(exc_type, exc_value, tb)
  File "C:\Users\susan.farago\anaconda3\envs\project_2\lib\site-packages\flask\_compat.py", line 39, in reraise
    raise value
  File "C:\Users\susan.farago\anaconda3\envs\project_2\lib\site-packages\flask\app.py", line 1950, in full_dispatch_request
    rv = self.dispatch_request()
  File "C:\Users\susan.farago\anaconda3\envs\project_2\lib\site-packages\flask\app.py", line 1936, in dispatch_request
    return self.view_functions[rule.endpoint](**req.view_args)
  File "C:\Users\susan.farago\PythonHome\project-2\app.py", line 63, in nps_rmnp
    results = session.query(NPS_Summary.Park,NPS_Summary.Year,NPS_Summary.Month, NPS_Summary.Recreation_Visitors,NPS_Summary.Tent_Campers,NPS_Summary.RV_Campers )\
NameError: name 'NPS_Summary' is not defined
Traceback (most recent call last):
  File "C:\Users\susan.farago\anaconda3\envs\project_2\lib\site-packages\flask\app.py", line 2464, in __call__
    return self.wsgi_app(environ, start_response)
  File "C:\Users\susan.farago\anaconda3\envs\project_2\lib\site-packages\flask\app.py", line 2450, in wsgi_app
    response = self.handle_exception(e)
  File "C:\Users\susan.farago\anaconda3\envs\project_2\lib\site-packages\flask\app.py", line 1867, in handle_exception
    reraise(exc_type, exc_value, tb)
  File "C:\Users\susan.farago\anaconda3\envs\project_2\lib\site-packages\flask\_compat.py", line 39, in reraise
    raise value
  File "C:\Users\susan.farago\anaconda3\envs\project_2\lib\site-packages\flask\app.py", line 2447, in wsgi_app
    response = self.full_dispatch_request()
  File "C:\Users\susan.farago\anaconda3\envs\project_2\lib\site-packages\flask\app.py", line 1952, in full_dispatch_request
    rv = self.handle_user_exception(e)
  File "C:\Users\susan.farago\anaconda3\envs\project_2\lib\site-packages\flask\app.py", line 1821, in handle_user_exception
    reraise(exc_type, exc_value, tb)
  File "C:\Users\susan.farago\anaconda3\envs\project_2\lib\site-packages\flask\_compat.py", line 39, in reraise
    raise value
  File "C:\Users\susan.farago\anaconda3\envs\project_2\lib\site-packages\flask\app.py", line 1950, in full_dispatch_request
    rv = self.dispatch_request()
  File "C:\Users\susan.farago\anaconda3\envs\project_2\lib\site-packages\flask\app.py", line 1936, in dispatch_request
    return self.view_functions[rule.endpoint](**req.view_args)
  File "C:\Users\susan.farago\PythonHome\project-2\app.py", line 113, in nps_gsdnp
    results = session.query(NPS_Summary.Park,NPS_Summary.Year,NPS_Summary.Month, NPS_Summary.Recreation_Visitors,NPS_Summary.Tent_Campers,NPS_Summary.RV_Campers )\
NameError: name 'NPS_Summary' is not defined
127.0.0.1 - - [22/Apr/2021 08:47:12] "←[35m←[1mGET /api/v1.0/nps_bcnp HTTP/1.1←[0m" 500 -
Traceback (most recent call last):
  File "C:\Users\susan.farago\anaconda3\envs\project_2\lib\site-packages\flask\app.py", line 2464, in __call__
    return self.wsgi_app(environ, start_response)
  File "C:\Users\susan.farago\anaconda3\envs\project_2\lib\site-packages\flask\app.py", line 2450, in wsgi_app
    response = self.handle_exception(e)
  File "C:\Users\susan.farago\anaconda3\envs\project_2\lib\site-packages\flask\app.py", line 1867, in handle_exception
    reraise(exc_type, exc_value, tb)
  File "C:\Users\susan.farago\anaconda3\envs\project_2\lib\site-packages\flask\_compat.py", line 39, in reraise
    raise value
  File "C:\Users\susan.farago\anaconda3\envs\project_2\lib\site-packages\flask\app.py", line 2447, in wsgi_app
    response = self.full_dispatch_request()
  File "C:\Users\susan.farago\anaconda3\envs\project_2\lib\site-packages\flask\app.py", line 1952, in full_dispatch_request
    rv = self.handle_user_exception(e)
  File "C:\Users\susan.farago\anaconda3\envs\project_2\lib\site-packages\flask\app.py", line 1821, in handle_user_exception
    reraise(exc_type, exc_value, tb)
  File "C:\Users\susan.farago\anaconda3\envs\project_2\lib\site-packages\flask\_compat.py", line 39, in reraise
    raise value
  File "C:\Users\susan.farago\anaconda3\envs\project_2\lib\site-packages\flask\app.py", line 1950, in full_dispatch_request
    rv = self.dispatch_request()
  File "C:\Users\susan.farago\anaconda3\envs\project_2\lib\site-packages\flask\app.py", line 1936, in dispatch_request
    return self.view_functions[rule.endpoint](**req.view_args)
  File "C:\Users\susan.farago\PythonHome\project-2\app.py", line 138, in nps_bcnp
    results = session.query(NPS_Summary.Park,NPS_Summary.Year,NPS_Summary.Month, NPS_Summary.Recreation_Visitors,NPS_Summary.Tent_Campers,NPS_Summary.RV_Campers )\
NameError: name 'NPS_Summary' is not defined
127.0.0.1 - - [22/Apr/2021 08:47:12] "←[35m←[1mGET /api/v1.0/geocode HTTP/1.1←[0m" 500 -
Traceback (most recent call last):
  File "C:\Users\susan.farago\anaconda3\envs\project_2\lib\site-packages\flask\app.py", line 2464, in __call__
    return self.wsgi_app(environ, start_response)
  File "C:\Users\susan.farago\anaconda3\envs\project_2\lib\site-packages\flask\app.py", line 2450, in wsgi_app
    response = self.handle_exception(e)
  File "C:\Users\susan.farago\anaconda3\envs\project_2\lib\site-packages\flask\app.py", line 1867, in handle_exception
    reraise(exc_type, exc_value, tb)
  File "C:\Users\susan.farago\anaconda3\envs\project_2\lib\site-packages\flask\_compat.py", line 39, in reraise
    raise value
  File "C:\Users\susan.farago\anaconda3\envs\project_2\lib\site-packages\flask\app.py", line 2447, in wsgi_app
    response = self.full_dispatch_request()
  File "C:\Users\susan.farago\anaconda3\envs\project_2\lib\site-packages\flask\app.py", line 1952, in full_dispatch_request
    rv = self.handle_user_exception(e)
  File "C:\Users\susan.farago\anaconda3\envs\project_2\lib\site-packages\flask\app.py", line 1821, in handle_user_exception
    reraise(exc_type, exc_value, tb)
  File "C:\Users\susan.farago\anaconda3\envs\project_2\lib\site-packages\flask\_compat.py", line 39, in reraise
    raise value
  File "C:\Users\susan.farago\anaconda3\envs\project_2\lib\site-packages\flask\app.py", line 1950, in full_dispatch_request
    rv = self.dispatch_request()
  File "C:\Users\susan.farago\anaconda3\envs\project_2\lib\site-packages\flask\app.py", line 1936, in dispatch_request
    return self.view_functions[rule.endpoint](**req.view_args)
  File "C:\Users\susan.farago\PythonHome\project-2\app.py", line 163, in facility_geocode
    results = session.query(Geo_Info).all()
NameError: name 'Geo_Info' is not defined
127.0.0.1 - - [22/Apr/2021 08:48:52] "←[35m←[1mGET /api/v1.0/nps_rmnp HTTP/1.1←[0m" 500 -
127.0.0.1 - - [22/Apr/2021 08:48:52] "←[35m←[1mGET /api/v1.0/nps_mvnp HTTP/1.1←[0m" 500 -
Traceback (most recent call last):
  File "C:\Users\susan.farago\anaconda3\envs\project_2\lib\site-packages\flask\app.py", line 2464, in __call__
    return self.wsgi_app(environ, start_response)
  File "C:\Users\susan.farago\anaconda3\envs\project_2\lib\site-packages\flask\app.py", line 2450, in wsgi_app
    response = self.handle_exception(e)
  File "C:\Users\susan.farago\anaconda3\envs\project_2\lib\site-packages\flask\app.py", line 1867, in handle_exception
    reraise(exc_type, exc_value, tb)
  File "C:\Users\susan.farago\anaconda3\envs\project_2\lib\site-packages\flask\_compat.py", line 39, in reraise
    raise value
  File "C:\Users\susan.farago\anaconda3\envs\project_2\lib\site-packages\flask\app.py", line 2447, in wsgi_app
    response = self.full_dispatch_request()
  File "C:\Users\susan.farago\anaconda3\envs\project_2\lib\site-packages\flask\app.py", line 1952, in full_dispatch_request
    rv = self.handle_user_exception(e)
  File "C:\Users\susan.farago\anaconda3\envs\project_2\lib\site-packages\flask\app.py", line 1821, in handle_user_exception
    reraise(exc_type, exc_value, tb)
  File "C:\Users\susan.farago\anaconda3\envs\project_2\lib\site-packages\flask\_compat.py", line 39, in reraise
    raise value
  File "C:\Users\susan.farago\anaconda3\envs\project_2\lib\site-packages\flask\app.py", line 1950, in full_dispatch_request
    rv = self.dispatch_request()
  File "C:\Users\susan.farago\anaconda3\envs\project_2\lib\site-packages\flask\app.py", line 1936, in dispatch_request
    return self.view_functions[rule.endpoint](**req.view_args)
  File "C:\Users\susan.farago\PythonHome\project-2\app.py", line 63, in nps_rmnp
    results = session.query(NPS_Summary.Park,NPS_Summary.Year,NPS_Summary.Month, NPS_Summary.Recreation_Visitors,NPS_Summary.Tent_Campers,NPS_Summary.RV_Campers )\
NameError: name 'NPS_Summary' is not defined
Traceback (most recent call last):
  File "C:\Users\susan.farago\anaconda3\envs\project_2\lib\site-packages\flask\app.py", line 2464, in __call__
    return self.wsgi_app(environ, start_response)
  File "C:\Users\susan.farago\anaconda3\envs\project_2\lib\site-packages\flask\app.py", line 2450, in wsgi_app
    response = self.handle_exception(e)
  File "C:\Users\susan.farago\anaconda3\envs\project_2\lib\site-packages\flask\app.py", line 1867, in handle_exception
    reraise(exc_type, exc_value, tb)
  File "C:\Users\susan.farago\anaconda3\envs\project_2\lib\site-packages\flask\_compat.py", line 39, in reraise
    raise value
  File "C:\Users\susan.farago\anaconda3\envs\project_2\lib\site-packages\flask\app.py", line 2447, in wsgi_app
    response = self.full_dispatch_request()
  File "C:\Users\susan.farago\anaconda3\envs\project_2\lib\site-packages\flask\app.py", line 1952, in full_dispatch_request
    rv = self.handle_user_exception(e)
  File "C:\Users\susan.farago\anaconda3\envs\project_2\lib\site-packages\flask\app.py", line 1821, in handle_user_exception
    reraise(exc_type, exc_value, tb)
  File "C:\Users\susan.farago\anaconda3\envs\project_2\lib\site-packages\flask\_compat.py", line 39, in reraise
    raise value
  File "C:\Users\susan.farago\anaconda3\envs\project_2\lib\site-packages\flask\app.py", line 1950, in full_dispatch_request
    rv = self.dispatch_request()
  File "C:\Users\susan.farago\anaconda3\envs\project_2\lib\site-packages\flask\app.py", line 1936, in dispatch_request
    return self.view_functions[rule.endpoint](**req.view_args)
  File "C:\Users\susan.farago\PythonHome\project-2\app.py", line 88, in nps_mvnp
    results = session.query(NPS_Summary.Park,NPS_Summary.Year,NPS_Summary.Month, NPS_Summary.Recreation_Visitors,NPS_Summary.Tent_Campers,NPS_Summary.RV_Campers )\
NameError: name 'NPS_Summary' is not defined
127.0.0.1 - - [22/Apr/2021 08:48:52] "←[35m←[1mGET /api/v1.0/nps_bcnp HTTP/1.1←[0m" 500 -
127.0.0.1 - - [22/Apr/2021 08:48:52] "←[35m←[1mGET /api/v1.0/nps_gsdnp HTTP/1.1←[0m" 500 -
Traceback (most recent call last):
  File "C:\Users\susan.farago\anaconda3\envs\project_2\lib\site-packages\flask\app.py", line 2464, in __call__
    return self.wsgi_app(environ, start_response)
  File "C:\Users\susan.farago\anaconda3\envs\project_2\lib\site-packages\flask\app.py", line 2450, in wsgi_app
    response = self.handle_exception(e)
  File "C:\Users\susan.farago\anaconda3\envs\project_2\lib\site-packages\flask\app.py", line 1867, in handle_exception
    reraise(exc_type, exc_value, tb)
  File "C:\Users\susan.farago\anaconda3\envs\project_2\lib\site-packages\flask\_compat.py", line 39, in reraise
    raise value
  File "C:\Users\susan.farago\anaconda3\envs\project_2\lib\site-packages\flask\app.py", line 2447, in wsgi_app
    response = self.full_dispatch_request()
  File "C:\Users\susan.farago\anaconda3\envs\project_2\lib\site-packages\flask\app.py", line 1952, in full_dispatch_request
    rv = self.handle_user_exception(e)
  File "C:\Users\susan.farago\anaconda3\envs\project_2\lib\site-packages\flask\app.py", line 1821, in handle_user_exception
    reraise(exc_type, exc_value, tb)
  File "C:\Users\susan.farago\anaconda3\envs\project_2\lib\site-packages\flask\_compat.py", line 39, in reraise
    raise value
  File "C:\Users\susan.farago\anaconda3\envs\project_2\lib\site-packages\flask\app.py", line 1950, in full_dispatch_request
    rv = self.dispatch_request()
  File "C:\Users\susan.farago\anaconda3\envs\project_2\lib\site-packages\flask\app.py", line 1936, in dispatch_request
    return self.view_functions[rule.endpoint](**req.view_args)
  File "C:\Users\susan.farago\PythonHome\project-2\app.py", line 138, in nps_bcnp
    results = session.query(NPS_Summary.Park,NPS_Summary.Year,NPS_Summary.Month, NPS_Summary.Recreation_Visitors,NPS_Summary.Tent_Campers,NPS_Summary.RV_Campers )\
NameError: name 'NPS_Summary' is not defined
127.0.0.1 - - [22/Apr/2021 08:48:52] "←[35m←[1mGET /api/v1.0/geocode HTTP/1.1←[0m" 500 -
Traceback (most recent call last):
  File "C:\Users\susan.farago\anaconda3\envs\project_2\lib\site-packages\flask\app.py", line 2464, in __call__
    return self.wsgi_app(environ, start_response)
  File "C:\Users\susan.farago\anaconda3\envs\project_2\lib\site-packages\flask\app.py", line 2450, in wsgi_app
    response = self.handle_exception(e)
  File "C:\Users\susan.farago\anaconda3\envs\project_2\lib\site-packages\flask\app.py", line 1867, in handle_exception
    reraise(exc_type, exc_value, tb)
  File "C:\Users\susan.farago\anaconda3\envs\project_2\lib\site-packages\flask\_compat.py", line 39, in reraise
    raise value
  File "C:\Users\susan.farago\anaconda3\envs\project_2\lib\site-packages\flask\app.py", line 2447, in wsgi_app
    response = self.full_dispatch_request()
  File "C:\Users\susan.farago\anaconda3\envs\project_2\lib\site-packages\flask\app.py", line 1952, in full_dispatch_request
    rv = self.handle_user_exception(e)
  File "C:\Users\susan.farago\anaconda3\envs\project_2\lib\site-packages\flask\app.py", line 1821, in handle_user_exception
    reraise(exc_type, exc_value, tb)
  File "C:\Users\susan.farago\anaconda3\envs\project_2\lib\site-packages\flask\_compat.py", line 39, in reraise
    raise value
  File "C:\Users\susan.farago\anaconda3\envs\project_2\lib\site-packages\flask\app.py", line 1950, in full_dispatch_request
    rv = self.dispatch_request()
  File "C:\Users\susan.farago\anaconda3\envs\project_2\lib\site-packages\flask\app.py", line 1936, in dispatch_request
    return self.view_functions[rule.endpoint](**req.view_args)
  File "C:\Users\susan.farago\PythonHome\project-2\app.py", line 113, in nps_gsdnp
    results = session.query(NPS_Summary.Park,NPS_Summary.Year,NPS_Summary.Month, NPS_Summary.Recreation_Visitors,NPS_Summary.Tent_Campers,NPS_Summary.RV_Campers )\
NameError: name 'NPS_Summary' is not defined
Traceback (most recent call last):
  File "C:\Users\susan.farago\anaconda3\envs\project_2\lib\site-packages\flask\app.py", line 2464, in __call__
    return self.wsgi_app(environ, start_response)
  File "C:\Users\susan.farago\anaconda3\envs\project_2\lib\site-packages\flask\app.py", line 2450, in wsgi_app
    response = self.handle_exception(e)
  File "C:\Users\susan.farago\anaconda3\envs\project_2\lib\site-packages\flask\app.py", line 1867, in handle_exception
    reraise(exc_type, exc_value, tb)
  File "C:\Users\susan.farago\anaconda3\envs\project_2\lib\site-packages\flask\_compat.py", line 39, in reraise
    raise value
  File "C:\Users\susan.farago\anaconda3\envs\project_2\lib\site-packages\flask\app.py", line 2447, in wsgi_app
    response = self.full_dispatch_request()
  File "C:\Users\susan.farago\anaconda3\envs\project_2\lib\site-packages\flask\app.py", line 1952, in full_dispatch_request
    rv = self.handle_user_exception(e)
  File "C:\Users\susan.farago\anaconda3\envs\project_2\lib\site-packages\flask\app.py", line 1821, in handle_user_exception
    reraise(exc_type, exc_value, tb)
  File "C:\Users\susan.farago\anaconda3\envs\project_2\lib\site-packages\flask\_compat.py", line 39, in reraise
    raise value
  File "C:\Users\susan.farago\anaconda3\envs\project_2\lib\site-packages\flask\app.py", line 1950, in full_dispatch_request
    rv = self.dispatch_request()
  File "C:\Users\susan.farago\anaconda3\envs\project_2\lib\site-packages\flask\app.py", line 1936, in dispatch_request
    return self.view_functions[rule.endpoint](**req.view_args)
  File "C:\Users\susan.farago\PythonHome\project-2\app.py", line 163, in facility_geocode
    results = session.query(Geo_Info).all()
NameError: name 'Geo_Info' is not defined
127.0.0.1 - - [22/Apr/2021 08:52:12] "←[35m←[1mGET /api/v1.0/nps_mvnp HTTP/1.1←[0m" 500 -
Traceback (most recent call last):
  File "C:\Users\susan.farago\anaconda3\envs\project_2\lib\site-packages\flask\app.py", line 2464, in __call__
    return self.wsgi_app(environ, start_response)
  File "C:\Users\susan.farago\anaconda3\envs\project_2\lib\site-packages\flask\app.py", line 2450, in wsgi_app
    response = self.handle_exception(e)
  File "C:\Users\susan.farago\anaconda3\envs\project_2\lib\site-packages\flask\app.py", line 1867, in handle_exception
    reraise(exc_type, exc_value, tb)
  File "C:\Users\susan.farago\anaconda3\envs\project_2\lib\site-packages\flask\_compat.py", line 39, in reraise
    raise value
  File "C:\Users\susan.farago\anaconda3\envs\project_2\lib\site-packages\flask\app.py", line 2447, in wsgi_app
    response = self.full_dispatch_request()
  File "C:\Users\susan.farago\anaconda3\envs\project_2\lib\site-packages\flask\app.py", line 1952, in full_dispatch_request
    rv = self.handle_user_exception(e)
  File "C:\Users\susan.farago\anaconda3\envs\project_2\lib\site-packages\flask\app.py", line 1821, in handle_user_exception
    reraise(exc_type, exc_value, tb)
  File "C:\Users\susan.farago\anaconda3\envs\project_2\lib\site-packages\flask\_compat.py", line 39, in reraise
    raise value
  File "C:\Users\susan.farago\anaconda3\envs\project_2\lib\site-packages\flask\app.py", line 1950, in full_dispatch_request
    rv = self.dispatch_request()
  File "C:\Users\susan.farago\anaconda3\envs\project_2\lib\site-packages\flask\app.py", line 1936, in dispatch_request
    return self.view_functions[rule.endpoint](**req.view_args)
  File "C:\Users\susan.farago\PythonHome\project-2\app.py", line 88, in nps_mvnp
    results = session.query(NPS_Summary.Park,NPS_Summary.Year,NPS_Summary.Month, NPS_Summary.Recreation_Visitors,NPS_Summary.Tent_Campers,NPS_Summary.RV_Campers )\
NameError: name 'NPS_Summary' is not defined
127.0.0.1 - - [22/Apr/2021 08:52:12] "←[35m←[1mGET /api/v1.0/nps_rmnp HTTP/1.1←[0m" 500 -
127.0.0.1 - - [22/Apr/2021 08:52:12] "←[35m←[1mGET /api/v1.0/nps_bcnp HTTP/1.1←[0m" 500 -
Traceback (most recent call last):
  File "C:\Users\susan.farago\anaconda3\envs\project_2\lib\site-packages\flask\app.py", line 2464, in __call__
    return self.wsgi_app(environ, start_response)
  File "C:\Users\susan.farago\anaconda3\envs\project_2\lib\site-packages\flask\app.py", line 2450, in wsgi_app
    response = self.handle_exception(e)
  File "C:\Users\susan.farago\anaconda3\envs\project_2\lib\site-packages\flask\app.py", line 1867, in handle_exception
    reraise(exc_type, exc_value, tb)
  File "C:\Users\susan.farago\anaconda3\envs\project_2\lib\site-packages\flask\_compat.py", line 39, in reraise
    raise value
  File "C:\Users\susan.farago\anaconda3\envs\project_2\lib\site-packages\flask\app.py", line 2447, in wsgi_app
    response = self.full_dispatch_request()
  File "C:\Users\susan.farago\anaconda3\envs\project_2\lib\site-packages\flask\app.py", line 1952, in full_dispatch_request
    rv = self.handle_user_exception(e)
  File "C:\Users\susan.farago\anaconda3\envs\project_2\lib\site-packages\flask\app.py", line 1821, in handle_user_exception
    reraise(exc_type, exc_value, tb)
  File "C:\Users\susan.farago\anaconda3\envs\project_2\lib\site-packages\flask\_compat.py", line 39, in reraise
    raise value
  File "C:\Users\susan.farago\anaconda3\envs\project_2\lib\site-packages\flask\app.py", line 1950, in full_dispatch_request
    rv = self.dispatch_request()
  File "C:\Users\susan.farago\anaconda3\envs\project_2\lib\site-packages\flask\app.py", line 1936, in dispatch_request
    return self.view_functions[rule.endpoint](**req.view_args)
  File "C:\Users\susan.farago\PythonHome\project-2\app.py", line 63, in nps_rmnp
    results = session.query(NPS_Summary.Park,NPS_Summary.Year,NPS_Summary.Month, NPS_Summary.Recreation_Visitors,NPS_Summary.Tent_Campers,NPS_Summary.RV_Campers )\
NameError: name 'NPS_Summary' is not defined
127.0.0.1 - - [22/Apr/2021 08:52:12] "←[35m←[1mGET /api/v1.0/nps_gsdnp HTTP/1.1←[0m" 500 -
Traceback (most recent call last):
  File "C:\Users\susan.farago\anaconda3\envs\project_2\lib\site-packages\flask\app.py", line 2464, in __call__
    return self.wsgi_app(environ, start_response)
  File "C:\Users\susan.farago\anaconda3\envs\project_2\lib\site-packages\flask\app.py", line 2450, in wsgi_app
    response = self.handle_exception(e)
  File "C:\Users\susan.farago\anaconda3\envs\project_2\lib\site-packages\flask\app.py", line 1867, in handle_exception
    reraise(exc_type, exc_value, tb)
  File "C:\Users\susan.farago\anaconda3\envs\project_2\lib\site-packages\flask\_compat.py", line 39, in reraise
    raise value
  File "C:\Users\susan.farago\anaconda3\envs\project_2\lib\site-packages\flask\app.py", line 2447, in wsgi_app
    response = self.full_dispatch_request()
  File "C:\Users\susan.farago\anaconda3\envs\project_2\lib\site-packages\flask\app.py", line 1952, in full_dispatch_request
    rv = self.handle_user_exception(e)
  File "C:\Users\susan.farago\anaconda3\envs\project_2\lib\site-packages\flask\app.py", line 1821, in handle_user_exception
    reraise(exc_type, exc_value, tb)
  File "C:\Users\susan.farago\anaconda3\envs\project_2\lib\site-packages\flask\_compat.py", line 39, in reraise
    raise value
  File "C:\Users\susan.farago\anaconda3\envs\project_2\lib\site-packages\flask\app.py", line 1950, in full_dispatch_request
    rv = self.dispatch_request()
  File "C:\Users\susan.farago\anaconda3\envs\project_2\lib\site-packages\flask\app.py", line 1936, in dispatch_request
    return self.view_functions[rule.endpoint](**req.view_args)
  File "C:\Users\susan.farago\PythonHome\project-2\app.py", line 138, in nps_bcnp
    results = session.query(NPS_Summary.Park,NPS_Summary.Year,NPS_Summary.Month, NPS_Summary.Recreation_Visitors,NPS_Summary.Tent_Campers,NPS_Summary.RV_Campers )\
NameError: name 'NPS_Summary' is not defined
Traceback (most recent call last):
  File "C:\Users\susan.farago\anaconda3\envs\project_2\lib\site-packages\flask\app.py", line 2464, in __call__
    return self.wsgi_app(environ, start_response)
  File "C:\Users\susan.farago\anaconda3\envs\project_2\lib\site-packages\flask\app.py", line 2450, in wsgi_app
    response = self.handle_exception(e)
  File "C:\Users\susan.farago\anaconda3\envs\project_2\lib\site-packages\flask\app.py", line 1867, in handle_exception
    reraise(exc_type, exc_value, tb)
  File "C:\Users\susan.farago\anaconda3\envs\project_2\lib\site-packages\flask\_compat.py", line 39, in reraise
    raise value
  File "C:\Users\susan.farago\anaconda3\envs\project_2\lib\site-packages\flask\app.py", line 2447, in wsgi_app
    response = self.full_dispatch_request()
  File "C:\Users\susan.farago\anaconda3\envs\project_2\lib\site-packages\flask\app.py", line 1952, in full_dispatch_request
    rv = self.handle_user_exception(e)
  File "C:\Users\susan.farago\anaconda3\envs\project_2\lib\site-packages\flask\app.py", line 1821, in handle_user_exception
    reraise(exc_type, exc_value, tb)
  File "C:\Users\susan.farago\anaconda3\envs\project_2\lib\site-packages\flask\_compat.py", line 39, in reraise
    raise value
  File "C:\Users\susan.farago\anaconda3\envs\project_2\lib\site-packages\flask\app.py", line 1950, in full_dispatch_request
    rv = self.dispatch_request()
  File "C:\Users\susan.farago\anaconda3\envs\project_2\lib\site-packages\flask\app.py", line 1936, in dispatch_request
    return self.view_functions[rule.endpoint](**req.view_args)
  File "C:\Users\susan.farago\PythonHome\project-2\app.py", line 113, in nps_gsdnp
    results = session.query(NPS_Summary.Park,NPS_Summary.Year,NPS_Summary.Month, NPS_Summary.Recreation_Visitors,NPS_Summary.Tent_Campers,NPS_Summary.RV_Campers )\
NameError: name 'NPS_Summary' is not defined
127.0.0.1 - - [22/Apr/2021 08:52:12] "←[35m←[1mGET /api/v1.0/geocode HTTP/1.1←[0m" 500 -
Traceback (most recent call last):
  File "C:\Users\susan.farago\anaconda3\envs\project_2\lib\site-packages\flask\app.py", line 2464, in __call__
    return self.wsgi_app(environ, start_response)
  File "C:\Users\susan.farago\anaconda3\envs\project_2\lib\site-packages\flask\app.py", line 2450, in wsgi_app
    response = self.handle_exception(e)
  File "C:\Users\susan.farago\anaconda3\envs\project_2\lib\site-packages\flask\app.py", line 1867, in handle_exception
    reraise(exc_type, exc_value, tb)
  File "C:\Users\susan.farago\anaconda3\envs\project_2\lib\site-packages\flask\_compat.py", line 39, in reraise
    raise value
  File "C:\Users\susan.farago\anaconda3\envs\project_2\lib\site-packages\flask\app.py", line 2447, in wsgi_app
    response = self.full_dispatch_request()
  File "C:\Users\susan.farago\anaconda3\envs\project_2\lib\site-packages\flask\app.py", line 1952, in full_dispatch_request
    rv = self.handle_user_exception(e)
  File "C:\Users\susan.farago\anaconda3\envs\project_2\lib\site-packages\flask\app.py", line 1821, in handle_user_exception
    reraise(exc_type, exc_value, tb)
  File "C:\Users\susan.farago\anaconda3\envs\project_2\lib\site-packages\flask\_compat.py", line 39, in reraise
    raise value
  File "C:\Users\susan.farago\anaconda3\envs\project_2\lib\site-packages\flask\app.py", line 1950, in full_dispatch_request
    rv = self.dispatch_request()
  File "C:\Users\susan.farago\anaconda3\envs\project_2\lib\site-packages\flask\app.py", line 1936, in dispatch_request
    return self.view_functions[rule.endpoint](**req.view_args)
  File "C:\Users\susan.farago\PythonHome\project-2\app.py", line 163, in facility_geocode
    results = session.query(Geo_Info).all()
NameError: name 'Geo_Info' is not defined
127.0.0.1 - - [22/Apr/2021 08:52:20] "←[35m←[1mGET /api/v1.0/nps_rmnp HTTP/1.1←[0m" 500 -
Traceback (most recent call last):
  File "C:\Users\susan.farago\anaconda3\envs\project_2\lib\site-packages\flask\app.py", line 2464, in __call__
    return self.wsgi_app(environ, start_response)
  File "C:\Users\susan.farago\anaconda3\envs\project_2\lib\site-packages\flask\app.py", line 2450, in wsgi_app
    response = self.handle_exception(e)
  File "C:\Users\susan.farago\anaconda3\envs\project_2\lib\site-packages\flask\app.py", line 1867, in handle_exception
    reraise(exc_type, exc_value, tb)
  File "C:\Users\susan.farago\anaconda3\envs\project_2\lib\site-packages\flask\_compat.py", line 39, in reraise
    raise value
  File "C:\Users\susan.farago\anaconda3\envs\project_2\lib\site-packages\flask\app.py", line 2447, in wsgi_app
    response = self.full_dispatch_request()
  File "C:\Users\susan.farago\anaconda3\envs\project_2\lib\site-packages\flask\app.py", line 1952, in full_dispatch_request
    rv = self.handle_user_exception(e)
  File "C:\Users\susan.farago\anaconda3\envs\project_2\lib\site-packages\flask\app.py", line 1821, in handle_user_exception
    reraise(exc_type, exc_value, tb)
  File "C:\Users\susan.farago\anaconda3\envs\project_2\lib\site-packages\flask\_compat.py", line 39, in reraise
    raise value
  File "C:\Users\susan.farago\anaconda3\envs\project_2\lib\site-packages\flask\app.py", line 1950, in full_dispatch_request
    rv = self.dispatch_request()
  File "C:\Users\susan.farago\anaconda3\envs\project_2\lib\site-packages\flask\app.py", line 1936, in dispatch_request
    return self.view_functions[rule.endpoint](**req.view_args)
  File "C:\Users\susan.farago\PythonHome\project-2\app.py", line 63, in nps_rmnp
    results = session.query(NPS_Summary.Park,NPS_Summary.Year,NPS_Summary.Month, NPS_Summary.Recreation_Visitors,NPS_Summary.Tent_Campers,NPS_Summary.RV_Campers )\
NameError: name 'NPS_Summary' is not defined
127.0.0.1 - - [22/Apr/2021 08:52:20] "←[35m←[1mGET /api/v1.0/nps_mvnp HTTP/1.1←[0m" 500 -
127.0.0.1 - - [22/Apr/2021 08:52:20] "←[35m←[1mGET /api/v1.0/nps_gsdnp HTTP/1.1←[0m" 500 -
Traceback (most recent call last):
  File "C:\Users\susan.farago\anaconda3\envs\project_2\lib\site-packages\flask\app.py", line 2464, in __call__
    return self.wsgi_app(environ, start_response)
  File "C:\Users\susan.farago\anaconda3\envs\project_2\lib\site-packages\flask\app.py", line 2450, in wsgi_app
    response = self.handle_exception(e)
  File "C:\Users\susan.farago\anaconda3\envs\project_2\lib\site-packages\flask\app.py", line 1867, in handle_exception
    reraise(exc_type, exc_value, tb)
  File "C:\Users\susan.farago\anaconda3\envs\project_2\lib\site-packages\flask\_compat.py", line 39, in reraise
    raise value
  File "C:\Users\susan.farago\anaconda3\envs\project_2\lib\site-packages\flask\app.py", line 2447, in wsgi_app
    response = self.full_dispatch_request()
  File "C:\Users\susan.farago\anaconda3\envs\project_2\lib\site-packages\flask\app.py", line 1952, in full_dispatch_request
    rv = self.handle_user_exception(e)
  File "C:\Users\susan.farago\anaconda3\envs\project_2\lib\site-packages\flask\app.py", line 1821, in handle_user_exception
    reraise(exc_type, exc_value, tb)
  File "C:\Users\susan.farago\anaconda3\envs\project_2\lib\site-packages\flask\_compat.py", line 39, in reraise
    raise value
  File "C:\Users\susan.farago\anaconda3\envs\project_2\lib\site-packages\flask\app.py", line 1950, in full_dispatch_request
    rv = self.dispatch_request()
  File "C:\Users\susan.farago\anaconda3\envs\project_2\lib\site-packages\flask\app.py", line 1936, in dispatch_request
    return self.view_functions[rule.endpoint](**req.view_args)
  File "C:\Users\susan.farago\PythonHome\project-2\app.py", line 88, in nps_mvnp
    results = session.query(NPS_Summary.Park,NPS_Summary.Year,NPS_Summary.Month, NPS_Summary.Recreation_Visitors,NPS_Summary.Tent_Campers,NPS_Summary.RV_Campers )\
NameError: name 'NPS_Summary' is not defined
Traceback (most recent call last):
  File "C:\Users\susan.farago\anaconda3\envs\project_2\lib\site-packages\flask\app.py", line 2464, in __call__
    return self.wsgi_app(environ, start_response)
  File "C:\Users\susan.farago\anaconda3\envs\project_2\lib\site-packages\flask\app.py", line 2450, in wsgi_app
    response = self.handle_exception(e)
  File "C:\Users\susan.farago\anaconda3\envs\project_2\lib\site-packages\flask\app.py", line 1867, in handle_exception
    reraise(exc_type, exc_value, tb)
  File "C:\Users\susan.farago\anaconda3\envs\project_2\lib\site-packages\flask\_compat.py", line 39, in reraise
    raise value
  File "C:\Users\susan.farago\anaconda3\envs\project_2\lib\site-packages\flask\app.py", line 2447, in wsgi_app
    response = self.full_dispatch_request()
  File "C:\Users\susan.farago\anaconda3\envs\project_2\lib\site-packages\flask\app.py", line 1952, in full_dispatch_request
    rv = self.handle_user_exception(e)
  File "C:\Users\susan.farago\anaconda3\envs\project_2\lib\site-packages\flask\app.py", line 1821, in handle_user_exception
    reraise(exc_type, exc_value, tb)
  File "C:\Users\susan.farago\anaconda3\envs\project_2\lib\site-packages\flask\_compat.py", line 39, in reraise
    raise value
  File "C:\Users\susan.farago\anaconda3\envs\project_2\lib\site-packages\flask\app.py", line 1950, in full_dispatch_request
    rv = self.dispatch_request()
  File "C:\Users\susan.farago\anaconda3\envs\project_2\lib\site-packages\flask\app.py", line 1936, in dispatch_request
    return self.view_functions[rule.endpoint](**req.view_args)
  File "C:\Users\susan.farago\PythonHome\project-2\app.py", line 113, in nps_gsdnp
    results = session.query(NPS_Summary.Park,NPS_Summary.Year,NPS_Summary.Month, NPS_Summary.Recreation_Visitors,NPS_Summary.Tent_Campers,NPS_Summary.RV_Campers )\
NameError: name 'NPS_Summary' is not defined
127.0.0.1 - - [22/Apr/2021 08:52:20] "←[35m←[1mGET /api/v1.0/nps_bcnp HTTP/1.1←[0m" 500 -
127.0.0.1 - - [22/Apr/2021 08:52:20] "←[35m←[1mGET /api/v1.0/geocode HTTP/1.1←[0m" 500 -
Traceback (most recent call last):
  File "C:\Users\susan.farago\anaconda3\envs\project_2\lib\site-packages\flask\app.py", line 2464, in __call__
    return self.wsgi_app(environ, start_response)
  File "C:\Users\susan.farago\anaconda3\envs\project_2\lib\site-packages\flask\app.py", line 2450, in wsgi_app
    response = self.handle_exception(e)
  File "C:\Users\susan.farago\anaconda3\envs\project_2\lib\site-packages\flask\app.py", line 1867, in handle_exception
    reraise(exc_type, exc_value, tb)
  File "C:\Users\susan.farago\anaconda3\envs\project_2\lib\site-packages\flask\_compat.py", line 39, in reraise
    raise value
  File "C:\Users\susan.farago\anaconda3\envs\project_2\lib\site-packages\flask\app.py", line 2447, in wsgi_app
    response = self.full_dispatch_request()
  File "C:\Users\susan.farago\anaconda3\envs\project_2\lib\site-packages\flask\app.py", line 1952, in full_dispatch_request
    rv = self.handle_user_exception(e)
  File "C:\Users\susan.farago\anaconda3\envs\project_2\lib\site-packages\flask\app.py", line 1821, in handle_user_exception
    reraise(exc_type, exc_value, tb)
  File "C:\Users\susan.farago\anaconda3\envs\project_2\lib\site-packages\flask\_compat.py", line 39, in reraise
    raise value
  File "C:\Users\susan.farago\anaconda3\envs\project_2\lib\site-packages\flask\app.py", line 1950, in full_dispatch_request
    rv = self.dispatch_request()
  File "C:\Users\susan.farago\anaconda3\envs\project_2\lib\site-packages\flask\app.py", line 1936, in dispatch_request
    return self.view_functions[rule.endpoint](**req.view_args)
  File "C:\Users\susan.farago\PythonHome\project-2\app.py", line 138, in nps_bcnp
    results = session.query(NPS_Summary.Park,NPS_Summary.Year,NPS_Summary.Month, NPS_Summary.Recreation_Visitors,NPS_Summary.Tent_Campers,NPS_Summary.RV_Campers )\
NameError: name 'NPS_Summary' is not defined
Traceback (most recent call last):
  File "C:\Users\susan.farago\anaconda3\envs\project_2\lib\site-packages\flask\app.py", line 2464, in __call__
    return self.wsgi_app(environ, start_response)
  File "C:\Users\susan.farago\anaconda3\envs\project_2\lib\site-packages\flask\app.py", line 2450, in wsgi_app
    response = self.handle_exception(e)
  File "C:\Users\susan.farago\anaconda3\envs\project_2\lib\site-packages\flask\app.py", line 1867, in handle_exception
    reraise(exc_type, exc_value, tb)
  File "C:\Users\susan.farago\anaconda3\envs\project_2\lib\site-packages\flask\_compat.py", line 39, in reraise
    raise value
  File "C:\Users\susan.farago\anaconda3\envs\project_2\lib\site-packages\flask\app.py", line 2447, in wsgi_app
    response = self.full_dispatch_request()
  File "C:\Users\susan.farago\anaconda3\envs\project_2\lib\site-packages\flask\app.py", line 1952, in full_dispatch_request
    rv = self.handle_user_exception(e)
  File "C:\Users\susan.farago\anaconda3\envs\project_2\lib\site-packages\flask\app.py", line 1821, in handle_user_exception
    reraise(exc_type, exc_value, tb)
  File "C:\Users\susan.farago\anaconda3\envs\project_2\lib\site-packages\flask\_compat.py", line 39, in reraise
    raise value
  File "C:\Users\susan.farago\anaconda3\envs\project_2\lib\site-packages\flask\app.py", line 1950, in full_dispatch_request
    rv = self.dispatch_request()
  File "C:\Users\susan.farago\anaconda3\envs\project_2\lib\site-packages\flask\app.py", line 1936, in dispatch_request
    return self.view_functions[rule.endpoint](**req.view_args)
  File "C:\Users\susan.farago\PythonHome\project-2\app.py", line 163, in facility_geocode
    results = session.query(Geo_Info).all()
NameError: name 'Geo_Info' is not defined
127.0.0.1 - - [22/Apr/2021 09:11:29] "←[35m←[1mGET /api/v1.0/nps_gsdnp HTTP/1.1←[0m" 500 -
127.0.0.1 - - [22/Apr/2021 09:11:29] "←[35m←[1mGET /api/v1.0/nps_bcnp HTTP/1.1←[0m" 500 -
Traceback (most recent call last):
  File "C:\Users\susan.farago\anaconda3\envs\project_2\lib\site-packages\flask\app.py", line 2464, in __call__
    return self.wsgi_app(environ, start_response)
  File "C:\Users\susan.farago\anaconda3\envs\project_2\lib\site-packages\flask\app.py", line 2450, in wsgi_app
    response = self.handle_exception(e)
  File "C:\Users\susan.farago\anaconda3\envs\project_2\lib\site-packages\flask\app.py", line 1867, in handle_exception
    reraise(exc_type, exc_value, tb)
  File "C:\Users\susan.farago\anaconda3\envs\project_2\lib\site-packages\flask\_compat.py", line 39, in reraise
    raise value
  File "C:\Users\susan.farago\anaconda3\envs\project_2\lib\site-packages\flask\app.py", line 2447, in wsgi_app
    response = self.full_dispatch_request()
  File "C:\Users\susan.farago\anaconda3\envs\project_2\lib\site-packages\flask\app.py", line 1952, in full_dispatch_request
    rv = self.handle_user_exception(e)
  File "C:\Users\susan.farago\anaconda3\envs\project_2\lib\site-packages\flask\app.py", line 1821, in handle_user_exception
    reraise(exc_type, exc_value, tb)
  File "C:\Users\susan.farago\anaconda3\envs\project_2\lib\site-packages\flask\_compat.py", line 39, in reraise
    raise value
  File "C:\Users\susan.farago\anaconda3\envs\project_2\lib\site-packages\flask\app.py", line 1950, in full_dispatch_request
    rv = self.dispatch_request()
  File "C:\Users\susan.farago\anaconda3\envs\project_2\lib\site-packages\flask\app.py", line 1936, in dispatch_request
    return self.view_functions[rule.endpoint](**req.view_args)
  File "C:\Users\susan.farago\PythonHome\project-2\app.py", line 113, in nps_gsdnp
    results = session.query(NPS_Summary.Park,NPS_Summary.Year,NPS_Summary.Month, NPS_Summary.Recreation_Visitors,NPS_Summary.Tent_Campers,NPS_Summary.RV_Campers )\
NameError: name 'NPS_Summary' is not defined
127.0.0.1 - - [22/Apr/2021 09:11:29] "←[35m←[1mGET /api/v1.0/nps_mvnp HTTP/1.1←[0m" 500 -
127.0.0.1 - - [22/Apr/2021 09:11:29] "←[35m←[1mGET /api/v1.0/nps_rmnp HTTP/1.1←[0m" 500 -
Traceback (most recent call last):
  File "C:\Users\susan.farago\anaconda3\envs\project_2\lib\site-packages\flask\app.py", line 2464, in __call__
    return self.wsgi_app(environ, start_response)
  File "C:\Users\susan.farago\anaconda3\envs\project_2\lib\site-packages\flask\app.py", line 2450, in wsgi_app
    response = self.handle_exception(e)
  File "C:\Users\susan.farago\anaconda3\envs\project_2\lib\site-packages\flask\app.py", line 1867, in handle_exception
    reraise(exc_type, exc_value, tb)
  File "C:\Users\susan.farago\anaconda3\envs\project_2\lib\site-packages\flask\_compat.py", line 39, in reraise
    raise value
  File "C:\Users\susan.farago\anaconda3\envs\project_2\lib\site-packages\flask\app.py", line 2447, in wsgi_app
    response = self.full_dispatch_request()
  File "C:\Users\susan.farago\anaconda3\envs\project_2\lib\site-packages\flask\app.py", line 1952, in full_dispatch_request
    rv = self.handle_user_exception(e)
  File "C:\Users\susan.farago\anaconda3\envs\project_2\lib\site-packages\flask\app.py", line 1821, in handle_user_exception
    reraise(exc_type, exc_value, tb)
  File "C:\Users\susan.farago\anaconda3\envs\project_2\lib\site-packages\flask\_compat.py", line 39, in reraise
    raise value
  File "C:\Users\susan.farago\anaconda3\envs\project_2\lib\site-packages\flask\app.py", line 1950, in full_dispatch_request
    rv = self.dispatch_request()
  File "C:\Users\susan.farago\anaconda3\envs\project_2\lib\site-packages\flask\app.py", line 1936, in dispatch_request
    return self.view_functions[rule.endpoint](**req.view_args)
  File "C:\Users\susan.farago\PythonHome\project-2\app.py", line 138, in nps_bcnp
    results = session.query(NPS_Summary.Park,NPS_Summary.Year,NPS_Summary.Month, NPS_Summary.Recreation_Visitors,NPS_Summary.Tent_Campers,NPS_Summary.RV_Campers )\
NameError: name 'NPS_Summary' is not defined
Traceback (most recent call last):
  File "C:\Users\susan.farago\anaconda3\envs\project_2\lib\site-packages\flask\app.py", line 2464, in __call__
    return self.wsgi_app(environ, start_response)
  File "C:\Users\susan.farago\anaconda3\envs\project_2\lib\site-packages\flask\app.py", line 2450, in wsgi_app
    response = self.handle_exception(e)
  File "C:\Users\susan.farago\anaconda3\envs\project_2\lib\site-packages\flask\app.py", line 1867, in handle_exception
    reraise(exc_type, exc_value, tb)
  File "C:\Users\susan.farago\anaconda3\envs\project_2\lib\site-packages\flask\_compat.py", line 39, in reraise
    raise value
  File "C:\Users\susan.farago\anaconda3\envs\project_2\lib\site-packages\flask\app.py", line 2447, in wsgi_app
    response = self.full_dispatch_request()
  File "C:\Users\susan.farago\anaconda3\envs\project_2\lib\site-packages\flask\app.py", line 1952, in full_dispatch_request
    rv = self.handle_user_exception(e)
  File "C:\Users\susan.farago\anaconda3\envs\project_2\lib\site-packages\flask\app.py", line 1821, in handle_user_exception
    reraise(exc_type, exc_value, tb)
  File "C:\Users\susan.farago\anaconda3\envs\project_2\lib\site-packages\flask\_compat.py", line 39, in reraise
    raise value
  File "C:\Users\susan.farago\anaconda3\envs\project_2\lib\site-packages\flask\app.py", line 1950, in full_dispatch_request
    rv = self.dispatch_request()
  File "C:\Users\susan.farago\anaconda3\envs\project_2\lib\site-packages\flask\app.py", line 1936, in dispatch_request
    return self.view_functions[rule.endpoint](**req.view_args)
  File "C:\Users\susan.farago\PythonHome\project-2\app.py", line 88, in nps_mvnp
    results = session.query(NPS_Summary.Park,NPS_Summary.Year,NPS_Summary.Month, NPS_Summary.Recreation_Visitors,NPS_Summary.Tent_Campers,NPS_Summary.RV_Campers )\
NameError: name 'NPS_Summary' is not defined
127.0.0.1 - - [22/Apr/2021 09:11:29] "←[35m←[1mGET /api/v1.0/geocode HTTP/1.1←[0m" 500 -
Traceback (most recent call last):
  File "C:\Users\susan.farago\anaconda3\envs\project_2\lib\site-packages\flask\app.py", line 2464, in __call__
    return self.wsgi_app(environ, start_response)
  File "C:\Users\susan.farago\anaconda3\envs\project_2\lib\site-packages\flask\app.py", line 2450, in wsgi_app
    response = self.handle_exception(e)
  File "C:\Users\susan.farago\anaconda3\envs\project_2\lib\site-packages\flask\app.py", line 1867, in handle_exception
    reraise(exc_type, exc_value, tb)
  File "C:\Users\susan.farago\anaconda3\envs\project_2\lib\site-packages\flask\_compat.py", line 39, in reraise
    raise value
  File "C:\Users\susan.farago\anaconda3\envs\project_2\lib\site-packages\flask\app.py", line 2447, in wsgi_app
    response = self.full_dispatch_request()
  File "C:\Users\susan.farago\anaconda3\envs\project_2\lib\site-packages\flask\app.py", line 1952, in full_dispatch_request
    rv = self.handle_user_exception(e)
  File "C:\Users\susan.farago\anaconda3\envs\project_2\lib\site-packages\flask\app.py", line 1821, in handle_user_exception
    reraise(exc_type, exc_value, tb)
  File "C:\Users\susan.farago\anaconda3\envs\project_2\lib\site-packages\flask\_compat.py", line 39, in reraise
    raise value
  File "C:\Users\susan.farago\anaconda3\envs\project_2\lib\site-packages\flask\app.py", line 1950, in full_dispatch_request
    rv = self.dispatch_request()
  File "C:\Users\susan.farago\anaconda3\envs\project_2\lib\site-packages\flask\app.py", line 1936, in dispatch_request
    return self.view_functions[rule.endpoint](**req.view_args)
  File "C:\Users\susan.farago\PythonHome\project-2\app.py", line 63, in nps_rmnp
    results = session.query(NPS_Summary.Park,NPS_Summary.Year,NPS_Summary.Month, NPS_Summary.Recreation_Visitors,NPS_Summary.Tent_Campers,NPS_Summary.RV_Campers )\
NameError: name 'NPS_Summary' is not defined
Traceback (most recent call last):
  File "C:\Users\susan.farago\anaconda3\envs\project_2\lib\site-packages\flask\app.py", line 2464, in __call__
    return self.wsgi_app(environ, start_response)
  File "C:\Users\susan.farago\anaconda3\envs\project_2\lib\site-packages\flask\app.py", line 2450, in wsgi_app
    response = self.handle_exception(e)
  File "C:\Users\susan.farago\anaconda3\envs\project_2\lib\site-packages\flask\app.py", line 1867, in handle_exception
    reraise(exc_type, exc_value, tb)
  File "C:\Users\susan.farago\anaconda3\envs\project_2\lib\site-packages\flask\_compat.py", line 39, in reraise
    raise value
  File "C:\Users\susan.farago\anaconda3\envs\project_2\lib\site-packages\flask\app.py", line 2447, in wsgi_app
    response = self.full_dispatch_request()
  File "C:\Users\susan.farago\anaconda3\envs\project_2\lib\site-packages\flask\app.py", line 1952, in full_dispatch_request
    rv = self.handle_user_exception(e)
  File "C:\Users\susan.farago\anaconda3\envs\project_2\lib\site-packages\flask\app.py", line 1821, in handle_user_exception
    reraise(exc_type, exc_value, tb)
  File "C:\Users\susan.farago\anaconda3\envs\project_2\lib\site-packages\flask\_compat.py", line 39, in reraise
    raise value
  File "C:\Users\susan.farago\anaconda3\envs\project_2\lib\site-packages\flask\app.py", line 1950, in full_dispatch_request
    rv = self.dispatch_request()
  File "C:\Users\susan.farago\anaconda3\envs\project_2\lib\site-packages\flask\app.py", line 1936, in dispatch_request
    return self.view_functions[rule.endpoint](**req.view_args)
  File "C:\Users\susan.farago\PythonHome\project-2\app.py", line 163, in facility_geocode
    results = session.query(Geo_Info).all()
NameError: name 'Geo_Info' is not defined

























































































































































































































































































































































































































































































































































